#
# There is insufficient memory for the Java Runtime Environment to continue.
# Native memory allocation (malloc) failed to allocate 1997456 bytes for Chunk::new
# Possible reasons:
#   The system is out of physical RAM or swap space
#   The process is running with CompressedOops enabled, and the Java Heap may be blocking the growth of the native heap
# Possible solutions:
#   Reduce memory load on the system
#   Increase physical memory or swap space
#   Check if swap backing store is full
#   Decrease Java heap size (-Xmx/-Xms)
#   Decrease number of Java threads
#   Decrease Java thread stack sizes (-Xss)
#   Set larger code cache with -XX:ReservedCodeCacheSize=
#   JVM is running with Unscaled Compressed Oops mode in which the Java heap is
#     placed in the first 4GB address space. The Java Heap base address is the
#     maximum limit for the native heap growth. Please use -XX:HeapBaseMinAddress
#     to set the Java Heap base and to place the Java Heap above 4GB virtual address.
# This output file may be truncated or incomplete.
#
#  Out of Memory Error (c:/BuildAgent/work/5ff2f6c26000d570/src/hotspot/share/memory/arena.cpp:197), pid=7692, tid=7332
#
# JRE version: OpenJDK Runtime Environment (11.0.5+10) (build 11.0.5+10-b520.30)
# Java VM: OpenJDK 64-Bit Server VM (11.0.5+10-b520.30, mixed mode, sharing, tiered, compressed oops, g1 gc, windows-amd64)
# No core dump will be written. Minidumps are not enabled by default on client versions of Windows
#

---------------  S U M M A R Y ------------

Command Line: -javaagent:C:\Program Files\JetBrains\IntelliJ IDEA Community Edition 2019.3.2\lib\idea_rt.jar=56377:C:\Program Files\JetBrains\IntelliJ IDEA Community Edition 2019.3.2\bin -Dfile.encoding=UTF-8 com.school.webapp.Application

Host: Intel(R) Core(TM)2 Duo CPU     T6570  @ 2.10GHz, 2 cores, 5G,  Windows 10 , 64 bit Build 15063 (10.0.15063.0)
Time: Fri Apr 23 17:13:05 2021 W. Central Africa Standard Time elapsed time: 39 seconds (0d 0h 0m 39s)

---------------  T H R E A D  ---------------

Current thread (0x0000019a6a3d3000):  JavaThread "C2 CompilerThread0" daemon [_thread_in_native, id=7332, stack(0x00000007f6100000,0x00000007f6200000)]


Current CompileTask:
C2:  39976 4904       4       org.springframework.beans.factory.support.AbstractBeanFactory::isTypeMatch (607 bytes)

Stack: [0x00000007f6100000,0x00000007f6200000]
Native frames: (J=compiled Java code, j=interpreted, Vv=VM code, C=native code)
V  [jvm.dll+0x5dcafa]
V  [jvm.dll+0x70e375]
V  [jvm.dll+0x70f898]
V  [jvm.dll+0x70ff63]
V  [jvm.dll+0x23e238]
V  [jvm.dll+0xb8a9c]
V  [jvm.dll+0xb8fac]
V  [jvm.dll+0x34fc9d]
V  [jvm.dll+0x31d9d3]
V  [jvm.dll+0x31cf6a]
V  [jvm.dll+0x1f78c2]
V  [jvm.dll+0x1f6a94]
V  [jvm.dll+0x17f6fc]
V  [jvm.dll+0x204f77]
V  [jvm.dll+0x2037f1]
V  [jvm.dll+0x6d835f]
V  [jvm.dll+0x6d114d]
V  [jvm.dll+0x5dbdd6]
C  [ucrtbase.dll+0x20369]
C  [KERNEL32.DLL+0x12774]
C  [ntdll.dll+0x70d61]


---------------  P R O C E S S  ---------------

Threads class SMR info:
_java_thread_list=0x0000019a6dffb300, length=16, elements={
0x0000019a51aa6000, 0x0000019a6a3b3000, 0x0000019a6a3b4000, 0x0000019a6a3cf800,
0x0000019a6a3d0800, 0x0000019a6a3d3000, 0x0000019a6a3d8000, 0x0000019a6a452800,
0x0000019a6adf6800, 0x0000019a6b424000, 0x0000019a6b424800, 0x0000019a6daa0800,
0x0000019a6bf39800, 0x0000019a6e863800, 0x0000019a6e012000, 0x0000019a6dfdb000
}

Java Threads: ( => current thread )
  0x0000019a51aa6000 JavaThread "main" [_thread_in_vm, id=9572, stack(0x00000007f5500000,0x00000007f5600000)]
  0x0000019a6a3b3000 JavaThread "Reference Handler" daemon [_thread_blocked, id=7784, stack(0x00000007f5c00000,0x00000007f5d00000)]
  0x0000019a6a3b4000 JavaThread "Finalizer" daemon [_thread_blocked, id=5496, stack(0x00000007f5d00000,0x00000007f5e00000)]
  0x0000019a6a3cf800 JavaThread "Signal Dispatcher" daemon [_thread_blocked, id=8264, stack(0x00000007f5f00000,0x00000007f6000000)]
  0x0000019a6a3d0800 JavaThread "Attach Listener" daemon [_thread_blocked, id=408, stack(0x00000007f6000000,0x00000007f6100000)]
=>0x0000019a6a3d3000 JavaThread "C2 CompilerThread0" daemon [_thread_in_native, id=7332, stack(0x00000007f6100000,0x00000007f6200000)]
  0x0000019a6a3d8000 JavaThread "C1 CompilerThread0" daemon [_thread_blocked, id=5556, stack(0x00000007f6200000,0x00000007f6300000)]
  0x0000019a6a452800 JavaThread "Sweeper thread" daemon [_thread_blocked, id=5488, stack(0x00000007f6300000,0x00000007f6400000)]
  0x0000019a6adf6800 JavaThread "Common-Cleaner" daemon [_thread_blocked, id=1504, stack(0x00000007f6400000,0x00000007f6500000)]
  0x0000019a6b424000 JavaThread "Monitor Ctrl-Break" daemon [_thread_in_native, id=9988, stack(0x00000007f6600000,0x00000007f6700000)]
  0x0000019a6b424800 JavaThread "Service Thread" daemon [_thread_blocked, id=4392, stack(0x00000007f6700000,0x00000007f6800000)]
  0x0000019a6daa0800 JavaThread "mysql-cj-abandoned-connection-cleanup" daemon [_thread_blocked, id=8176, stack(0x00000007f6b00000,0x00000007f6c00000)]
  0x0000019a6bf39800 JavaThread "HikariPool-1 housekeeper" daemon [_thread_blocked, id=5632, stack(0x00000007f6d00000,0x00000007f6e00000)]
  0x0000019a6e863800 JavaThread "Catalina-utility-1" [_thread_blocked, id=7512, stack(0x00000007f6f00000,0x00000007f7000000)]
  0x0000019a6e012000 JavaThread "Catalina-utility-2" [_thread_blocked, id=7972, stack(0x00000007f7000000,0x00000007f7100000)]
  0x0000019a6dfdb000 JavaThread "container-0" [_thread_blocked, id=7652, stack(0x00000007f7100000,0x00000007f7200000)]

Other Threads:
  0x0000019a6a3ae800 VMThread "VM Thread" [stack: 0x00000007f5b00000,0x00000007f5c00000] [id=2940]
  0x0000019a6b434800 WatcherThread [stack: 0x00000007f6800000,0x00000007f6900000] [id=6040]
  0x0000019a51abd800 GCTaskThread "GC Thread#0" [stack: 0x00000007f5600000,0x00000007f5700000] [id=8028]
  0x0000019a6b028800 GCTaskThread "GC Thread#1" [stack: 0x00000007f6500000,0x00000007f6600000] [id=1728]
  0x0000019a51ae2800 ConcurrentGCThread "G1 Main Marker" [stack: 0x00000007f5700000,0x00000007f5800000] [id=1272]
  0x0000019a51ae4000 ConcurrentGCThread "G1 Conc#0" [stack: 0x00000007f5800000,0x00000007f5900000] [id=7520]
  0x0000019a51b4d800 ConcurrentGCThread "G1 Refine#0" [stack: 0x00000007f5900000,0x00000007f5a00000] [id=2640]
  0x0000019a51b4e800 ConcurrentGCThread "G1 Young RemSet Sampling" [stack: 0x00000007f5a00000,0x00000007f5b00000] [id=8980]

Threads with active compile tasks:
C2 CompilerThread0  40055 4904       4       org.springframework.beans.factory.support.AbstractBeanFactory::isTypeMatch (607 bytes)

VM state:not at safepoint (normal execution)

VM Mutex/Monitor currently owned by a thread: None

Heap address: 0x00000000a2000000, size: 1504 MB, Compressed Oops mode: 32-bit
Narrow klass base: 0x0000000800000000, Narrow klass shift: 3
Compressed class space size: 1073741824 Address: 0x0000000840000000

Heap:
 garbage-first heap   total 96256K, used 47064K [0x00000000a2000000, 0x0000000100000000)
  region size 1024K, 26 young (26624K), 2 survivors (2048K)
 Metaspace       used 50500K, capacity 51780K, committed 51920K, reserved 1093632K
  class space    used 6749K, capacity 7282K, committed 7296K, reserved 1048576K
Heap Regions: E=young(eden), S=young(survivor), O=old, HS=humongous(starts), HC=humongous(continues), CS=collection set, F=free, A=archive, TAMS=top-at-mark-start (previous, next)
|   0|0x00000000a2000000, 0x00000000a2100000, 0x00000000a2100000|100%|HS|  |TAMS 0x00000000a2100000, 0x00000000a2000000| Complete 
|   1|0x00000000a2100000, 0x00000000a2200000, 0x00000000a2200000|100%| O|  |TAMS 0x00000000a2200000, 0x00000000a2100000| Untracked 
|   2|0x00000000a2200000, 0x00000000a2300000, 0x00000000a2300000|100%| O|  |TAMS 0x00000000a2300000, 0x00000000a2200000| Untracked 
|   3|0x00000000a2300000, 0x00000000a2400000, 0x00000000a2400000|100%| O|  |TAMS 0x00000000a2400000, 0x00000000a2300000| Untracked 
|   4|0x00000000a2400000, 0x00000000a2500000, 0x00000000a2500000|100%| O|  |TAMS 0x00000000a2500000, 0x00000000a2400000| Untracked 
|   5|0x00000000a2500000, 0x00000000a2600000, 0x00000000a2600000|100%| O|  |TAMS 0x00000000a2600000, 0x00000000a2500000| Untracked 
|   6|0x00000000a2600000, 0x00000000a2700000, 0x00000000a2700000|100%| O|  |TAMS 0x00000000a2700000, 0x00000000a2600000| Untracked 
|   7|0x00000000a2700000, 0x00000000a2800000, 0x00000000a2800000|100%| O|  |TAMS 0x00000000a2800000, 0x00000000a2700000| Untracked 
|   8|0x00000000a2800000, 0x00000000a2900000, 0x00000000a2900000|100%| O|  |TAMS 0x00000000a2900000, 0x00000000a2800000| Untracked 
|   9|0x00000000a2900000, 0x00000000a2a00000, 0x00000000a2a00000|100%| O|  |TAMS 0x00000000a2a00000, 0x00000000a2900000| Untracked 
|  10|0x00000000a2a00000, 0x00000000a2b00000, 0x00000000a2b00000|100%| O|  |TAMS 0x00000000a2b00000, 0x00000000a2a00000| Untracked 
|  11|0x00000000a2b00000, 0x00000000a2c00000, 0x00000000a2c00000|100%| O|  |TAMS 0x00000000a2c00000, 0x00000000a2b00000| Untracked 
|  12|0x00000000a2c00000, 0x00000000a2d00000, 0x00000000a2d00000|100%| O|  |TAMS 0x00000000a2d00000, 0x00000000a2c00000| Untracked 
|  13|0x00000000a2d00000, 0x00000000a2e00000, 0x00000000a2e00000|100%| O|  |TAMS 0x00000000a2e00000, 0x00000000a2d00000| Untracked 
|  14|0x00000000a2e00000, 0x00000000a2f00000, 0x00000000a2f00000|100%| O|  |TAMS 0x00000000a2f00000, 0x00000000a2e00000| Untracked 
|  15|0x00000000a2f00000, 0x00000000a3000000, 0x00000000a3000000|100%| O|  |TAMS 0x00000000a2f85200, 0x00000000a2f00000| Untracked 
|  16|0x00000000a3000000, 0x00000000a3100000, 0x00000000a3100000|100%| O|  |TAMS 0x00000000a3000000, 0x00000000a3000000| Untracked 
|  17|0x00000000a3100000, 0x00000000a3200000, 0x00000000a3200000|100%| O|  |TAMS 0x00000000a3100000, 0x00000000a3100000| Untracked 
|  18|0x00000000a3200000, 0x00000000a3300000, 0x00000000a3300000|100%| O|  |TAMS 0x00000000a3200000, 0x00000000a3200000| Untracked 
|  19|0x00000000a3300000, 0x00000000a3400000, 0x00000000a3400000|100%| O|  |TAMS 0x00000000a3300000, 0x00000000a3300000| Untracked 
|  20|0x00000000a3400000, 0x00000000a3500000, 0x00000000a3500000|100%| O|  |TAMS 0x00000000a3400000, 0x00000000a3400000| Untracked 
|  21|0x00000000a3500000, 0x00000000a358cc00, 0x00000000a3600000| 54%| O|  |TAMS 0x00000000a3500000, 0x00000000a3500000| Untracked 
|  22|0x00000000a3600000, 0x00000000a3600000, 0x00000000a3700000|  0%| F|  |TAMS 0x00000000a3600000, 0x00000000a3600000| Untracked 
|  23|0x00000000a3700000, 0x00000000a3700000, 0x00000000a3800000|  0%| F|  |TAMS 0x00000000a3700000, 0x00000000a3700000| Untracked 
|  24|0x00000000a3800000, 0x00000000a3800000, 0x00000000a3900000|  0%| F|  |TAMS 0x00000000a3800000, 0x00000000a3800000| Untracked 
|  25|0x00000000a3900000, 0x00000000a3900000, 0x00000000a3a00000|  0%| F|  |TAMS 0x00000000a3900000, 0x00000000a3900000| Untracked 
|  26|0x00000000a3a00000, 0x00000000a3a00000, 0x00000000a3b00000|  0%| F|  |TAMS 0x00000000a3a00000, 0x00000000a3a00000| Untracked 
|  27|0x00000000a3b00000, 0x00000000a3b00000, 0x00000000a3c00000|  0%| F|  |TAMS 0x00000000a3b00000, 0x00000000a3b00000| Untracked 
|  28|0x00000000a3c00000, 0x00000000a3c00000, 0x00000000a3d00000|  0%| F|  |TAMS 0x00000000a3c00000, 0x00000000a3c00000| Untracked 
|  29|0x00000000a3d00000, 0x00000000a3d00000, 0x00000000a3e00000|  0%| F|  |TAMS 0x00000000a3d00000, 0x00000000a3d00000| Untracked 
|  30|0x00000000a3e00000, 0x00000000a3e00000, 0x00000000a3f00000|  0%| F|  |TAMS 0x00000000a3e00000, 0x00000000a3e00000| Untracked 
|  31|0x00000000a3f00000, 0x00000000a3f00000, 0x00000000a4000000|  0%| F|  |TAMS 0x00000000a3f00000, 0x00000000a3f00000| Untracked 
|  32|0x00000000a4000000, 0x00000000a4000000, 0x00000000a4100000|  0%| F|  |TAMS 0x00000000a4000000, 0x00000000a4000000| Untracked 
|  33|0x00000000a4100000, 0x00000000a4100000, 0x00000000a4200000|  0%| F|  |TAMS 0x00000000a4100000, 0x00000000a4100000| Untracked 
|  34|0x00000000a4200000, 0x00000000a4200000, 0x00000000a4300000|  0%| F|  |TAMS 0x00000000a4200000, 0x00000000a4200000| Untracked 
|  35|0x00000000a4300000, 0x00000000a4300000, 0x00000000a4400000|  0%| F|  |TAMS 0x00000000a4300000, 0x00000000a4300000| Untracked 
|  36|0x00000000a4400000, 0x00000000a4400000, 0x00000000a4500000|  0%| F|  |TAMS 0x00000000a4400000, 0x00000000a4400000| Untracked 
|  37|0x00000000a4500000, 0x00000000a4500000, 0x00000000a4600000|  0%| F|  |TAMS 0x00000000a4500000, 0x00000000a4500000| Untracked 
|  38|0x00000000a4600000, 0x00000000a4600000, 0x00000000a4700000|  0%| F|  |TAMS 0x00000000a4600000, 0x00000000a4600000| Untracked 
|  39|0x00000000a4700000, 0x00000000a4700000, 0x00000000a4800000|  0%| F|  |TAMS 0x00000000a4700000, 0x00000000a4700000| Untracked 
|  40|0x00000000a4800000, 0x00000000a4800000, 0x00000000a4900000|  0%| F|  |TAMS 0x00000000a4800000, 0x00000000a4800000| Untracked 
|  41|0x00000000a4900000, 0x00000000a4900000, 0x00000000a4a00000|  0%| F|  |TAMS 0x00000000a4900000, 0x00000000a4900000| Untracked 
|  42|0x00000000a4a00000, 0x00000000a4a00000, 0x00000000a4b00000|  0%| F|  |TAMS 0x00000000a4a00000, 0x00000000a4a00000| Untracked 
|  43|0x00000000a4b00000, 0x00000000a4b00000, 0x00000000a4c00000|  0%| F|  |TAMS 0x00000000a4b00000, 0x00000000a4b00000| Untracked 
|  44|0x00000000a4c00000, 0x00000000a4c00000, 0x00000000a4d00000|  0%| F|  |TAMS 0x00000000a4c00000, 0x00000000a4c00000| Untracked 
|  45|0x00000000a4d00000, 0x00000000a4d00000, 0x00000000a4e00000|  0%| F|  |TAMS 0x00000000a4d00000, 0x00000000a4d00000| Untracked 
|  46|0x00000000a4e00000, 0x00000000a4e00000, 0x00000000a4f00000|  0%| F|  |TAMS 0x00000000a4e00000, 0x00000000a4e00000| Untracked 
|  47|0x00000000a4f00000, 0x00000000a4f00000, 0x00000000a5000000|  0%| F|  |TAMS 0x00000000a4f00000, 0x00000000a4f00000| Untracked 
|  48|0x00000000a5000000, 0x00000000a5000000, 0x00000000a5100000|  0%| F|  |TAMS 0x00000000a5000000, 0x00000000a5000000| Untracked 
|  49|0x00000000a5100000, 0x00000000a5100000, 0x00000000a5200000|  0%| F|  |TAMS 0x00000000a5100000, 0x00000000a5100000| Untracked 
|  50|0x00000000a5200000, 0x00000000a5200000, 0x00000000a5300000|  0%| F|  |TAMS 0x00000000a5200000, 0x00000000a5200000| Untracked 
|  51|0x00000000a5300000, 0x00000000a5300000, 0x00000000a5400000|  0%| F|  |TAMS 0x00000000a5300000, 0x00000000a5300000| Untracked 
|  52|0x00000000a5400000, 0x00000000a5400000, 0x00000000a5500000|  0%| F|  |TAMS 0x00000000a5400000, 0x00000000a5400000| Untracked 
|  53|0x00000000a5500000, 0x00000000a5500000, 0x00000000a5600000|  0%| F|  |TAMS 0x00000000a5500000, 0x00000000a5500000| Untracked 
|  54|0x00000000a5600000, 0x00000000a5600000, 0x00000000a5700000|  0%| F|  |TAMS 0x00000000a5600000, 0x00000000a5600000| Untracked 
|  55|0x00000000a5700000, 0x00000000a57695d0, 0x00000000a5800000| 41%| S|CS|TAMS 0x00000000a5700000, 0x00000000a5700000| Complete 
|  56|0x00000000a5800000, 0x00000000a5900000, 0x00000000a5900000|100%| S|CS|TAMS 0x00000000a5800000, 0x00000000a5800000| Complete 
|  57|0x00000000a5900000, 0x00000000a5900000, 0x00000000a5a00000|  0%| F|  |TAMS 0x00000000a5900000, 0x00000000a5900000| Untracked 
|  58|0x00000000a5a00000, 0x00000000a5a00000, 0x00000000a5b00000|  0%| F|  |TAMS 0x00000000a5a00000, 0x00000000a5a00000| Untracked 
|  59|0x00000000a5b00000, 0x00000000a5b00000, 0x00000000a5c00000|  0%| F|  |TAMS 0x00000000a5b00000, 0x00000000a5b00000| Untracked 
|  60|0x00000000a5c00000, 0x00000000a5c00000, 0x00000000a5d00000|  0%| F|  |TAMS 0x00000000a5c00000, 0x00000000a5c00000| Untracked 
|  61|0x00000000a5d00000, 0x00000000a5d00000, 0x00000000a5e00000|  0%| F|  |TAMS 0x00000000a5d00000, 0x00000000a5d00000| Untracked 
|  62|0x00000000a5e00000, 0x00000000a5e00000, 0x00000000a5f00000|  0%| F|  |TAMS 0x00000000a5e00000, 0x00000000a5e00000| Untracked 
|  63|0x00000000a5f00000, 0x00000000a5f00000, 0x00000000a6000000|  0%| F|  |TAMS 0x00000000a5f00000, 0x00000000a5f00000| Untracked 
|  64|0x00000000a6000000, 0x00000000a6000000, 0x00000000a6100000|  0%| F|  |TAMS 0x00000000a6000000, 0x00000000a6000000| Untracked 
|  65|0x00000000a6100000, 0x00000000a6100000, 0x00000000a6200000|  0%| F|  |TAMS 0x00000000a6100000, 0x00000000a6100000| Untracked 
|  66|0x00000000a6200000, 0x00000000a6200000, 0x00000000a6300000|  0%| F|  |TAMS 0x00000000a6200000, 0x00000000a6200000| Untracked 
|  67|0x00000000a6300000, 0x00000000a6300000, 0x00000000a6400000|  0%| F|  |TAMS 0x00000000a6300000, 0x00000000a6300000| Untracked 
|  68|0x00000000a6400000, 0x00000000a6400000, 0x00000000a6500000|  0%| F|  |TAMS 0x00000000a6400000, 0x00000000a6400000| Untracked 
|  69|0x00000000a6500000, 0x00000000a6500000, 0x00000000a6600000|  0%| F|  |TAMS 0x00000000a6500000, 0x00000000a6500000| Untracked 
|  70|0x00000000a6600000, 0x00000000a6680800, 0x00000000a6700000| 50%| E|  |TAMS 0x00000000a6600000, 0x00000000a6600000| Complete 
|  71|0x00000000a6700000, 0x00000000a6800000, 0x00000000a6800000|100%| E|CS|TAMS 0x00000000a6700000, 0x00000000a6700000| Complete 
|  72|0x00000000a6800000, 0x00000000a6900000, 0x00000000a6900000|100%| E|CS|TAMS 0x00000000a6800000, 0x00000000a6800000| Complete 
|  73|0x00000000a6900000, 0x00000000a6a00000, 0x00000000a6a00000|100%| E|CS|TAMS 0x00000000a6900000, 0x00000000a6900000| Complete 
|  74|0x00000000a6a00000, 0x00000000a6b00000, 0x00000000a6b00000|100%| E|CS|TAMS 0x00000000a6a00000, 0x00000000a6a00000| Complete 
|  75|0x00000000a6b00000, 0x00000000a6c00000, 0x00000000a6c00000|100%| E|CS|TAMS 0x00000000a6b00000, 0x00000000a6b00000| Complete 
|  76|0x00000000a6c00000, 0x00000000a6d00000, 0x00000000a6d00000|100%| E|CS|TAMS 0x00000000a6c00000, 0x00000000a6c00000| Complete 
|  77|0x00000000a6d00000, 0x00000000a6e00000, 0x00000000a6e00000|100%| E|CS|TAMS 0x00000000a6d00000, 0x00000000a6d00000| Complete 
|  78|0x00000000a6e00000, 0x00000000a6f00000, 0x00000000a6f00000|100%| E|CS|TAMS 0x00000000a6e00000, 0x00000000a6e00000| Complete 
|  79|0x00000000a6f00000, 0x00000000a7000000, 0x00000000a7000000|100%| E|CS|TAMS 0x00000000a6f00000, 0x00000000a6f00000| Complete 
|  80|0x00000000a7000000, 0x00000000a7100000, 0x00000000a7100000|100%| E|CS|TAMS 0x00000000a7000000, 0x00000000a7000000| Complete 
|  81|0x00000000a7100000, 0x00000000a7200000, 0x00000000a7200000|100%| E|CS|TAMS 0x00000000a7100000, 0x00000000a7100000| Complete 
|  82|0x00000000a7200000, 0x00000000a7300000, 0x00000000a7300000|100%| E|CS|TAMS 0x00000000a7200000, 0x00000000a7200000| Complete 
|  83|0x00000000a7300000, 0x00000000a7400000, 0x00000000a7400000|100%| E|CS|TAMS 0x00000000a7300000, 0x00000000a7300000| Complete 
|  84|0x00000000a7400000, 0x00000000a7500000, 0x00000000a7500000|100%| E|CS|TAMS 0x00000000a7400000, 0x00000000a7400000| Complete 
|  85|0x00000000a7500000, 0x00000000a7600000, 0x00000000a7600000|100%| E|CS|TAMS 0x00000000a7500000, 0x00000000a7500000| Complete 
|  86|0x00000000a7600000, 0x00000000a7700000, 0x00000000a7700000|100%| E|CS|TAMS 0x00000000a7600000, 0x00000000a7600000| Complete 
|  87|0x00000000a7700000, 0x00000000a7800000, 0x00000000a7800000|100%| E|CS|TAMS 0x00000000a7700000, 0x00000000a7700000| Complete 
|  88|0x00000000a7800000, 0x00000000a7900000, 0x00000000a7900000|100%| E|CS|TAMS 0x00000000a7800000, 0x00000000a7800000| Complete 
|  89|0x00000000a7900000, 0x00000000a7a00000, 0x00000000a7a00000|100%| E|CS|TAMS 0x00000000a7900000, 0x00000000a7900000| Complete 
|  90|0x00000000a7a00000, 0x00000000a7b00000, 0x00000000a7b00000|100%| E|CS|TAMS 0x00000000a7a00000, 0x00000000a7a00000| Complete 
|  91|0x00000000a7b00000, 0x00000000a7c00000, 0x00000000a7c00000|100%| E|CS|TAMS 0x00000000a7b00000, 0x00000000a7b00000| Complete 
|  92|0x00000000a7c00000, 0x00000000a7d00000, 0x00000000a7d00000|100%| E|CS|TAMS 0x00000000a7c00000, 0x00000000a7c00000| Complete 
|  93|0x00000000a7d00000, 0x00000000a7e00000, 0x00000000a7e00000|100%| E|CS|TAMS 0x00000000a7d00000, 0x00000000a7d00000| Complete 

Card table byte_map: [0x0000019a64b60000,0x0000019a64e50000] _byte_map_base: 0x0000019a64650000

Marking Bits (Prev, Next): (CMBitMap*) 0x0000019a51adbba8, (CMBitMap*) 0x0000019a51adbbe0
 Prev Bits: [0x0000019a65140000, 0x0000019a668c0000)
 Next Bits: [0x0000019a668c0000, 0x0000019a68040000)

Polling page: 0x0000019a4f8f0000

Metaspace:

Usage:
  Non-class:     43.46 MB capacity,    42.73 MB ( 98%) used,   584.77 KB (  1%) free+waste,   164.31 KB ( <1%) overhead. 
      Class:      7.11 MB capacity,     6.59 MB ( 93%) used,   455.19 KB (  6%) free+waste,    77.88 KB (  1%) overhead. 
       Both:     50.57 MB capacity,    49.32 MB ( 98%) used,     1.02 MB (  2%) free+waste,   242.19 KB ( <1%) overhead. 

Virtual space:
  Non-class space:       44.00 MB reserved,      43.58 MB (>99%) committed 
      Class space:        1.00 GB reserved,       7.13 MB ( <1%) committed 
             Both:        1.04 GB reserved,      50.70 MB (  5%) committed 

Chunk freelists:
   Non-Class:  1.00 KB
       Class:  13.00 KB
        Both:  14.00 KB

MaxMetaspaceSize: 17179869184.00 GB
CompressedClassSpaceSize: 1.00 GB

CodeHeap 'non-profiled nmethods': size=120064Kb used=2832Kb max_used=2832Kb free=117232Kb
 bounds [0x0000019a5d620000, 0x0000019a5d8f0000, 0x0000019a64b60000]
CodeHeap 'profiled nmethods': size=120000Kb used=11506Kb max_used=11506Kb free=108494Kb
 bounds [0x0000019a560f0000, 0x0000019a56c30000, 0x0000019a5d620000]
CodeHeap 'non-nmethods': size=5696Kb used=1230Kb max_used=1277Kb free=4465Kb
 bounds [0x0000019a55b60000, 0x0000019a55dd0000, 0x0000019a560f0000]
 total_blobs=7136 nmethods=4952 adapters=497
 compilation: enabled
              stopped_count=0, restarted_count=0
 full_count=0

Compilation events (20 events):
Event: 39.882 Thread 0x0000019a6a3d8000 5105       1       org.hibernate.metamodel.model.domain.internal.SingularAttributeImpl::isId (5 bytes)
Event: 39.882 Thread 0x0000019a6a3d8000 nmethod 5105 0x0000019a5d8e2e90 code [0x0000019a5d8e3040, 0x0000019a5d8e3178]
Event: 39.883 Thread 0x0000019a6a3d8000 5106       1       org.springframework.data.util.TypeDiscoverer::getTypeVariableMap (5 bytes)
Event: 39.883 Thread 0x0000019a6a3d8000 nmethod 5106 0x0000019a5d8e3210 code [0x0000019a5d8e33c0, 0x0000019a5d8e34f8]
Event: 39.885 Thread 0x0000019a6a3d8000 5107       2       org.springframework.data.util.ProxyUtils::getUserClass (24 bytes)
Event: 39.886 Thread 0x0000019a6a3d8000 nmethod 5107 0x0000019a56c1b210 code [0x0000019a56c1b3e0, 0x0000019a56c1b680]
Event: 39.887 Thread 0x0000019a6a3d8000 5108       2       org.springframework.data.repository.util.ReactiveWrappers$$Lambda$324/0x00000008402be040::test (8 bytes)
Event: 39.887 Thread 0x0000019a6a3d8000 nmethod 5108 0x0000019a56c1b790 code [0x0000019a56c1b980, 0x0000019a56c1bcd0]
Event: 39.887 Thread 0x0000019a6a3d8000 5109       2       org.springframework.data.repository.util.ReactiveWrappers::isNoValueType (32 bytes)
Event: 39.889 Thread 0x0000019a6a3d8000 nmethod 5109 0x0000019a56c1be90 code [0x0000019a56c1c0e0, 0x0000019a56c1c7f0]
Event: 39.889 Thread 0x0000019a6a3d8000 5110       2       org.springframework.data.repository.util.ReactiveWrappers::isMultiValueType (43 bytes)
Event: 39.892 Thread 0x0000019a6a3d8000 nmethod 5110 0x0000019a56c1cb90 code [0x0000019a56c1ce80, 0x0000019a56c1dbd0]
Event: 39.909 Thread 0x0000019a6a3d8000 5111       2       org.springframework.data.repository.core.support.RepositoryComposition$RepositoryFragments::findMethod (83 bytes)
Event: 39.910 Thread 0x0000019a6a3d8000 nmethod 5111 0x0000019a56c1e210 code [0x0000019a56c1e460, 0x0000019a56c1eac0]
Event: 39.911 Thread 0x0000019a6a3d8000 5112       2       org.springframework.data.repository.core.support.MethodLookup::lambda$and$0 (37 bytes)
Event: 39.911 Thread 0x0000019a6a3d8000 nmethod 5112 0x0000019a56c1ed90 code [0x0000019a56c1efa0, 0x0000019a56c1f350]
Event: 39.913 Thread 0x0000019a6a3d8000 5113       2       org.springframework.core.annotation.MergedAnnotationSelectors$Nearest::isBestCandidate (15 bytes)
Event: 39.914 Thread 0x0000019a6a3d8000 nmethod 5113 0x0000019a56c1f510 code [0x0000019a56c1f6c0, 0x0000019a56c1f870]
Event: 39.914 Thread 0x0000019a6a3d8000 5114       2       org.springframework.core.annotation.AnnotationUtils::findAnnotation (70 bytes)
Event: 39.916 Thread 0x0000019a6a3d8000 nmethod 5114 0x0000019a56c1f910 code [0x0000019a56c1fbe0, 0x0000019a56c20550]

GC Heap History (20 events):
Event: 16.133 GC heap before
{Heap before GC invocations=5 (full 0):
 garbage-first heap   total 96256K, used 37830K [0x00000000a2000000, 0x0000000100000000)
  region size 1024K, 30 young (30720K), 2 survivors (2048K)
 Metaspace       used 12547K, capacity 12951K, committed 13184K, reserved 1060864K
  class space    used 1676K, capacity 1848K, committed 1920K, reserved 1048576K
}
Event: 16.144 GC heap after
{Heap after GC invocations=6 (full 0):
 garbage-first heap   total 96256K, used 11213K [0x00000000a2000000, 0x0000000100000000)
  region size 1024K, 3 young (3072K), 3 survivors (3072K)
 Metaspace       used 12547K, capacity 12951K, committed 13184K, reserved 1060864K
  class space    used 1676K, capacity 1848K, committed 1920K, reserved 1048576K
}
Event: 19.263 GC heap before
{Heap before GC invocations=6 (full 0):
 garbage-first heap   total 96256K, used 50125K [0x00000000a2000000, 0x0000000100000000)
  region size 1024K, 41 young (41984K), 3 survivors (3072K)
 Metaspace       used 18056K, capacity 18721K, committed 19072K, reserved 1064960K
  class space    used 2325K, capacity 2572K, committed 2688K, reserved 1048576K
}
Event: 19.279 GC heap after
{Heap after GC invocations=7 (full 0):
 garbage-first heap   total 96256K, used 12517K [0x00000000a2000000, 0x0000000100000000)
  region size 1024K, 4 young (4096K), 4 survivors (4096K)
 Metaspace       used 18056K, capacity 18721K, committed 19072K, reserved 1064960K
  class space    used 2325K, capacity 2572K, committed 2688K, reserved 1048576K
}
Event: 20.337 GC heap before
{Heap before GC invocations=7 (full 0):
 garbage-first heap   total 96256K, used 57573K [0x00000000a2000000, 0x0000000100000000)
  region size 1024K, 49 young (50176K), 4 survivors (4096K)
 Metaspace       used 19032K, capacity 19618K, committed 19840K, reserved 1067008K
  class space    used 2427K, capacity 2657K, committed 2688K, reserved 1048576K
}
Event: 20.354 GC heap after
{Heap after GC invocations=8 (full 0):
 garbage-first heap   total 96256K, used 12655K [0x00000000a2000000, 0x0000000100000000)
  region size 1024K, 4 young (4096K), 4 survivors (4096K)
 Metaspace       used 19032K, capacity 19618K, committed 19840K, reserved 1067008K
  class space    used 2427K, capacity 2657K, committed 2688K, reserved 1048576K
}
Event: 21.875 GC heap before
{Heap before GC invocations=8 (full 0):
 garbage-first heap   total 96256K, used 35183K [0x00000000a2000000, 0x0000000100000000)
  region size 1024K, 27 young (27648K), 4 survivors (4096K)
 Metaspace       used 20450K, capacity 21131K, committed 21296K, reserved 1067008K
  class space    used 2611K, capacity 2876K, committed 2944K, reserved 1048576K
}
Event: 21.896 GC heap after
{Heap after GC invocations=9 (full 0):
 garbage-first heap   total 96256K, used 13771K [0x00000000a2000000, 0x0000000100000000)
  region size 1024K, 5 young (5120K), 5 survivors (5120K)
 Metaspace       used 20450K, capacity 21131K, committed 21296K, reserved 1067008K
  class space    used 2611K, capacity 2876K, committed 2944K, reserved 1048576K
}
Event: 25.705 GC heap before
{Heap before GC invocations=10 (full 0):
 garbage-first heap   total 96256K, used 57803K [0x00000000a2000000, 0x0000000100000000)
  region size 1024K, 48 young (49152K), 5 survivors (5120K)
 Metaspace       used 26079K, capacity 26859K, committed 26928K, reserved 1073152K
  class space    used 3363K, capacity 3662K, committed 3712K, reserved 1048576K
}
Event: 25.731 GC heap after
{Heap after GC invocations=11 (full 0):
 garbage-first heap   total 96256K, used 16008K [0x00000000a2000000, 0x0000000100000000)
  region size 1024K, 5 young (5120K), 5 survivors (5120K)
 Metaspace       used 26079K, capacity 26859K, committed 26928K, reserved 1073152K
  class space    used 3363K, capacity 3662K, committed 3712K, reserved 1048576K
}
Event: 28.164 GC heap before
{Heap before GC invocations=11 (full 0):
 garbage-first heap   total 96256K, used 60040K [0x00000000a2000000, 0x0000000100000000)
  region size 1024K, 49 young (50176K), 5 survivors (5120K)
 Metaspace       used 29048K, capacity 29967K, committed 30128K, reserved 1075200K
  class space    used 3712K, capacity 4079K, committed 4096K, reserved 1048576K
}
Event: 28.188 GC heap after
{Heap after GC invocations=12 (full 0):
 garbage-first heap   total 96256K, used 17500K [0x00000000a2000000, 0x0000000100000000)
  region size 1024K, 5 young (5120K), 5 survivors (5120K)
 Metaspace       used 29048K, capacity 29967K, committed 30128K, reserved 1075200K
  class space    used 3712K, capacity 4079K, committed 4096K, reserved 1048576K
}
Event: 30.904 GC heap before
{Heap before GC invocations=12 (full 0):
 garbage-first heap   total 96256K, used 62556K [0x00000000a2000000, 0x0000000100000000)
  region size 1024K, 50 young (51200K), 5 survivors (5120K)
 Metaspace       used 33628K, capacity 34675K, committed 34992K, reserved 1079296K
  class space    used 4350K, capacity 4774K, committed 4864K, reserved 1048576K
}
Event: 30.929 GC heap after
{Heap after GC invocations=13 (full 0):
 garbage-first heap   total 96256K, used 18964K [0x00000000a2000000, 0x0000000100000000)
  region size 1024K, 3 young (3072K), 3 survivors (3072K)
 Metaspace       used 33628K, capacity 34675K, committed 34992K, reserved 1079296K
  class space    used 4350K, capacity 4774K, committed 4864K, reserved 1048576K
}
Event: 31.252 GC heap before
{Heap before GC invocations=13 (full 0):
 garbage-first heap   total 96256K, used 23060K [0x00000000a2000000, 0x0000000100000000)
  region size 1024K, 8 young (8192K), 3 survivors (3072K)
 Metaspace       used 34763K, capacity 35770K, committed 35920K, reserved 1081344K
  class space    used 4595K, capacity 5032K, committed 5120K, reserved 1048576K
}
Event: 31.265 GC heap after
{Heap after GC invocations=14 (full 0):
 garbage-first heap   total 96256K, used 18901K [0x00000000a2000000, 0x0000000100000000)
  region size 1024K, 3 young (3072K), 3 survivors (3072K)
 Metaspace       used 34763K, capacity 35770K, committed 35920K, reserved 1081344K
  class space    used 4595K, capacity 5032K, committed 5120K, reserved 1048576K
}
Event: 34.470 GC heap before
{Heap before GC invocations=15 (full 0):
 garbage-first heap   total 96256K, used 56789K [0x00000000a2000000, 0x0000000100000000)
  region size 1024K, 40 young (40960K), 3 survivors (3072K)
 Metaspace       used 41939K, capacity 42982K, committed 43216K, reserved 1087488K
  class space    used 5533K, capacity 5944K, committed 6016K, reserved 1048576K
}
Event: 34.500 GC heap after
{Heap after GC invocations=16 (full 0):
 garbage-first heap   total 96256K, used 22197K [0x00000000a2000000, 0x0000000100000000)
  region size 1024K, 5 young (5120K), 5 survivors (5120K)
 Metaspace       used 41939K, capacity 42982K, committed 43216K, reserved 1087488K
  class space    used 5533K, capacity 5944K, committed 6016K, reserved 1048576K
}
Event: 37.882 GC heap before
{Heap before GC invocations=16 (full 0):
 garbage-first heap   total 96256K, used 60085K [0x00000000a2000000, 0x0000000100000000)
  region size 1024K, 42 young (43008K), 5 survivors (5120K)
 Metaspace       used 48245K, capacity 49354K, committed 49488K, reserved 1091584K
  class space    used 6443K, capacity 6888K, committed 6912K, reserved 1048576K
}
Event: 37.912 GC heap after
{Heap after GC invocations=17 (full 0):
 garbage-first heap   total 96256K, used 23512K [0x00000000a2000000, 0x0000000100000000)
  region size 1024K, 2 young (2048K), 2 survivors (2048K)
 Metaspace       used 48245K, capacity 49354K, committed 49488K, reserved 1091584K
  class space    used 6443K, capacity 6888K, committed 6912K, reserved 1048576K
}

Deoptimization events (20 events):
Event: 38.594 Thread 0x0000019a51aa6000 DEOPT PACKING pc=0x0000019a5696ab87 sp=0x00000007f55fc4f0
Event: 38.594 Thread 0x0000019a51aa6000 DEOPT UNPACKING pc=0x0000019a55b8823f sp=0x00000007f55fba78 mode 0
Event: 38.655 Thread 0x0000019a51aa6000 DEOPT PACKING pc=0x0000019a5696ab87 sp=0x00000007f55fc5e0
Event: 38.655 Thread 0x0000019a51aa6000 DEOPT UNPACKING pc=0x0000019a55b8823f sp=0x00000007f55fbb68 mode 0
Event: 38.707 Thread 0x0000019a51aa6000 DEOPT PACKING pc=0x0000019a5696ab87 sp=0x00000007f55fd130
Event: 38.707 Thread 0x0000019a51aa6000 DEOPT UNPACKING pc=0x0000019a55b8823f sp=0x00000007f55fc6b8 mode 0
Event: 38.992 Thread 0x0000019a51aa6000 Uncommon trap: trap_request=0xffffff4d fr.pc=0x0000019a5d8c2430 relative=0x0000000000005610
Event: 38.992 Thread 0x0000019a51aa6000 Uncommon trap: reason=unstable_if action=reinterpret pc=0x0000019a5d8c2430 method=org.springframework.core.annotation.AnnotationsScanner.processClassHierarchy(Ljava/lang/Object;[ILjava/lang/Class;Lorg/springframework/core/annotation/AnnotationsProcessor;L
Event: 38.992 Thread 0x0000019a51aa6000 DEOPT PACKING pc=0x0000019a5d8c2430 sp=0x00000007f55fb8e0
Event: 38.992 Thread 0x0000019a51aa6000 DEOPT UNPACKING pc=0x0000019a55b88429 sp=0x00000007f55fb910 mode 2
Event: 39.344 Thread 0x0000019a51aa6000 DEOPT PACKING pc=0x0000019a5674e1f1 sp=0x00000007f55fbe40
Event: 39.344 Thread 0x0000019a51aa6000 DEOPT UNPACKING pc=0x0000019a55b8823f sp=0x00000007f55fb350 mode 0
Event: 39.650 Thread 0x0000019a51aa6000 Uncommon trap: trap_request=0xffffff5c fr.pc=0x0000019a5d7e5768 relative=0x0000000000000568
Event: 39.650 Thread 0x0000019a51aa6000 Uncommon trap: reason=speculate_null_assert action=make_not_entrant pc=0x0000019a5d7e5768 method=org.springframework.util.ConcurrentReferenceHashMap$Segment.restructureIfNecessary(Z)V @ 41 c2
Event: 39.650 Thread 0x0000019a51aa6000 DEOPT PACKING pc=0x0000019a5d7e5768 sp=0x00000007f55fcbf0
Event: 39.650 Thread 0x0000019a51aa6000 DEOPT UNPACKING pc=0x0000019a55b88429 sp=0x00000007f55fcb18 mode 2
Event: 39.851 Thread 0x0000019a51aa6000 Uncommon trap: trap_request=0xffffff5c fr.pc=0x0000019a5d6ee9a8 relative=0x00000000000003c8
Event: 39.851 Thread 0x0000019a51aa6000 Uncommon trap: reason=speculate_null_assert action=make_not_entrant pc=0x0000019a5d6ee9a8 method=org.springframework.util.ConcurrentReferenceHashMap$Segment.restructureIfNecessary(Z)V @ 41 c2
Event: 39.851 Thread 0x0000019a51aa6000 DEOPT PACKING pc=0x0000019a5d6ee9a8 sp=0x00000007f55fcb70
Event: 39.851 Thread 0x0000019a51aa6000 DEOPT UNPACKING pc=0x0000019a55b88429 sp=0x00000007f55fcb28 mode 2

Classes redefined (0 events):
No events

Internal exceptions (20 events):
Event: 38.889 Thread 0x0000019a51aa6000 Exception <a 'java/lang/ClassNotFoundException'{0x00000000a707ccb8}: org/springframework/beans/factory/BeanFactoryAwareCustomizer> (0x00000000a707ccb8) thrown at [c:/BuildAgent/work/5ff2f6c26000d570/src/hotspot/share/classfile/systemDictionary.cpp, line 2
Event: 38.890 Thread 0x0000019a51aa6000 Exception <a 'java/lang/ClassNotFoundException'{0x00000000a708be60}: org/springframework/beans/factory/AwareCustomizer> (0x00000000a708be60) thrown at [c:/BuildAgent/work/5ff2f6c26000d570/src/hotspot/share/classfile/systemDictionary.cpp, line 231]
Event: 38.891 Thread 0x0000019a51aa6000 Exception <a 'java/lang/ClassNotFoundException'{0x00000000a709e738}: org/springframework/security/config/annotation/web/WebSecurityConfigurerCustomizer> (0x00000000a709e738) thrown at [c:/BuildAgent/work/5ff2f6c26000d570/src/hotspot/share/classfile/system
Event: 38.892 Thread 0x0000019a51aa6000 Exception <a 'java/lang/ClassNotFoundException'{0x00000000a70b07b0}: org/springframework/security/config/annotation/SecurityConfigurerCustomizer> (0x00000000a70b07b0) thrown at [c:/BuildAgent/work/5ff2f6c26000d570/src/hotspot/share/classfile/systemDiction
Event: 38.939 Thread 0x0000019a51aa6000 Exception <a 'java/lang/ClassNotFoundException'{0x00000000a70f19a0}: java/lang/ObjectCustomizer> (0x00000000a70f19a0) thrown at [c:/BuildAgent/work/5ff2f6c26000d570/src/hotspot/share/classfile/systemDictionary.cpp, line 231]
Event: 38.941 Thread 0x0000019a51aa6000 Exception <a 'java/lang/ClassNotFoundException'{0x00000000a6f0c058}: org/springframework/security/config/annotation/authentication/configuration/AuthenticationConfigurationCustomizer> (0x00000000a6f0c058) thrown at [c:/BuildAgent/work/5ff2f6c26000d570/src
Event: 39.050 Thread 0x0000019a51aa6000 Exception <a 'java/lang/ClassNotFoundException'{0x00000000a6ffc160}: java/lang/ObjectCustomizer> (0x00000000a6ffc160) thrown at [c:/BuildAgent/work/5ff2f6c26000d570/src/hotspot/share/classfile/systemDictionary.cpp, line 231]
Event: 39.055 Thread 0x0000019a51aa6000 Exception <a 'java/lang/ClassNotFoundException'{0x00000000a6e131c0}: org/springframework/web/servlet/config/annotation/WebMvcConfigurationSupportCustomizer> (0x00000000a6e131c0) thrown at [c:/BuildAgent/work/5ff2f6c26000d570/src/hotspot/share/classfile/sy
Event: 39.064 Thread 0x0000019a51aa6000 Exception <a 'java/lang/ClassNotFoundException'{0x00000000a6e34c28}: org/springframework/web/servlet/config/annotation/DelegatingWebMvcConfigurationCustomizer> (0x00000000a6e34c28) thrown at [c:/BuildAgent/work/5ff2f6c26000d570/src/hotspot/share/classfile
Event: 39.068 Thread 0x0000019a51aa6000 Exception <a 'java/lang/ClassNotFoundException'{0x00000000a6e4fc80}: org/springframework/boot/autoconfigure/web/servlet/WebMvcAutoConfiguration$EnableWebMvcConfigurationCustomizer> (0x00000000a6e4fc80) thrown at [c:/BuildAgent/work/5ff2f6c26000d570/src/ho
Event: 39.070 Thread 0x0000019a51aa6000 Exception <a 'java/lang/ClassNotFoundException'{0x00000000a6e6c418}: org/springframework/context/ResourceLoaderAwareCustomizer> (0x00000000a6e6c418) thrown at [c:/BuildAgent/work/5ff2f6c26000d570/src/hotspot/share/classfile/systemDictionary.cpp, line 231]
Event: 39.076 Thread 0x0000019a51aa6000 Exception <a 'java/lang/ClassNotFoundException'{0x00000000a6e7b600}: org/springframework/beans/factory/AwareCustomizer> (0x00000000a6e7b600) thrown at [c:/BuildAgent/work/5ff2f6c26000d570/src/hotspot/share/classfile/systemDictionary.cpp, line 231]
Event: 39.078 Thread 0x0000019a51aa6000 Exception <a 'java/lang/ClassNotFoundException'{0x00000000a6e8bba8}: org/springframework/context/ApplicationContextAwareCustomizer> (0x00000000a6e8bba8) thrown at [c:/BuildAgent/work/5ff2f6c26000d570/src/hotspot/share/classfile/systemDictionary.cpp, line 
Event: 39.079 Thread 0x0000019a51aa6000 Exception <a 'java/lang/ClassNotFoundException'{0x00000000a6e9b720}: org/springframework/beans/factory/AwareCustomizer> (0x00000000a6e9b720) thrown at [c:/BuildAgent/work/5ff2f6c26000d570/src/hotspot/share/classfile/systemDictionary.cpp, line 231]
Event: 39.080 Thread 0x0000019a51aa6000 Exception <a 'java/lang/ClassNotFoundException'{0x00000000a6eaba50}: org/springframework/web/context/ServletContextAwareCustomizer> (0x00000000a6eaba50) thrown at [c:/BuildAgent/work/5ff2f6c26000d570/src/hotspot/share/classfile/systemDictionary.cpp, line 
Event: 39.081 Thread 0x0000019a51aa6000 Exception <a 'java/lang/ClassNotFoundException'{0x00000000a6ebb0a0}: org/springframework/beans/factory/AwareCustomizer> (0x00000000a6ebb0a0) thrown at [c:/BuildAgent/work/5ff2f6c26000d570/src/hotspot/share/classfile/systemDictionary.cpp, line 231]
Event: 39.651 Thread 0x0000019a51aa6000 Exception <a 'java/lang/ClassNotFoundException'{0x00000000a6b3d4f8}: java/lang/ObjectCustomizer> (0x00000000a6b3d4f8) thrown at [c:/BuildAgent/work/5ff2f6c26000d570/src/hotspot/share/classfile/systemDictionary.cpp, line 231]
Event: 39.659 Thread 0x0000019a51aa6000 Exception <a 'java/lang/ClassNotFoundException'{0x00000000a6b4fc18}: com/school/webapp/BookStore/SaveBook/BookEntityCustomizer> (0x00000000a6b4fc18) thrown at [c:/BuildAgent/work/5ff2f6c26000d570/src/hotspot/share/classfile/systemDictionary.cpp, line 231]
Event: 39.853 Thread 0x0000019a51aa6000 Exception <a 'java/lang/ClassNotFoundException'{0x00000000a6a95c40}: java/lang/ObjectCustomizer> (0x00000000a6a95c40) thrown at [c:/BuildAgent/work/5ff2f6c26000d570/src/hotspot/share/classfile/systemDictionary.cpp, line 231]
Event: 39.856 Thread 0x0000019a51aa6000 Exception <a 'java/lang/ClassNotFoundException'{0x00000000a6aa71d0}: com/school/webapp/Repository/AttendanceCustomizer> (0x00000000a6aa71d0) thrown at [c:/BuildAgent/work/5ff2f6c26000d570/src/hotspot/share/classfile/systemDictionary.cpp, line 231]

Events (20 events):
Event: 39.770 loading class org/springframework/data/jpa/repository/query/StringQuery$ParameterBinding
Event: 39.770 loading class org/springframework/data/jpa/repository/query/StringQuery$ParameterBinding done
Event: 39.772 loading class org/springframework/data/jpa/repository/query/StringQuery$ParameterBinding
Event: 39.772 loading class org/springframework/data/jpa/repository/query/StringQuery$ParameterBinding done
Event: 39.772 loading class org/springframework/data/jpa/repository/query/StringQuery$ParameterBinding
Event: 39.772 loading class org/springframework/data/jpa/repository/query/StringQuery$ParameterBinding done
Event: 39.772 loading class org/springframework/data/jpa/repository/query/StringQuery$ParameterBinding
Event: 39.772 loading class org/springframework/data/jpa/repository/query/StringQuery$ParameterBinding done
Event: 39.853 loading class java/lang/ObjectCustomizer
Event: 39.853 loading class java/lang/ObjectCustomizer done
Event: 39.853 loading class java/lang/ObjectCustomizer
Event: 39.853 loading class java/lang/ObjectCustomizer done
Event: 39.855 loading class com/school/webapp/Repository/AttendanceCustomizer
Event: 39.855 loading class com/school/webapp/Repository/AttendanceCustomizer done
Event: 39.856 loading class com/school/webapp/Repository/AttendanceCustomizer
Event: 39.856 loading class com/school/webapp/Repository/AttendanceCustomizer done
Event: 39.856 loading class com/school/webapp/Repository/AttendanceCustomizer
Event: 39.856 loading class com/school/webapp/Repository/AttendanceCustomizer done
Event: 39.906 loading class javax/interceptor/InterceptorBinding
Event: 39.906 loading class javax/interceptor/InterceptorBinding done


Dynamic libraries:
0x00007ff77a040000 - 0x00007ff77a04a000 	C:\Program Files\JetBrains\IntelliJ IDEA Community Edition 2019.3.2\jbr\bin\java.exe
0x00007ff9135b0000 - 0x00007ff91378b000 	C:\Windows\SYSTEM32\ntdll.dll
0x00007ff913070000 - 0x00007ff91311e000 	C:\Windows\System32\KERNEL32.DLL
0x00007ff90fad0000 - 0x00007ff90fd19000 	C:\Windows\System32\KERNELBASE.dll
0x00007ff910260000 - 0x00007ff910356000 	C:\Windows\System32\ucrtbase.dll
0x00007ff905eb0000 - 0x00007ff905ec9000 	C:\Program Files\JetBrains\IntelliJ IDEA Community Edition 2019.3.2\jbr\bin\jli.dll
0x00007ff912700000 - 0x00007ff91284a000 	C:\Windows\System32\USER32.dll
0x00007ff90fdf0000 - 0x00007ff90fe0e000 	C:\Windows\System32\win32u.dll
0x00007ff910bc0000 - 0x00007ff910be7000 	C:\Windows\System32\GDI32.dll
0x00007ff90fe10000 - 0x00007ff90ff99000 	C:\Windows\System32\gdi32full.dll
0x00007ff9067c0000 - 0x00007ff906a27000 	C:\Windows\WinSxS\amd64_microsoft.windows.common-controls_6595b64144ccf1df_6.0.15063.0_none_108e4f62dfe5d999\COMCTL32.dll
0x00007ff910bf0000 - 0x00007ff910c8d000 	C:\Windows\System32\msvcrt.dll
0x00007ff912400000 - 0x00007ff9126f9000 	C:\Windows\System32\combase.dll
0x00007ff9128e0000 - 0x00007ff912a05000 	C:\Windows\System32\RPCRT4.dll
0x00007ff90fd80000 - 0x00007ff90fdea000 	C:\Windows\System32\bcryptPrimitives.dll
0x00007ff907890000 - 0x00007ff9078a7000 	C:\Program Files\JetBrains\IntelliJ IDEA Community Edition 2019.3.2\jbr\bin\VCRUNTIME140.dll
0x00007ff90ffa0000 - 0x00007ff91003a000 	C:\Windows\System32\msvcp_win.dll
0x00007ff912850000 - 0x00007ff91287d000 	C:\Windows\System32\IMM32.DLL
0x00007ff8fb7f0000 - 0x00007ff8fb88d000 	C:\Program Files\JetBrains\IntelliJ IDEA Community Edition 2019.3.2\jbr\bin\msvcp140.dll
0x00007ff8f0620000 - 0x00007ff8f10db000 	C:\Program Files\JetBrains\IntelliJ IDEA Community Edition 2019.3.2\jbr\bin\server\jvm.dll
0x00007ff910b10000 - 0x00007ff910bb1000 	C:\Windows\System32\ADVAPI32.dll
0x00007ff912880000 - 0x00007ff9128d9000 	C:\Windows\System32\sechost.dll
0x00007ff910de0000 - 0x00007ff910de8000 	C:\Windows\System32\PSAPI.DLL
0x00007ff8f5310000 - 0x00007ff8f5319000 	C:\Windows\SYSTEM32\WSOCK32.dll
0x00007ff913290000 - 0x00007ff9132fc000 	C:\Windows\System32\WS2_32.dll
0x00007ff90de00000 - 0x00007ff90de23000 	C:\Windows\SYSTEM32\WINMM.dll
0x00007ff901340000 - 0x00007ff90134a000 	C:\Windows\SYSTEM32\VERSION.dll
0x00007ff90dda0000 - 0x00007ff90ddcb000 	C:\Windows\SYSTEM32\WINMMBASE.dll
0x00007ff910040000 - 0x00007ff910089000 	C:\Windows\System32\cfgmgr32.dll
0x00007ff90fab0000 - 0x00007ff90fac1000 	C:\Windows\System32\kernel.appcore.dll
0x00007ff908c60000 - 0x00007ff908c71000 	C:\Program Files\JetBrains\IntelliJ IDEA Community Edition 2019.3.2\jbr\bin\verify.dll
0x00007ff901630000 - 0x00007ff9017d9000 	C:\Windows\SYSTEM32\DBGHELP.DLL
0x00007ff901110000 - 0x00007ff901139000 	C:\Windows\SYSTEM32\dbgcore.DLL
0x00007ff9086a0000 - 0x00007ff9086c9000 	C:\Program Files\JetBrains\IntelliJ IDEA Community Edition 2019.3.2\jbr\bin\java.dll
0x00007ff90de70000 - 0x00007ff90de7f000 	C:\Program Files\JetBrains\IntelliJ IDEA Community Edition 2019.3.2\jbr\bin\instrument.dll
0x00007ff908460000 - 0x00007ff908477000 	C:\Program Files\JetBrains\IntelliJ IDEA Community Edition 2019.3.2\jbr\bin\zip.dll
0x00007ff909130000 - 0x00007ff90913b000 	C:\Program Files\JetBrains\IntelliJ IDEA Community Edition 2019.3.2\jbr\bin\jimage.dll
0x00007ff910df0000 - 0x00007ff912227000 	C:\Windows\System32\SHELL32.dll
0x00007ff913500000 - 0x00007ff9135aa000 	C:\Windows\System32\shcore.dll
0x00007ff910360000 - 0x00007ff910a52000 	C:\Windows\System32\windows.storage.dll
0x00007ff9123a0000 - 0x00007ff9123f1000 	C:\Windows\System32\shlwapi.dll
0x00007ff90fa60000 - 0x00007ff90faac000 	C:\Windows\System32\powrprof.dll
0x00007ff90fa20000 - 0x00007ff90fa35000 	C:\Windows\System32\profapi.dll
0x00007ff908180000 - 0x00007ff90819a000 	C:\Program Files\JetBrains\IntelliJ IDEA Community Edition 2019.3.2\jbr\bin\net.dll
0x00007ff903e50000 - 0x00007ff903f27000 	C:\Windows\SYSTEM32\WINHTTP.dll
0x00007ff90f330000 - 0x00007ff90f38c000 	C:\Windows\system32\mswsock.dll
0x00007ff908150000 - 0x00007ff908164000 	C:\Program Files\JetBrains\IntelliJ IDEA Community Edition 2019.3.2\jbr\bin\nio.dll
0x00007ff8fc490000 - 0x00007ff8fc4aa000 	C:\Program Files\JetBrains\IntelliJ IDEA Community Edition 2019.3.2\bin\breakgen64.dll
0x00007ff908df0000 - 0x00007ff908dfa000 	C:\Program Files\JetBrains\IntelliJ IDEA Community Edition 2019.3.2\jbr\bin\management.dll
0x00007ff908d50000 - 0x00007ff908d5c000 	C:\Program Files\JetBrains\IntelliJ IDEA Community Edition 2019.3.2\jbr\bin\management_ext.dll
0x00007ff8ff580000 - 0x00007ff8ff596000 	C:\Windows\system32\napinsp.dll
0x00007ff8ff560000 - 0x00007ff8ff57a000 	C:\Windows\system32\pnrpnsp.dll
0x00007ff90c840000 - 0x00007ff90c858000 	C:\Windows\system32\NLAapi.dll
0x00007ff90f120000 - 0x00007ff90f1c4000 	C:\Windows\SYSTEM32\DNSAPI.dll
0x00007ff9134d0000 - 0x00007ff9134d8000 	C:\Windows\System32\NSI.dll
0x00007ff90f0d0000 - 0x00007ff90f107000 	C:\Windows\SYSTEM32\IPHLPAPI.DLL
0x00007ff8ff550000 - 0x00007ff8ff55e000 	C:\Windows\System32\winrnr.dll
0x00007ff8ff530000 - 0x00007ff8ff545000 	C:\Windows\System32\wshbth.dll
0x00007ff902d90000 - 0x00007ff902d9a000 	C:\Windows\System32\rasadhlp.dll
0x00007ff904270000 - 0x00007ff9042db000 	C:\Windows\System32\fwpuclnt.dll
0x00007ff90f5e0000 - 0x00007ff90f605000 	C:\Windows\SYSTEM32\bcrypt.dll
0x0000000180000000 - 0x0000000180286000 	C:\Users\USER\Desktop\apache-tomcat-8.5.65\bin\tcnative-1.dll
0x00007ff910090000 - 0x00007ff910259000 	C:\Windows\System32\CRYPT32.dll
0x00007ff90fa40000 - 0x00007ff90fa51000 	C:\Windows\System32\MSASN1.dll
0x00007ff90f4d0000 - 0x00007ff90f4e7000 	C:\Windows\SYSTEM32\CRYPTSP.dll
0x00007ff90ef50000 - 0x00007ff90ef84000 	C:\Windows\system32\rsaenh.dll
0x00007ff90f950000 - 0x00007ff90f979000 	C:\Windows\SYSTEM32\USERENV.dll
0x00007ff90f4f0000 - 0x00007ff90f4fb000 	C:\Windows\SYSTEM32\CRYPTBASE.dll
0x00007ff909580000 - 0x00007ff909596000 	C:\Windows\SYSTEM32\dhcpcsvc6.DLL
0x00007ff909560000 - 0x00007ff90957a000 	C:\Windows\SYSTEM32\dhcpcsvc.DLL

dbghelp: loaded successfully - version: 4.0.5 - missing functions: none
symbol engine: initialized successfully - sym options: 0x614 - pdb path: .;C:\Program Files\JetBrains\IntelliJ IDEA Community Edition 2019.3.2\jbr\bin;C:\Windows\SYSTEM32;C:\Windows\WinSxS\amd64_microsoft.windows.common-controls_6595b64144ccf1df_6.0.15063.0_none_108e4f62dfe5d999;C:\Program Files\JetBrains\IntelliJ IDEA Community Edition 2019.3.2\jbr\bin\server;C:\Program Files\JetBrains\IntelliJ IDEA Community Edition 2019.3.2\bin;C:\Users\USER\Desktop\apache-tomcat-8.5.65\bin

VM Arguments:
jvm_args: -javaagent:C:\Program Files\JetBrains\IntelliJ IDEA Community Edition 2019.3.2\lib\idea_rt.jar=56377:C:\Program Files\JetBrains\IntelliJ IDEA Community Edition 2019.3.2\bin -Dfile.encoding=UTF-8 
java_command: com.school.webapp.Application
java_class_path (initial): C:\Users\USER\Documents\My data\openjfx-13.0.2_windows-x64_bin-sdk\javafx-sdk-13.0.2;C:\Users\USER\Desktop\My projects\Spring-web-app-for-school-management-software-\target\classes;C:\Users\USER\.m2\repository\org\springframework\boot\spring-boot-starter-data-jpa\2.2.8.RELEASE\spring-boot-starter-data-jpa-2.2.8.RELEASE.jar;C:\Users\USER\.m2\repository\org\springframework\boot\spring-boot-starter-aop\2.2.8.RELEASE\spring-boot-starter-aop-2.2.8.RELEASE.jar;C:\Users\USER\.m2\repository\org\aspectj\aspectjweaver\1.9.5\aspectjweaver-1.9.5.jar;C:\Users\USER\.m2\repository\org\springframework\boot\spring-boot-starter-jdbc\2.2.8.RELEASE\spring-boot-starter-jdbc-2.2.8.RELEASE.jar;C:\Users\USER\.m2\repository\com\zaxxer\HikariCP\3.4.5\HikariCP-3.4.5.jar;C:\Users\USER\.m2\repository\org\springframework\spring-jdbc\5.2.7.RELEASE\spring-jdbc-5.2.7.RELEASE.jar;C:\Users\USER\.m2\repository\jakarta\persistence\jakarta.persistence-api\2.2.3\jakarta.persistence-api-2.2.3.jar;C:\Users\USER\.m2\repository\jakarta\transaction\jakarta.transaction-api\1.3.3\jakarta.transaction-api-1.3.3.jar;C:\Users\USER\.m2\repository\org\hibernate\hibernate-core\5.4.17.Final\hibernate-core-5.4.17.Final.jar;C:\Users\USER\.m2\repository\org\jboss\logging\jboss-logging\3.4.1.Final\jboss-logging-3.4.1.Final.jar;C:\Users\USER\.m2\repository\org\javassist\javassist\3.24.0-GA\javassist-3.24.0-GA.jar;C:\Users\USER\.m2\repository\net\bytebuddy\byte-buddy\1.10.11\byte-buddy-1.10.11.jar;C:\Users\USER\.m2\repository\antlr\antlr\2.7.7\antlr-2.7.7.jar;C:\Users\USER\.m2\repository\org\jboss\jandex\2.1.3.Final\jandex-2.1.3.Final.jar;C:\Users\USER\.m2\repository\com\fasterxml\classmate\1.5.1\classmate-1.5.1.jar;C:\Users\USER\.m2\repository\org\dom4j\dom4j\2.1.3\dom4j-2.1.3.jar;C:\Users\USER\.m2\repository\org\hibernate\common\hibernate-commons-annotations\5.1.0.Final\hibernate-commons-annotations-5.1.0.Final.jar;C:\Users\USER\.m2\repository\org\glassfish\jaxb\jaxb-runtime\2.3.3\jaxb-runtime-
Launcher Type: SUN_STANDARD

[Global flags]
     intx CICompilerCount                          = 2                                         {product} {ergonomic}
     uint ConcGCThreads                            = 1                                         {product} {ergonomic}
     uint G1ConcRefinementThreads                  = 2                                         {product} {ergonomic}
   size_t G1HeapRegionSize                         = 1048576                                   {product} {ergonomic}
    uintx GCDrainStackTargetSize                   = 64                                        {product} {ergonomic}
   size_t InitialHeapSize                          = 98566144                                  {product} {ergonomic}
   size_t MarkStackSize                            = 4194304                                   {product} {ergonomic}
   size_t MaxHeapSize                              = 1577058304                                {product} {ergonomic}
   size_t MaxNewSize                               = 945815552                                 {product} {ergonomic}
   size_t MinHeapDeltaBytes                        = 1048576                                   {product} {ergonomic}
    uintx NonNMethodCodeHeapSize                   = 5825164                                {pd product} {ergonomic}
    uintx NonProfiledCodeHeapSize                  = 122916538                              {pd product} {ergonomic}
    uintx ProfiledCodeHeapSize                     = 122916538                              {pd product} {ergonomic}
    uintx ReservedCodeCacheSize                    = 251658240                              {pd product} {ergonomic}
     bool SegmentedCodeCache                       = true                                      {product} {ergonomic}
     bool UseCompressedClassPointers               = true                                 {lp64_product} {ergonomic}
     bool UseCompressedOops                        = true                                 {lp64_product} {ergonomic}
     bool UseG1GC                                  = true                                      {product} {ergonomic}
     bool UseLargePagesIndividualAllocation        = false                                  {pd product} {ergonomic}

Logging:
Log output configuration:
 #0: stdout all=warning uptime,level,tags
 #1: stderr all=off uptime,level,tags

Environment Variables:
JAVA_HOME=C:\Program Files\Java
JRE_HOME=C:\Program Files (x86)\Java\jdk1.8.0_291\jre
PATH=C:\Program Files (x86)\Common Files\Oracle\Java\javapath;C:\Program Files\Common Files\Oracle\Java\javapath;C:\Windows\system32;C:\Windows;C:\Windows\System32\Wbem;C:\Windows\System32\WindowsPowerShell\v1.0\;C:\Program Files (x86)\NVIDIA Corporation\PhysX\Common;C:\Program Files\Git\cmd;C:\Users\USER\AppData\Local\Microsoft\WindowsApps;C:\Program Files\JetBrains\IntelliJ IDEA Community Edition 2019.3.2\bin;C:\Users\USER\Desktop\flutter\bin;C:\Users\USER\AppData\Local\Android\Sdk\platform-tools;C:\adb;C:\Users\USER\AppData\Local\Microsoft\WindowsApps;C:\Program Files\JetBrains\IntelliJ IDEA Community Edition 2019.3.2\bin;;C:\Users\USER\Desktop\flutter\bin;C:\Users\USER\Desktop\apache-tomcat-8.5.65\bin;
USERNAME=USER
OS=Windows_NT
PROCESSOR_IDENTIFIER=Intel64 Family 6 Model 23 Stepping 10, GenuineIntel



---------------  S Y S T E M  ---------------

OS: Windows 10 , 64 bit Build 15063 (10.0.15063.0)

CPU:total 2 (initial active 2) (2 cores per cpu, 1 threads per core) family 6 model 23 stepping 10, cmov, cx8, fxsr, mmx, sse, sse2, sse3, ssse3, sse4.1, tsc

Memory: 4k page, system-wide physical 6011M (1744M free)
TotalPageFile size 7478M (AvailPageFile size 5M)
current process WorkingSet (physical memory assigned to process): 235M, peak: 239M
current process commit charge ("private bytes"): 269M, peak: 271M

vm_info: OpenJDK 64-Bit Server VM (11.0.5+10-b520.30) for windows-amd64 JRE (11.0.5+10-b520.30), built on Dec 24 2019 12:06:09 by "" with MS VC++ 14.0 (VS2015)

END.
