#
# There is insufficient memory for the Java Runtime Environment to continue.
# Native memory allocation (malloc) failed to allocate 1128016 bytes for Chunk::new
# Possible reasons:
#   The system is out of physical RAM or swap space
#   The process is running with CompressedOops enabled, and the Java Heap may be blocking the growth of the native heap
# Possible solutions:
#   Reduce memory load on the system
#   Increase physical memory or swap space
#   Check if swap backing store is full
#   Decrease Java heap size (-Xmx/-Xms)
#   Decrease number of Java threads
#   Decrease Java thread stack sizes (-Xss)
#   Set larger code cache with -XX:ReservedCodeCacheSize=
#   JVM is running with Unscaled Compressed Oops mode in which the Java heap is
#     placed in the first 4GB address space. The Java Heap base address is the
#     maximum limit for the native heap growth. Please use -XX:HeapBaseMinAddress
#     to set the Java Heap base and to place the Java Heap above 4GB virtual address.
# This output file may be truncated or incomplete.
#
#  Out of Memory Error (c:/BuildAgent/work/5ff2f6c26000d570/src/hotspot/share/memory/arena.cpp:197), pid=6292, tid=5204
#
# JRE version: OpenJDK Runtime Environment (11.0.5+10) (build 11.0.5+10-b520.30)
# Java VM: OpenJDK 64-Bit Server VM (11.0.5+10-b520.30, mixed mode, sharing, tiered, compressed oops, g1 gc, windows-amd64)
# No core dump will be written. Minidumps are not enabled by default on client versions of Windows
#

---------------  S U M M A R Y ------------

Command Line: -javaagent:C:\Program Files\JetBrains\IntelliJ IDEA Community Edition 2019.3.2\lib\idea_rt.jar=56343:C:\Program Files\JetBrains\IntelliJ IDEA Community Edition 2019.3.2\bin -Dfile.encoding=UTF-8 com.school.webapp.Application

Host: Intel(R) Core(TM)2 Duo CPU     T6570  @ 2.10GHz, 2 cores, 5G,  Windows 10 , 64 bit Build 15063 (10.0.15063.0)
Time: Fri Apr 23 17:11:53 2021 W. Central Africa Standard Time elapsed time: 100 seconds (0d 0h 1m 40s)

---------------  T H R E A D  ---------------

Current thread (0x00000237f9e90800):  JavaThread "C2 CompilerThread0" daemon [_thread_in_native, id=5204, stack(0x0000004abc600000,0x0000004abc700000)]


Current CompileTask:
C2: 100233 5719       4       java.lang.ClassLoader::defineClass (43 bytes)

Stack: [0x0000004abc600000,0x0000004abc700000]
Native frames: (J=compiled Java code, j=interpreted, Vv=VM code, C=native code)
V  [jvm.dll+0x5dcafa]
V  [jvm.dll+0x70e375]
V  [jvm.dll+0x70f898]
V  [jvm.dll+0x70ff63]
V  [jvm.dll+0x23e238]
V  [jvm.dll+0xb8a9c]
V  [jvm.dll+0xb8fac]
V  [jvm.dll+0x34fc9d]
V  [jvm.dll+0x31d9d3]
V  [jvm.dll+0x31cf6a]
V  [jvm.dll+0x1f78c2]
V  [jvm.dll+0x1f6a94]
V  [jvm.dll+0x17f6fc]
V  [jvm.dll+0x204f77]
V  [jvm.dll+0x2037f1]
V  [jvm.dll+0x6d835f]
V  [jvm.dll+0x6d114d]
V  [jvm.dll+0x5dbdd6]
C  [ucrtbase.dll+0x20369]
C  [KERNEL32.DLL+0x12774]
C  [ntdll.dll+0x70d61]


---------------  P R O C E S S  ---------------

Threads class SMR info:
_java_thread_list=0x00000237faa70e50, length=29, elements={
0x00000237f9e77000, 0x00000237f9e78000, 0x00000237f9e8d800, 0x00000237f9e8e800,
0x00000237f9e90800, 0x00000237f9e96000, 0x00000237f9f00000, 0x00000237f061d800,
0x00000237fac0d000, 0x00000237fac0d800, 0x00000237fd62f000, 0x00000237fc6e9000,
0x00000237fc6d5000, 0x00000237fb925800, 0x00000237fc609800, 0x000002378f73d800,
0x00000237fe2af000, 0x00000237fc572000, 0x00000237fb92a000, 0x00000237fda41800,
0x00000237fda42800, 0x00000237fda40800, 0x00000237fda43000, 0x00000237fda44000,
0x00000237fda45000, 0x00000237fda47800, 0x00000237fda46800, 0x00000237fda45800,
0x000002378fc3d000
}

Java Threads: ( => current thread )
  0x00000237f9e77000 JavaThread "Reference Handler" daemon [_thread_blocked, id=7620, stack(0x0000004abc100000,0x0000004abc200000)]
  0x00000237f9e78000 JavaThread "Finalizer" daemon [_thread_blocked, id=2964, stack(0x0000004abc200000,0x0000004abc300000)]
  0x00000237f9e8d800 JavaThread "Signal Dispatcher" daemon [_thread_blocked, id=9972, stack(0x0000004abc400000,0x0000004abc500000)]
  0x00000237f9e8e800 JavaThread "Attach Listener" daemon [_thread_blocked, id=692, stack(0x0000004abc500000,0x0000004abc600000)]
=>0x00000237f9e90800 JavaThread "C2 CompilerThread0" daemon [_thread_in_native, id=5204, stack(0x0000004abc600000,0x0000004abc700000)]
  0x00000237f9e96000 JavaThread "C1 CompilerThread0" daemon [_thread_blocked, id=4480, stack(0x0000004abc700000,0x0000004abc800000)]
  0x00000237f9f00000 JavaThread "Sweeper thread" daemon [_thread_blocked, id=2176, stack(0x0000004abc800000,0x0000004abc900000)]
  0x00000237f061d800 JavaThread "Common-Cleaner" daemon [_thread_blocked, id=192, stack(0x0000004abc900000,0x0000004abca00000)]
  0x00000237fac0d000 JavaThread "Monitor Ctrl-Break" daemon [_thread_in_native, id=9620, stack(0x0000004abcb00000,0x0000004abcc00000)]
  0x00000237fac0d800 JavaThread "Service Thread" daemon [_thread_blocked, id=2720, stack(0x0000004abcc00000,0x0000004abcd00000)]
  0x00000237fd62f000 JavaThread "mysql-cj-abandoned-connection-cleanup" daemon [_thread_blocked, id=9816, stack(0x0000004abd300000,0x0000004abd400000)]
  0x00000237fc6e9000 JavaThread "HikariPool-1 housekeeper" daemon [_thread_blocked, id=8144, stack(0x0000004abd600000,0x0000004abd700000)]
  0x00000237fc6d5000 JavaThread "Catalina-utility-1" [_thread_blocked, id=8040, stack(0x0000004abd800000,0x0000004abd900000)]
  0x00000237fb925800 JavaThread "Catalina-utility-2" [_thread_blocked, id=9312, stack(0x0000004abd900000,0x0000004abda00000)]
  0x00000237fc609800 JavaThread "container-0" [_thread_blocked, id=6856, stack(0x0000004abda00000,0x0000004abdb00000)]
  0x000002378f73d800 JavaThread "http-nio-8080-BlockPoller" daemon [_thread_in_native, id=7132, stack(0x0000004abdb00000,0x0000004abdc00000)]
  0x00000237fe2af000 JavaThread "http-nio-8080-exec-1" daemon [_thread_blocked, id=5100, stack(0x0000004abdc00000,0x0000004abdd00000)]
  0x00000237fc572000 JavaThread "http-nio-8080-exec-2" daemon [_thread_blocked, id=208, stack(0x0000004abdd00000,0x0000004abde00000)]
  0x00000237fb92a000 JavaThread "http-nio-8080-exec-3" daemon [_thread_blocked, id=9384, stack(0x0000004abde00000,0x0000004abdf00000)]
  0x00000237fda41800 JavaThread "http-nio-8080-exec-4" daemon [_thread_blocked, id=1376, stack(0x0000004abdf00000,0x0000004abe000000)]
  0x00000237fda42800 JavaThread "http-nio-8080-exec-5" daemon [_thread_blocked, id=3376, stack(0x0000004abe000000,0x0000004abe100000)]
  0x00000237fda40800 JavaThread "http-nio-8080-exec-6" daemon [_thread_blocked, id=60, stack(0x0000004abe100000,0x0000004abe200000)]
  0x00000237fda43000 JavaThread "http-nio-8080-exec-7" daemon [_thread_blocked, id=8660, stack(0x0000004abe200000,0x0000004abe300000)]
  0x00000237fda44000 JavaThread "http-nio-8080-exec-8" daemon [_thread_blocked, id=9444, stack(0x0000004abe300000,0x0000004abe400000)]
  0x00000237fda45000 JavaThread "http-nio-8080-exec-9" daemon [_thread_blocked, id=5352, stack(0x0000004abe400000,0x0000004abe500000)]
  0x00000237fda47800 JavaThread "http-nio-8080-exec-10" daemon [_thread_blocked, id=7900, stack(0x0000004abe500000,0x0000004abe600000)]
  0x00000237fda46800 JavaThread "http-nio-8080-ClientPoller" daemon [_thread_in_native, id=8396, stack(0x0000004abe600000,0x0000004abe700000)]
  0x00000237fda45800 JavaThread "http-nio-8080-Acceptor" daemon [_thread_in_native, id=7816, stack(0x0000004abe700000,0x0000004abe800000)]
  0x000002378fc3d000 JavaThread "DestroyJavaVM" [_thread_blocked, id=2132, stack(0x0000004abba00000,0x0000004abbb00000)]

Other Threads:
  0x00000237f9e73000 VMThread "VM Thread" [stack: 0x0000004abc000000,0x0000004abc100000] [id=8668]
  0x00000237fac0e800 WatcherThread [stack: 0x0000004abcd00000,0x0000004abce00000] [id=9880]
  0x00000237f057e000 GCTaskThread "GC Thread#0" [stack: 0x0000004abbb00000,0x0000004abbc00000] [id=6664]
  0x00000237faaf3800 GCTaskThread "GC Thread#1" [stack: 0x0000004abca00000,0x0000004abcb00000] [id=6384]
  0x00000237f05a2800 ConcurrentGCThread "G1 Main Marker" [stack: 0x0000004abbc00000,0x0000004abbd00000] [id=7916]
  0x00000237f05a4000 ConcurrentGCThread "G1 Conc#0" [stack: 0x0000004abbd00000,0x0000004abbe00000] [id=7456]
  0x00000237f060f800 ConcurrentGCThread "G1 Refine#0" [stack: 0x0000004abbe00000,0x0000004abbf00000] [id=9160]
  0x00000237f0610800 ConcurrentGCThread "G1 Young RemSet Sampling" [stack: 0x0000004abbf00000,0x0000004abc000000] [id=8808]

Threads with active compile tasks:
C2 CompilerThread0 100379 5719       4       java.lang.ClassLoader::defineClass (43 bytes)

VM state:not at safepoint (normal execution)

VM Mutex/Monitor currently owned by a thread: None

Heap address: 0x00000000a2000000, size: 1504 MB, Compressed Oops mode: 32-bit
Narrow klass base: 0x0000000800000000, Narrow klass shift: 3
Compressed class space size: 1073741824 Address: 0x0000000840000000

Heap:
 garbage-first heap   total 96256K, used 58278K [0x00000000a2000000, 0x0000000100000000)
  region size 1024K, 37 young (37888K), 5 survivors (5120K)
 Metaspace       used 60438K, capacity 62017K, committed 62288K, reserved 1107968K
  class space    used 8021K, capacity 8659K, committed 8704K, reserved 1048576K
Heap Regions: E=young(eden), S=young(survivor), O=old, HS=humongous(starts), HC=humongous(continues), CS=collection set, F=free, A=archive, TAMS=top-at-mark-start (previous, next)
|   0|0x00000000a2000000, 0x00000000a2100000, 0x00000000a2100000|100%|HS|  |TAMS 0x00000000a2100000, 0x00000000a2000000| Complete 
|   1|0x00000000a2100000, 0x00000000a2200000, 0x00000000a2200000|100%| O|  |TAMS 0x00000000a2200000, 0x00000000a2100000| Untracked 
|   2|0x00000000a2200000, 0x00000000a2300000, 0x00000000a2300000|100%| O|  |TAMS 0x00000000a2300000, 0x00000000a2200000| Untracked 
|   3|0x00000000a2300000, 0x00000000a2400000, 0x00000000a2400000|100%| O|  |TAMS 0x00000000a2400000, 0x00000000a2300000| Untracked 
|   4|0x00000000a2400000, 0x00000000a2500000, 0x00000000a2500000|100%| O|  |TAMS 0x00000000a2500000, 0x00000000a2400000| Untracked 
|   5|0x00000000a2500000, 0x00000000a2600000, 0x00000000a2600000|100%| O|  |TAMS 0x00000000a2600000, 0x00000000a2500000| Untracked 
|   6|0x00000000a2600000, 0x00000000a2700000, 0x00000000a2700000|100%| O|  |TAMS 0x00000000a2700000, 0x00000000a2600000| Untracked 
|   7|0x00000000a2700000, 0x00000000a2800000, 0x00000000a2800000|100%| O|  |TAMS 0x00000000a2800000, 0x00000000a2700000| Untracked 
|   8|0x00000000a2800000, 0x00000000a2900000, 0x00000000a2900000|100%| O|  |TAMS 0x00000000a2900000, 0x00000000a2800000| Untracked 
|   9|0x00000000a2900000, 0x00000000a2a00000, 0x00000000a2a00000|100%| O|  |TAMS 0x00000000a2a00000, 0x00000000a2900000| Untracked 
|  10|0x00000000a2a00000, 0x00000000a2b00000, 0x00000000a2b00000|100%| O|  |TAMS 0x00000000a2b00000, 0x00000000a2a00000| Untracked 
|  11|0x00000000a2b00000, 0x00000000a2c00000, 0x00000000a2c00000|100%| O|  |TAMS 0x00000000a2c00000, 0x00000000a2b00000| Untracked 
|  12|0x00000000a2c00000, 0x00000000a2d00000, 0x00000000a2d00000|100%| O|  |TAMS 0x00000000a2d00000, 0x00000000a2c00000| Untracked 
|  13|0x00000000a2d00000, 0x00000000a2e00000, 0x00000000a2e00000|100%| O|  |TAMS 0x00000000a2e00000, 0x00000000a2d00000| Untracked 
|  14|0x00000000a2e00000, 0x00000000a2f00000, 0x00000000a2f00000|100%| O|  |TAMS 0x00000000a2f00000, 0x00000000a2e00000| Untracked 
|  15|0x00000000a2f00000, 0x00000000a3000000, 0x00000000a3000000|100%| O|  |TAMS 0x00000000a2f7d800, 0x00000000a2f00000| Untracked 
|  16|0x00000000a3000000, 0x00000000a3100000, 0x00000000a3100000|100%| O|  |TAMS 0x00000000a3000000, 0x00000000a3000000| Untracked 
|  17|0x00000000a3100000, 0x00000000a3200000, 0x00000000a3200000|100%| O|  |TAMS 0x00000000a3100000, 0x00000000a3100000| Untracked 
|  18|0x00000000a3200000, 0x00000000a3300000, 0x00000000a3300000|100%| O|  |TAMS 0x00000000a3200000, 0x00000000a3200000| Untracked 
|  19|0x00000000a3300000, 0x00000000a3400000, 0x00000000a3400000|100%| O|  |TAMS 0x00000000a3300000, 0x00000000a3300000| Untracked 
|  20|0x00000000a3400000, 0x00000000a3500000, 0x00000000a3500000|100%| O|  |TAMS 0x00000000a3400000, 0x00000000a3400000| Untracked 
|  21|0x00000000a3500000, 0x00000000a3600000, 0x00000000a3600000|100%| O|  |TAMS 0x00000000a3500000, 0x00000000a3500000| Untracked 
|  22|0x00000000a3600000, 0x00000000a3637e00, 0x00000000a3700000| 21%| O|  |TAMS 0x00000000a3600000, 0x00000000a3600000| Untracked 
|  23|0x00000000a3700000, 0x00000000a3700000, 0x00000000a3800000|  0%| F|  |TAMS 0x00000000a3700000, 0x00000000a3700000| Untracked 
|  24|0x00000000a3800000, 0x00000000a3800000, 0x00000000a3900000|  0%| F|  |TAMS 0x00000000a3800000, 0x00000000a3800000| Untracked 
|  25|0x00000000a3900000, 0x00000000a3900000, 0x00000000a3a00000|  0%| F|  |TAMS 0x00000000a3900000, 0x00000000a3900000| Untracked 
|  26|0x00000000a3a00000, 0x00000000a3a00000, 0x00000000a3b00000|  0%| F|  |TAMS 0x00000000a3a00000, 0x00000000a3a00000| Untracked 
|  27|0x00000000a3b00000, 0x00000000a3b00000, 0x00000000a3c00000|  0%| F|  |TAMS 0x00000000a3b00000, 0x00000000a3b00000| Untracked 
|  28|0x00000000a3c00000, 0x00000000a3c00000, 0x00000000a3d00000|  0%| F|  |TAMS 0x00000000a3c00000, 0x00000000a3c00000| Untracked 
|  29|0x00000000a3d00000, 0x00000000a3d00000, 0x00000000a3e00000|  0%| F|  |TAMS 0x00000000a3d00000, 0x00000000a3d00000| Untracked 
|  30|0x00000000a3e00000, 0x00000000a3e00000, 0x00000000a3f00000|  0%| F|  |TAMS 0x00000000a3e00000, 0x00000000a3e00000| Untracked 
|  31|0x00000000a3f00000, 0x00000000a3f00000, 0x00000000a4000000|  0%| F|  |TAMS 0x00000000a3f00000, 0x00000000a3f00000| Untracked 
|  32|0x00000000a4000000, 0x00000000a4000000, 0x00000000a4100000|  0%| F|  |TAMS 0x00000000a4000000, 0x00000000a4000000| Untracked 
|  33|0x00000000a4100000, 0x00000000a4100000, 0x00000000a4200000|  0%| F|  |TAMS 0x00000000a4100000, 0x00000000a4100000| Untracked 
|  34|0x00000000a4200000, 0x00000000a4200000, 0x00000000a4300000|  0%| F|  |TAMS 0x00000000a4200000, 0x00000000a4200000| Untracked 
|  35|0x00000000a4300000, 0x00000000a4300000, 0x00000000a4400000|  0%| F|  |TAMS 0x00000000a4300000, 0x00000000a4300000| Untracked 
|  36|0x00000000a4400000, 0x00000000a4400000, 0x00000000a4500000|  0%| F|  |TAMS 0x00000000a4400000, 0x00000000a4400000| Untracked 
|  37|0x00000000a4500000, 0x00000000a4500000, 0x00000000a4600000|  0%| F|  |TAMS 0x00000000a4500000, 0x00000000a4500000| Untracked 
|  38|0x00000000a4600000, 0x00000000a4600000, 0x00000000a4700000|  0%| F|  |TAMS 0x00000000a4600000, 0x00000000a4600000| Untracked 
|  39|0x00000000a4700000, 0x00000000a4700000, 0x00000000a4800000|  0%| F|  |TAMS 0x00000000a4700000, 0x00000000a4700000| Untracked 
|  40|0x00000000a4800000, 0x00000000a4800000, 0x00000000a4900000|  0%| F|  |TAMS 0x00000000a4800000, 0x00000000a4800000| Untracked 
|  41|0x00000000a4900000, 0x00000000a4900000, 0x00000000a4a00000|  0%| F|  |TAMS 0x00000000a4900000, 0x00000000a4900000| Untracked 
|  42|0x00000000a4a00000, 0x00000000a4a00000, 0x00000000a4b00000|  0%| F|  |TAMS 0x00000000a4a00000, 0x00000000a4a00000| Untracked 
|  43|0x00000000a4b00000, 0x00000000a4b00000, 0x00000000a4c00000|  0%| F|  |TAMS 0x00000000a4b00000, 0x00000000a4b00000| Untracked 
|  44|0x00000000a4c00000, 0x00000000a4c00000, 0x00000000a4d00000|  0%| F|  |TAMS 0x00000000a4c00000, 0x00000000a4c00000| Untracked 
|  45|0x00000000a4d00000, 0x00000000a4d00000, 0x00000000a4e00000|  0%| F|  |TAMS 0x00000000a4d00000, 0x00000000a4d00000| Untracked 
|  46|0x00000000a4e00000, 0x00000000a4eb1a90, 0x00000000a4f00000| 69%| S|CS|TAMS 0x00000000a4e00000, 0x00000000a4e00000| Complete 
|  47|0x00000000a4f00000, 0x00000000a5000000, 0x00000000a5000000|100%| S|CS|TAMS 0x00000000a4f00000, 0x00000000a4f00000| Complete 
|  48|0x00000000a5000000, 0x00000000a5100000, 0x00000000a5100000|100%| S|CS|TAMS 0x00000000a5000000, 0x00000000a5000000| Complete 
|  49|0x00000000a5100000, 0x00000000a5200000, 0x00000000a5200000|100%| S|CS|TAMS 0x00000000a5100000, 0x00000000a5100000| Complete 
|  50|0x00000000a5200000, 0x00000000a5300000, 0x00000000a5300000|100%| S|CS|TAMS 0x00000000a5200000, 0x00000000a5200000| Complete 
|  51|0x00000000a5300000, 0x00000000a5300000, 0x00000000a5400000|  0%| F|  |TAMS 0x00000000a5300000, 0x00000000a5300000| Untracked 
|  52|0x00000000a5400000, 0x00000000a5400000, 0x00000000a5500000|  0%| F|  |TAMS 0x00000000a5400000, 0x00000000a5400000| Untracked 
|  53|0x00000000a5500000, 0x00000000a5500000, 0x00000000a5600000|  0%| F|  |TAMS 0x00000000a5500000, 0x00000000a5500000| Untracked 
|  54|0x00000000a5600000, 0x00000000a5600000, 0x00000000a5700000|  0%| F|  |TAMS 0x00000000a5600000, 0x00000000a5600000| Untracked 
|  55|0x00000000a5700000, 0x00000000a5700000, 0x00000000a5800000|  0%| F|  |TAMS 0x00000000a5700000, 0x00000000a5700000| Untracked 
|  56|0x00000000a5800000, 0x00000000a5800000, 0x00000000a5900000|  0%| F|  |TAMS 0x00000000a5800000, 0x00000000a5800000| Untracked 
|  57|0x00000000a5900000, 0x00000000a5900000, 0x00000000a5a00000|  0%| F|  |TAMS 0x00000000a5900000, 0x00000000a5900000| Untracked 
|  58|0x00000000a5a00000, 0x00000000a5a00000, 0x00000000a5b00000|  0%| F|  |TAMS 0x00000000a5a00000, 0x00000000a5a00000| Untracked 
|  59|0x00000000a5b00000, 0x00000000a5b00000, 0x00000000a5c00000|  0%| F|  |TAMS 0x00000000a5b00000, 0x00000000a5b00000| Untracked 
|  60|0x00000000a5c00000, 0x00000000a5c00000, 0x00000000a5d00000|  0%| F|  |TAMS 0x00000000a5c00000, 0x00000000a5c00000| Untracked 
|  61|0x00000000a5d00000, 0x00000000a5d00000, 0x00000000a5e00000|  0%| F|  |TAMS 0x00000000a5d00000, 0x00000000a5d00000| Untracked 
|  62|0x00000000a5e00000, 0x00000000a5e32720, 0x00000000a5f00000| 19%| E|  |TAMS 0x00000000a5e00000, 0x00000000a5e00000| Complete 
|  63|0x00000000a5f00000, 0x00000000a6000000, 0x00000000a6000000|100%| E|CS|TAMS 0x00000000a5f00000, 0x00000000a5f00000| Complete 
|  64|0x00000000a6000000, 0x00000000a6100000, 0x00000000a6100000|100%| E|CS|TAMS 0x00000000a6000000, 0x00000000a6000000| Complete 
|  65|0x00000000a6100000, 0x00000000a6200000, 0x00000000a6200000|100%| E|CS|TAMS 0x00000000a6100000, 0x00000000a6100000| Complete 
|  66|0x00000000a6200000, 0x00000000a6300000, 0x00000000a6300000|100%| E|CS|TAMS 0x00000000a6200000, 0x00000000a6200000| Complete 
|  67|0x00000000a6300000, 0x00000000a6400000, 0x00000000a6400000|100%| E|CS|TAMS 0x00000000a6300000, 0x00000000a6300000| Complete 
|  68|0x00000000a6400000, 0x00000000a6500000, 0x00000000a6500000|100%| E|CS|TAMS 0x00000000a6400000, 0x00000000a6400000| Complete 
|  69|0x00000000a6500000, 0x00000000a6600000, 0x00000000a6600000|100%| E|  |TAMS 0x00000000a6500000, 0x00000000a6500000| Complete 
|  70|0x00000000a6600000, 0x00000000a6700000, 0x00000000a6700000|100%| E|CS|TAMS 0x00000000a6600000, 0x00000000a6600000| Complete 
|  71|0x00000000a6700000, 0x00000000a6800000, 0x00000000a6800000|100%| E|CS|TAMS 0x00000000a6700000, 0x00000000a6700000| Complete 
|  72|0x00000000a6800000, 0x00000000a6900000, 0x00000000a6900000|100%| E|CS|TAMS 0x00000000a6800000, 0x00000000a6800000| Complete 
|  73|0x00000000a6900000, 0x00000000a6a00000, 0x00000000a6a00000|100%| E|CS|TAMS 0x00000000a6900000, 0x00000000a6900000| Complete 
|  74|0x00000000a6a00000, 0x00000000a6b00000, 0x00000000a6b00000|100%| E|CS|TAMS 0x00000000a6a00000, 0x00000000a6a00000| Complete 
|  75|0x00000000a6b00000, 0x00000000a6c00000, 0x00000000a6c00000|100%| E|CS|TAMS 0x00000000a6b00000, 0x00000000a6b00000| Complete 
|  76|0x00000000a6c00000, 0x00000000a6d00000, 0x00000000a6d00000|100%| E|CS|TAMS 0x00000000a6c00000, 0x00000000a6c00000| Complete 
|  77|0x00000000a6d00000, 0x00000000a6e00000, 0x00000000a6e00000|100%| E|CS|TAMS 0x00000000a6d00000, 0x00000000a6d00000| Complete 
|  78|0x00000000a6e00000, 0x00000000a6f00000, 0x00000000a6f00000|100%| E|CS|TAMS 0x00000000a6e00000, 0x00000000a6e00000| Complete 
|  79|0x00000000a6f00000, 0x00000000a7000000, 0x00000000a7000000|100%| E|CS|TAMS 0x00000000a6f00000, 0x00000000a6f00000| Complete 
|  80|0x00000000a7000000, 0x00000000a7100000, 0x00000000a7100000|100%| E|CS|TAMS 0x00000000a7000000, 0x00000000a7000000| Complete 
|  81|0x00000000a7100000, 0x00000000a7200000, 0x00000000a7200000|100%| E|CS|TAMS 0x00000000a7100000, 0x00000000a7100000| Complete 
|  82|0x00000000a7200000, 0x00000000a7300000, 0x00000000a7300000|100%| E|CS|TAMS 0x00000000a7200000, 0x00000000a7200000| Complete 
|  83|0x00000000a7300000, 0x00000000a7400000, 0x00000000a7400000|100%| E|CS|TAMS 0x00000000a7300000, 0x00000000a7300000| Complete 
|  84|0x00000000a7400000, 0x00000000a7500000, 0x00000000a7500000|100%| E|CS|TAMS 0x00000000a7400000, 0x00000000a7400000| Complete 
|  85|0x00000000a7500000, 0x00000000a7600000, 0x00000000a7600000|100%| E|CS|TAMS 0x00000000a7500000, 0x00000000a7500000| Complete 
|  86|0x00000000a7600000, 0x00000000a7700000, 0x00000000a7700000|100%| E|CS|TAMS 0x00000000a7600000, 0x00000000a7600000| Complete 
|  87|0x00000000a7700000, 0x00000000a7800000, 0x00000000a7800000|100%| E|CS|TAMS 0x00000000a7700000, 0x00000000a7700000| Complete 
|  88|0x00000000a7800000, 0x00000000a7900000, 0x00000000a7900000|100%| E|CS|TAMS 0x00000000a7800000, 0x00000000a7800000| Complete 
|  89|0x00000000a7900000, 0x00000000a7a00000, 0x00000000a7a00000|100%| E|CS|TAMS 0x00000000a7900000, 0x00000000a7900000| Complete 
|  90|0x00000000a7a00000, 0x00000000a7b00000, 0x00000000a7b00000|100%| E|CS|TAMS 0x00000000a7a00000, 0x00000000a7a00000| Complete 
|  91|0x00000000a7b00000, 0x00000000a7c00000, 0x00000000a7c00000|100%| E|CS|TAMS 0x00000000a7b00000, 0x00000000a7b00000| Complete 
|  92|0x00000000a7c00000, 0x00000000a7d00000, 0x00000000a7d00000|100%| E|CS|TAMS 0x00000000a7c00000, 0x00000000a7c00000| Complete 
|  93|0x00000000a7d00000, 0x00000000a7e00000, 0x00000000a7e00000|100%| E|CS|TAMS 0x00000000a7d00000, 0x00000000a7d00000| Complete 

Card table byte_map: [0x00000237f4620000,0x00000237f4910000] _byte_map_base: 0x00000237f4110000

Marking Bits (Prev, Next): (CMBitMap*) 0x00000237f059bfe0, (CMBitMap*) 0x00000237f059bfa8
 Prev Bits: [0x00000237f6380000, 0x00000237f7b00000)
 Next Bits: [0x00000237f4c00000, 0x00000237f6380000)

Polling page: 0x00000237efd30000

Metaspace:

Usage:
  Non-class:     52.11 MB capacity,    51.19 MB ( 98%) used,   743.53 KB (  1%) free+waste,   196.69 KB ( <1%) overhead. 
      Class:      8.46 MB capacity,     7.83 MB ( 93%) used,   545.70 KB (  6%) free+waste,    92.19 KB (  1%) overhead. 
       Both:     60.56 MB capacity,    59.02 MB ( 97%) used,     1.26 MB (  2%) free+waste,   288.88 KB ( <1%) overhead. 

Virtual space:
  Non-class space:       58.00 MB reserved,      52.33 MB ( 90%) committed 
      Class space:        1.00 GB reserved,       8.50 MB ( <1%) committed 
             Both:        1.06 GB reserved,      60.83 MB (  6%) committed 

Chunk freelists:
   Non-Class:  34.00 KB
       Class:  13.00 KB
        Both:  47.00 KB

MaxMetaspaceSize: 17179869184.00 GB
CompressedClassSpaceSize: 1.00 GB

CodeHeap 'non-profiled nmethods': size=120064Kb used=3471Kb max_used=3471Kb free=116592Kb
 bounds [0x0000023787ac0000, 0x0000023787e30000, 0x000002378f000000]
CodeHeap 'profiled nmethods': size=120000Kb used=13465Kb max_used=13465Kb free=106534Kb
 bounds [0x0000023780590000, 0x00000237812c0000, 0x0000023787ac0000]
CodeHeap 'non-nmethods': size=5696Kb used=1249Kb max_used=1275Kb free=4446Kb
 bounds [0x0000023780000000, 0x0000023780270000, 0x0000023780590000]
 total_blobs=8049 nmethods=5573 adapters=527
 compilation: enabled
              stopped_count=0, restarted_count=0
 full_count=0

Compilation events (20 events):
Event: 99.962 Thread 0x00000237f9e96000 nmethod 5712 0x000002378129b410 code [0x000002378129b6a0, 0x000002378129c260]
Event: 99.963 Thread 0x00000237f9e96000 5713       3       java.security.Provider::parseLegacyPut (443 bytes)
Event: 99.967 Thread 0x00000237f9e96000 nmethod 5713 0x000002378129c590 code [0x000002378129cac0, 0x000002378129f320]
Event: 99.967 Thread 0x00000237f9e96000 5714       3       java.security.Provider::getTypeAndAlgorithm (87 bytes)
Event: 99.968 Thread 0x00000237f9e96000 nmethod 5714 0x00000237812a0190 code [0x00000237812a03c0, 0x00000237812a0ca0]
Event: 99.988 Thread 0x00000237f9e90800 5715       4       sun.security.provider.SHA2::lf_sigma1 (21 bytes)
Event: 99.988 Thread 0x00000237f9e96000 5717       3       java.net.URLStreamHandler::parseURL (1201 bytes)
Event: 99.988 Thread 0x00000237f9e90800 nmethod 5715 0x0000023787e23710 code [0x0000023787e238a0, 0x0000023787e238f8]
Event: 99.989 Thread 0x00000237f9e90800 5716       4       sun.security.provider.SHA2::lf_sigma0 (20 bytes)
Event: 99.989 Thread 0x00000237f9e90800 nmethod 5716 0x0000023787e23990 code [0x0000023787e23b20, 0x0000023787e23b78]
Event: 100.024 Thread 0x00000237f9e96000 nmethod 5717 0x00000237812a0f10 code [0x00000237812a21c0, 0x00000237812adc30]
Event: 100.087 Thread 0x00000237f9e96000 5718       3       java.util.Objects::equals (23 bytes)
Event: 100.087 Thread 0x00000237f9e90800 5719       4       java.lang.ClassLoader::defineClass (43 bytes)
Event: 100.087 Thread 0x00000237f9e96000 nmethod 5718 0x00000237812b2090 code [0x00000237812b2260, 0x00000237812b2550]
Event: 100.104 Thread 0x00000237f9e96000 5721       3       org.springframework.core.SerializableTypeWrapper$MethodInvokeTypeProvider::getType (58 bytes)
Event: 100.105 Thread 0x00000237f9e96000 nmethod 5721 0x00000237812b2610 code [0x00000237812b28a0, 0x00000237812b3570]
Event: 100.125 Thread 0x00000237f9e96000 5722   !   3       jdk.internal.loader.BuiltinClassLoader::findClassOnClassPathOrNull (64 bytes)
Event: 100.126 Thread 0x00000237f9e96000 nmethod 5722 0x00000237812b3990 code [0x00000237812b3bc0, 0x00000237812b4140]
Event: 100.189 Thread 0x00000237f9e96000 5723       3       java.net.URLStreamHandler::setURL (73 bytes)
Event: 100.190 Thread 0x00000237f9e96000 nmethod 5723 0x00000237812b4390 code [0x00000237812b45e0, 0x00000237812b4e20]

GC Heap History (20 events):
Event: 14.927 GC heap before
{Heap before GC invocations=6 (full 0):
 garbage-first heap   total 96256K, used 48861K [0x00000000a2000000, 0x0000000100000000)
  region size 1024K, 40 young (40960K), 3 survivors (3072K)
 Metaspace       used 17999K, capacity 18612K, committed 18688K, reserved 1064960K
  class space    used 2312K, capacity 2538K, committed 2560K, reserved 1048576K
}
Event: 14.945 GC heap after
{Heap after GC invocations=7 (full 0):
 garbage-first heap   total 96256K, used 11962K [0x00000000a2000000, 0x0000000100000000)
  region size 1024K, 3 young (3072K), 3 survivors (3072K)
 Metaspace       used 17999K, capacity 18612K, committed 18688K, reserved 1064960K
  class space    used 2312K, capacity 2538K, committed 2560K, reserved 1048576K
}
Event: 16.221 GC heap before
{Heap before GC invocations=7 (full 0):
 garbage-first heap   total 96256K, used 54970K [0x00000000a2000000, 0x0000000100000000)
  region size 1024K, 46 young (47104K), 3 survivors (3072K)
 Metaspace       used 18874K, capacity 19448K, committed 19584K, reserved 1067008K
  class space    used 2408K, capacity 2646K, committed 2688K, reserved 1048576K
}
Event: 16.236 GC heap after
{Heap after GC invocations=8 (full 0):
 garbage-first heap   total 96256K, used 12587K [0x00000000a2000000, 0x0000000100000000)
  region size 1024K, 4 young (4096K), 4 survivors (4096K)
 Metaspace       used 18874K, capacity 19448K, committed 19584K, reserved 1067008K
  class space    used 2408K, capacity 2646K, committed 2688K, reserved 1048576K
}
Event: 20.371 GC heap before
{Heap before GC invocations=8 (full 0):
 garbage-first heap   total 96256K, used 38187K [0x00000000a2000000, 0x0000000100000000)
  region size 1024K, 30 young (30720K), 4 survivors (4096K)
 Metaspace       used 20491K, capacity 21145K, committed 21296K, reserved 1067008K
  class space    used 2601K, capacity 2862K, committed 2944K, reserved 1048576K
}
Event: 20.391 GC heap after
{Heap after GC invocations=9 (full 0):
 garbage-first heap   total 96256K, used 13684K [0x00000000a2000000, 0x0000000100000000)
  region size 1024K, 5 young (5120K), 5 survivors (5120K)
 Metaspace       used 20491K, capacity 21145K, committed 21296K, reserved 1067008K
  class space    used 2601K, capacity 2862K, committed 2944K, reserved 1048576K
}
Event: 30.657 GC heap before
{Heap before GC invocations=10 (full 0):
 garbage-first heap   total 96256K, used 61812K [0x00000000a2000000, 0x0000000100000000)
  region size 1024K, 52 young (53248K), 5 survivors (5120K)
 Metaspace       used 26730K, capacity 27622K, committed 27824K, reserved 1073152K
  class space    used 3474K, capacity 3834K, committed 3840K, reserved 1048576K
}
Event: 30.688 GC heap after
{Heap after GC invocations=11 (full 0):
 garbage-first heap   total 96256K, used 15916K [0x00000000a2000000, 0x0000000100000000)
  region size 1024K, 6 young (6144K), 6 survivors (6144K)
 Metaspace       used 26730K, capacity 27622K, committed 27824K, reserved 1073152K
  class space    used 3474K, capacity 3834K, committed 3840K, reserved 1048576K
}
Event: 35.003 GC heap before
{Heap before GC invocations=11 (full 0):
 garbage-first heap   total 96256K, used 66092K [0x00000000a2000000, 0x0000000100000000)
  region size 1024K, 56 young (57344K), 6 survivors (6144K)
 Metaspace       used 29077K, capacity 30021K, committed 30128K, reserved 1075200K
  class space    used 3716K, capacity 4078K, committed 4096K, reserved 1048576K
}
Event: 35.031 GC heap after
{Heap after GC invocations=12 (full 0):
 garbage-first heap   total 96256K, used 17177K [0x00000000a2000000, 0x0000000100000000)
  region size 1024K, 4 young (4096K), 4 survivors (4096K)
 Metaspace       used 29077K, capacity 30021K, committed 30128K, reserved 1075200K
  class space    used 3716K, capacity 4078K, committed 4096K, reserved 1048576K
}
Event: 38.603 GC heap before
{Heap before GC invocations=12 (full 0):
 garbage-first heap   total 96256K, used 58137K [0x00000000a2000000, 0x0000000100000000)
  region size 1024K, 45 young (46080K), 4 survivors (4096K)
 Metaspace       used 34790K, capacity 35760K, committed 35920K, reserved 1081344K
  class space    used 4601K, capacity 5031K, committed 5120K, reserved 1048576K
}
Event: 38.629 GC heap after
{Heap after GC invocations=13 (full 0):
 garbage-first heap   total 96256K, used 18201K [0x00000000a2000000, 0x0000000100000000)
  region size 1024K, 5 young (5120K), 5 survivors (5120K)
 Metaspace       used 34790K, capacity 35760K, committed 35920K, reserved 1081344K
  class space    used 4601K, capacity 5031K, committed 5120K, reserved 1048576K
}
Event: 40.633 GC heap before
{Heap before GC invocations=14 (full 0):
 garbage-first heap   total 96256K, used 36633K [0x00000000a2000000, 0x0000000100000000)
  region size 1024K, 24 young (24576K), 5 survivors (5120K)
 Metaspace       used 38531K, capacity 39563K, committed 39632K, reserved 1089536K
  class space    used 5086K, capacity 5488K, committed 5504K, reserved 1048576K
}
Event: 40.667 GC heap after
{Heap after GC invocations=15 (full 0):
 garbage-first heap   total 96256K, used 20910K [0x00000000a2000000, 0x0000000100000000)
  region size 1024K, 5 young (5120K), 5 survivors (5120K)
 Metaspace       used 38531K, capacity 39563K, committed 39632K, reserved 1089536K
  class space    used 5086K, capacity 5488K, committed 5504K, reserved 1048576K
}
Event: 45.673 GC heap before
{Heap before GC invocations=16 (full 0):
 garbage-first heap   total 96256K, used 59822K [0x00000000a2000000, 0x0000000100000000)
  region size 1024K, 43 young (44032K), 5 survivors (5120K)
 Metaspace       used 45384K, capacity 46438K, committed 46544K, reserved 1093632K
  class space    used 6094K, capacity 6515K, committed 6528K, reserved 1048576K
}
Event: 45.699 GC heap after
{Heap after GC invocations=17 (full 0):
 garbage-first heap   total 96256K, used 22387K [0x00000000a2000000, 0x0000000100000000)
  region size 1024K, 4 young (4096K), 4 survivors (4096K)
 Metaspace       used 45384K, capacity 46438K, committed 46544K, reserved 1093632K
  class space    used 6094K, capacity 6515K, committed 6528K, reserved 1048576K
}
Event: 51.355 GC heap before
{Heap before GC invocations=17 (full 0):
 garbage-first heap   total 96256K, used 62323K [0x00000000a2000000, 0x0000000100000000)
  region size 1024K, 43 young (44032K), 4 survivors (4096K)
 Metaspace       used 50420K, capacity 51672K, committed 51920K, reserved 1099776K
  class space    used 6745K, capacity 7249K, committed 7296K, reserved 1048576K
}
Event: 51.381 GC heap after
{Heap after GC invocations=18 (full 0):
 garbage-first heap   total 96256K, used 24855K [0x00000000a2000000, 0x0000000100000000)
  region size 1024K, 4 young (4096K), 4 survivors (4096K)
 Metaspace       used 50420K, capacity 51672K, committed 51920K, reserved 1099776K
  class space    used 6745K, capacity 7249K, committed 7296K, reserved 1048576K
}
Event: 54.486 GC heap before
{Heap before GC invocations=18 (full 0):
 garbage-first heap   total 96256K, used 64791K [0x00000000a2000000, 0x0000000100000000)
  region size 1024K, 43 young (44032K), 4 survivors (4096K)
 Metaspace       used 54250K, capacity 55696K, committed 55888K, reserved 1101824K
  class space    used 7277K, capacity 7853K, committed 7936K, reserved 1048576K
}
Event: 54.515 GC heap after
{Heap after GC invocations=19 (full 0):
 garbage-first heap   total 96256K, used 27558K [0x00000000a2000000, 0x0000000100000000)
  region size 1024K, 5 young (5120K), 5 survivors (5120K)
 Metaspace       used 54250K, capacity 55696K, committed 55888K, reserved 1101824K
  class space    used 7277K, capacity 7853K, committed 7936K, reserved 1048576K
}

Deoptimization events (20 events):
Event: 99.668 Thread 0x00000237fe2af000 Uncommon trap: trap_request=0xffffff4d fr.pc=0x0000023787afe060 relative=0x0000000000000fa0
Event: 99.668 Thread 0x00000237fe2af000 Uncommon trap: reason=unstable_if action=reinterpret pc=0x0000023787afe060 method=java.security.CodeSource.getCertificates()[Ljava/security/cert/Certificate; @ 4 c2
Event: 99.668 Thread 0x00000237fe2af000 DEOPT PACKING pc=0x0000023787afe060 sp=0x0000004abdcf7550
Event: 99.668 Thread 0x00000237fe2af000 DEOPT UNPACKING pc=0x0000023780028429 sp=0x0000004abdcf74e8 mode 2
Event: 99.770 Thread 0x00000237fe2af000 Uncommon trap: trap_request=0xffffff4d fr.pc=0x0000023787b6883c relative=0x000000000000033c
Event: 99.770 Thread 0x00000237fe2af000 Uncommon trap: reason=unstable_if action=reinterpret pc=0x0000023787b6883c method=java.util.HashMap.putVal(ILjava/lang/Object;Ljava/lang/Object;ZZ)Ljava/lang/Object; @ 162 c2
Event: 99.770 Thread 0x00000237fe2af000 DEOPT PACKING pc=0x0000023787b6883c sp=0x0000004abdcf7810
Event: 99.770 Thread 0x00000237fe2af000 DEOPT UNPACKING pc=0x0000023780028429 sp=0x0000004abdcf77b0 mode 2
Event: 99.787 Thread 0x00000237fe2af000 Uncommon trap: trap_request=0xffffff4d fr.pc=0x0000023787d06ed4 relative=0x00000000000000b4
Event: 99.787 Thread 0x00000237fe2af000 Uncommon trap: reason=unstable_if action=reinterpret pc=0x0000023787d06ed4 method=java.security.CodeSource.matchCerts(Ljava/security/CodeSource;Z)Z @ 11 c2
Event: 99.787 Thread 0x00000237fe2af000 DEOPT PACKING pc=0x0000023787d06ed4 sp=0x0000004abdcf8960
Event: 99.787 Thread 0x00000237fe2af000 DEOPT UNPACKING pc=0x0000023780028429 sp=0x0000004abdcf88f8 mode 2
Event: 99.986 Thread 0x00000237fe2af000 Uncommon trap: trap_request=0xffffff4d fr.pc=0x0000023787d4a07c relative=0x0000000000002a7c
Event: 99.986 Thread 0x00000237fe2af000 Uncommon trap: reason=unstable_if action=reinterpret pc=0x0000023787d4a07c method=java.net.URLStreamHandler.parseURL(Ljava/net/URL;Ljava/lang/String;II)V @ 155 c2
Event: 99.986 Thread 0x00000237fe2af000 DEOPT PACKING pc=0x0000023787d4a07c sp=0x0000004abdcfa7a0
Event: 99.986 Thread 0x00000237fe2af000 DEOPT UNPACKING pc=0x0000023780028429 sp=0x0000004abdcfa750 mode 2
Event: 99.986 Thread 0x00000237fe2af000 Uncommon trap: trap_request=0xffffff4d fr.pc=0x0000023787b56f04 relative=0x00000000000009c4
Event: 99.986 Thread 0x00000237fe2af000 Uncommon trap: reason=unstable_if action=reinterpret pc=0x0000023787b56f04 method=sun.net.util.IPAddressUtil.scan(Ljava/lang/String;JJ[C)I @ 14 c2
Event: 99.986 Thread 0x00000237fe2af000 DEOPT PACKING pc=0x0000023787b56f04 sp=0x0000004abdcfa6a0
Event: 99.986 Thread 0x00000237fe2af000 DEOPT UNPACKING pc=0x0000023780028429 sp=0x0000004abdcfa560 mode 2

Classes redefined (0 events):
No events

Internal exceptions (20 events):
Event: 49.292 Thread 0x00000237f0565800 Exception <a 'java/lang/ClassNotFoundException'{0x00000000a5c0b0c8}: org/springframework/web/context/ServletContextAwareCustomizer> (0x00000000a5c0b0c8) thrown at [c:/BuildAgent/work/5ff2f6c26000d570/src/hotspot/share/classfile/systemDictionary.cpp, line 
Event: 49.293 Thread 0x00000237f0565800 Exception <a 'java/lang/ClassNotFoundException'{0x00000000a5c1a718}: org/springframework/beans/factory/AwareCustomizer> (0x00000000a5c1a718) thrown at [c:/BuildAgent/work/5ff2f6c26000d570/src/hotspot/share/classfile/systemDictionary.cpp, line 231]
Event: 50.733 Thread 0x00000237f0565800 Exception <a 'java/lang/ClassNotFoundException'{0x00000000a5b2c020}: java/lang/ObjectCustomizer> (0x00000000a5b2c020) thrown at [c:/BuildAgent/work/5ff2f6c26000d570/src/hotspot/share/classfile/systemDictionary.cpp, line 231]
Event: 50.734 Thread 0x00000237f0565800 Exception <a 'java/lang/ClassNotFoundException'{0x00000000a5b46210}: org/springframework/security/config/annotation/authentication/configuration/AuthenticationConfigurationCustomizer> (0x00000000a5b46210) thrown at [c:/BuildAgent/work/5ff2f6c26000d570/src
Event: 50.869 Thread 0x00000237f0565800 Exception <a 'java/lang/ClassNotFoundException'{0x00000000a5955650}: java/lang/ObjectCustomizer> (0x00000000a5955650) thrown at [c:/BuildAgent/work/5ff2f6c26000d570/src/hotspot/share/classfile/systemDictionary.cpp, line 231]
Event: 50.880 Thread 0x00000237f0565800 Exception <a 'java/lang/ClassNotFoundException'{0x00000000a5967d70}: com/school/webapp/BookStore/SaveBook/BookEntityCustomizer> (0x00000000a5967d70) thrown at [c:/BuildAgent/work/5ff2f6c26000d570/src/hotspot/share/classfile/systemDictionary.cpp, line 231]
Event: 51.172 Thread 0x00000237f0565800 Exception <a 'java/lang/ClassNotFoundException'{0x00000000a58adb00}: java/lang/ObjectCustomizer> (0x00000000a58adb00) thrown at [c:/BuildAgent/work/5ff2f6c26000d570/src/hotspot/share/classfile/systemDictionary.cpp, line 231]
Event: 51.175 Thread 0x00000237f0565800 Exception <a 'java/lang/ClassNotFoundException'{0x00000000a58bf090}: com/school/webapp/Repository/AttendanceCustomizer> (0x00000000a58bf090) thrown at [c:/BuildAgent/work/5ff2f6c26000d570/src/hotspot/share/classfile/systemDictionary.cpp, line 231]
Event: 51.578 Thread 0x00000237f0565800 Exception <a 'java/lang/ClassNotFoundException'{0x00000000a7a95760}: java/lang/ObjectCustomizer> (0x00000000a7a95760) thrown at [c:/BuildAgent/work/5ff2f6c26000d570/src/hotspot/share/classfile/systemDictionary.cpp, line 231]
Event: 51.581 Thread 0x00000237f0565800 Exception <a 'java/lang/ClassNotFoundException'{0x00000000a7aadb58}: org/springframework/security/config/annotation/web/configuration/WebSecurityConfigurationCustomizer> (0x00000000a7aadb58) thrown at [c:/BuildAgent/work/5ff2f6c26000d570/src/hotspot/share
Event: 51.586 Thread 0x00000237f0565800 Exception <a 'java/lang/ClassNotFoundException'{0x00000000a7ac7ea0}: org/springframework/context/annotation/ImportAwareCustomizer> (0x00000000a7ac7ea0) thrown at [c:/BuildAgent/work/5ff2f6c26000d570/src/hotspot/share/classfile/systemDictionary.cpp, line 2
Event: 51.587 Thread 0x00000237f0565800 Exception <a 'java/lang/ClassNotFoundException'{0x00000000a7ad68d8}: org/springframework/beans/factory/AwareCustomizer> (0x00000000a7ad68d8) thrown at [c:/BuildAgent/work/5ff2f6c26000d570/src/hotspot/share/classfile/systemDictionary.cpp, line 231]
Event: 51.587 Thread 0x00000237f0565800 Exception <a 'java/lang/ClassNotFoundException'{0x00000000a7ae66f0}: org/springframework/beans/factory/BeanClassLoaderAwareCustomizer> (0x00000000a7ae66f0) thrown at [c:/BuildAgent/work/5ff2f6c26000d570/src/hotspot/share/classfile/systemDictionary.cpp, li
Event: 51.588 Thread 0x00000237f0565800 Exception <a 'java/lang/ClassNotFoundException'{0x00000000a7af5138}: org/springframework/beans/factory/AwareCustomizer> (0x00000000a7af5138) thrown at [c:/BuildAgent/work/5ff2f6c26000d570/src/hotspot/share/classfile/systemDictionary.cpp, line 231]
Event: 52.254 Thread 0x00000237f0565800 Exception <a 'java/lang/NoSuchMethodError'{0x00000000a6df70e0}: 'java.lang.Object java.lang.invoke.DirectMethodHandle$Holder.invokeInterface(java.lang.Object, java.lang.Object, java.lang.Object, java.lang.Object)'> (0x00000000a6df70e0) thrown at [c:/Build
Event: 52.875 Thread 0x00000237f0565800 Exception <a 'java/lang/NoSuchMethodError'{0x00000000a640ce20}: 'void java.lang.invoke.DirectMethodHandle$Holder.invokeVirtual(java.lang.Object, java.lang.Object, int)'> (0x00000000a640ce20) thrown at [c:/BuildAgent/work/5ff2f6c26000d570/src/hotspot/share
Event: 53.547 Thread 0x00000237f0565800 Exception <a 'java/lang/IncompatibleClassChangeError'{0x00000000a5d69120}: Found class java.lang.Object, but interface was expected> (0x00000000a5d69120) thrown at [c:/BuildAgent/work/5ff2f6c26000d570/src/hotspot/share/interpreter/linkResolver.cpp, line 8
Event: 53.697 Thread 0x00000237f0565800 Exception <a 'java/lang/NoSuchMethodError'{0x00000000a5b158f8}: 'int java.lang.invoke.DirectMethodHandle$Holder.invokeStaticInit(java.lang.Object, java.lang.Object, java.lang.Object, java.lang.Object)'> (0x00000000a5b158f8) thrown at [c:/BuildAgent/work/5
Event: 97.825 Thread 0x00000237fe2af000 Exception <a 'java/lang/NoSuchMethodError'{0x00000000a7372488}: 'void java.lang.invoke.DirectMethodHandle$Holder.invokeStaticInit(java.lang.Object, java.lang.Object, java.lang.Object)'> (0x00000000a7372488) thrown at [c:/BuildAgent/work/5ff2f6c26000d570/s
Event: 99.970 Thread 0x00000237fe2af000 Exception <a 'sun/nio/fs/WindowsException'{0x00000000a60aea98}> (0x00000000a60aea98) thrown at [c:/BuildAgent/work/5ff2f6c26000d570/src/hotspot/share/prims/jni.cpp, line 615]

Events (20 events):
Event: 100.189 loading class com/fasterxml/jackson/databind/ser/impl/UnwrappingBeanSerializer
Event: 100.189 loading class com/fasterxml/jackson/databind/ser/impl/UnwrappingBeanSerializer done
Event: 100.192 loading class com/fasterxml/jackson/databind/ser/impl/BeanAsArraySerializer
Event: 100.192 loading class com/fasterxml/jackson/databind/ser/impl/BeanAsArraySerializer done
Event: 100.196 loading class org/springframework/http/converter/json/MappingJacksonValue
Event: 100.196 loading class org/springframework/http/converter/json/MappingJacksonValue done
Event: 100.197 loading class org/springframework/http/StreamingHttpOutputMessage
Event: 100.197 loading class org/springframework/http/StreamingHttpOutputMessage done
Event: 100.201 loading class org/springframework/http/server/ServletServerHttpResponse
Event: 100.201 loading class org/springframework/http/server/ServletServerHttpResponse done
Event: 100.202 loading class org/apache/tomcat/util/http/parser/MediaType
Event: 100.202 loading class org/apache/tomcat/util/http/parser/MediaType done
Event: 100.205 loading class org/springframework/util/TypeUtils
Event: 100.205 loading class org/springframework/util/TypeUtils done
Event: 100.208 loading class com/fasterxml/jackson/core/util/MinimalPrettyPrinter
Event: 100.208 loading class com/fasterxml/jackson/core/util/MinimalPrettyPrinter done
Event: 100.209 loading class com/fasterxml/jackson/databind/ObjectWriter$GeneratorSettings
Event: 100.209 loading class com/fasterxml/jackson/databind/ObjectWriter$GeneratorSettings done
Event: 100.225 loading class com/fasterxml/jackson/databind/ObjectWriter$Prefetch
Event: 100.225 loading class com/fasterxml/jackson/databind/ObjectWriter$Prefetch done


Dynamic libraries:
0x00007ff77a040000 - 0x00007ff77a04a000 	C:\Program Files\JetBrains\IntelliJ IDEA Community Edition 2019.3.2\jbr\bin\java.exe
0x00007ff9135b0000 - 0x00007ff91378b000 	C:\Windows\SYSTEM32\ntdll.dll
0x00007ff913070000 - 0x00007ff91311e000 	C:\Windows\System32\KERNEL32.DLL
0x00007ff90fad0000 - 0x00007ff90fd19000 	C:\Windows\System32\KERNELBASE.dll
0x00007ff910260000 - 0x00007ff910356000 	C:\Windows\System32\ucrtbase.dll
0x00007ff905eb0000 - 0x00007ff905ec9000 	C:\Program Files\JetBrains\IntelliJ IDEA Community Edition 2019.3.2\jbr\bin\jli.dll
0x00007ff912700000 - 0x00007ff91284a000 	C:\Windows\System32\USER32.dll
0x00007ff90fdf0000 - 0x00007ff90fe0e000 	C:\Windows\System32\win32u.dll
0x00007ff910bc0000 - 0x00007ff910be7000 	C:\Windows\System32\GDI32.dll
0x00007ff90fe10000 - 0x00007ff90ff99000 	C:\Windows\System32\gdi32full.dll
0x00007ff90ffa0000 - 0x00007ff91003a000 	C:\Windows\System32\msvcp_win.dll
0x00007ff907890000 - 0x00007ff9078a7000 	C:\Program Files\JetBrains\IntelliJ IDEA Community Edition 2019.3.2\jbr\bin\VCRUNTIME140.dll
0x00007ff9067c0000 - 0x00007ff906a27000 	C:\Windows\WinSxS\amd64_microsoft.windows.common-controls_6595b64144ccf1df_6.0.15063.0_none_108e4f62dfe5d999\COMCTL32.dll
0x00007ff910bf0000 - 0x00007ff910c8d000 	C:\Windows\System32\msvcrt.dll
0x00007ff912400000 - 0x00007ff9126f9000 	C:\Windows\System32\combase.dll
0x00007ff9128e0000 - 0x00007ff912a05000 	C:\Windows\System32\RPCRT4.dll
0x00007ff90fd80000 - 0x00007ff90fdea000 	C:\Windows\System32\bcryptPrimitives.dll
0x00007ff912850000 - 0x00007ff91287d000 	C:\Windows\System32\IMM32.DLL
0x00007ff8fb7f0000 - 0x00007ff8fb88d000 	C:\Program Files\JetBrains\IntelliJ IDEA Community Edition 2019.3.2\jbr\bin\msvcp140.dll
0x00007ff8f0620000 - 0x00007ff8f10db000 	C:\Program Files\JetBrains\IntelliJ IDEA Community Edition 2019.3.2\jbr\bin\server\jvm.dll
0x00007ff910b10000 - 0x00007ff910bb1000 	C:\Windows\System32\ADVAPI32.dll
0x00007ff912880000 - 0x00007ff9128d9000 	C:\Windows\System32\sechost.dll
0x00007ff910de0000 - 0x00007ff910de8000 	C:\Windows\System32\PSAPI.DLL
0x00007ff8f5310000 - 0x00007ff8f5319000 	C:\Windows\SYSTEM32\WSOCK32.dll
0x00007ff913290000 - 0x00007ff9132fc000 	C:\Windows\System32\WS2_32.dll
0x00007ff90de00000 - 0x00007ff90de23000 	C:\Windows\SYSTEM32\WINMM.dll
0x00007ff901340000 - 0x00007ff90134a000 	C:\Windows\SYSTEM32\VERSION.dll
0x00007ff90dda0000 - 0x00007ff90ddcb000 	C:\Windows\SYSTEM32\WINMMBASE.dll
0x00007ff910040000 - 0x00007ff910089000 	C:\Windows\System32\cfgmgr32.dll
0x00007ff90fab0000 - 0x00007ff90fac1000 	C:\Windows\System32\kernel.appcore.dll
0x00007ff908c60000 - 0x00007ff908c71000 	C:\Program Files\JetBrains\IntelliJ IDEA Community Edition 2019.3.2\jbr\bin\verify.dll
0x00007ff901630000 - 0x00007ff9017d9000 	C:\Windows\SYSTEM32\DBGHELP.DLL
0x00007ff901110000 - 0x00007ff901139000 	C:\Windows\SYSTEM32\dbgcore.DLL
0x00007ff9086a0000 - 0x00007ff9086c9000 	C:\Program Files\JetBrains\IntelliJ IDEA Community Edition 2019.3.2\jbr\bin\java.dll
0x00007ff90de70000 - 0x00007ff90de7f000 	C:\Program Files\JetBrains\IntelliJ IDEA Community Edition 2019.3.2\jbr\bin\instrument.dll
0x00007ff908460000 - 0x00007ff908477000 	C:\Program Files\JetBrains\IntelliJ IDEA Community Edition 2019.3.2\jbr\bin\zip.dll
0x00007ff909130000 - 0x00007ff90913b000 	C:\Program Files\JetBrains\IntelliJ IDEA Community Edition 2019.3.2\jbr\bin\jimage.dll
0x00007ff910df0000 - 0x00007ff912227000 	C:\Windows\System32\SHELL32.dll
0x00007ff913500000 - 0x00007ff9135aa000 	C:\Windows\System32\shcore.dll
0x00007ff910360000 - 0x00007ff910a52000 	C:\Windows\System32\windows.storage.dll
0x00007ff9123a0000 - 0x00007ff9123f1000 	C:\Windows\System32\shlwapi.dll
0x00007ff90fa60000 - 0x00007ff90faac000 	C:\Windows\System32\powrprof.dll
0x00007ff90fa20000 - 0x00007ff90fa35000 	C:\Windows\System32\profapi.dll
0x00007ff908180000 - 0x00007ff90819a000 	C:\Program Files\JetBrains\IntelliJ IDEA Community Edition 2019.3.2\jbr\bin\net.dll
0x00007ff903e50000 - 0x00007ff903f27000 	C:\Windows\SYSTEM32\WINHTTP.dll
0x00007ff90f330000 - 0x00007ff90f38c000 	C:\Windows\system32\mswsock.dll
0x00007ff908150000 - 0x00007ff908164000 	C:\Program Files\JetBrains\IntelliJ IDEA Community Edition 2019.3.2\jbr\bin\nio.dll
0x00007ff908cc0000 - 0x00007ff908cda000 	C:\Program Files\JetBrains\IntelliJ IDEA Community Edition 2019.3.2\bin\breakgen64.dll
0x00007ff908df0000 - 0x00007ff908dfa000 	C:\Program Files\JetBrains\IntelliJ IDEA Community Edition 2019.3.2\jbr\bin\management.dll
0x00007ff908d50000 - 0x00007ff908d5c000 	C:\Program Files\JetBrains\IntelliJ IDEA Community Edition 2019.3.2\jbr\bin\management_ext.dll
0x00007ff8ff580000 - 0x00007ff8ff596000 	C:\Windows\system32\napinsp.dll
0x00007ff8ff560000 - 0x00007ff8ff57a000 	C:\Windows\system32\pnrpnsp.dll
0x00007ff90c840000 - 0x00007ff90c858000 	C:\Windows\system32\NLAapi.dll
0x00007ff90f120000 - 0x00007ff90f1c4000 	C:\Windows\SYSTEM32\DNSAPI.dll
0x00007ff9134d0000 - 0x00007ff9134d8000 	C:\Windows\System32\NSI.dll
0x00007ff90f0d0000 - 0x00007ff90f107000 	C:\Windows\SYSTEM32\IPHLPAPI.DLL
0x00007ff8ff550000 - 0x00007ff8ff55e000 	C:\Windows\System32\winrnr.dll
0x00007ff8ff530000 - 0x00007ff8ff545000 	C:\Windows\System32\wshbth.dll
0x00007ff902d90000 - 0x00007ff902d9a000 	C:\Windows\System32\rasadhlp.dll
0x00007ff904270000 - 0x00007ff9042db000 	C:\Windows\System32\fwpuclnt.dll
0x00007ff90f5e0000 - 0x00007ff90f605000 	C:\Windows\SYSTEM32\bcrypt.dll
0x0000000180000000 - 0x0000000180286000 	C:\Users\USER\Desktop\apache-tomcat-8.5.65\bin\tcnative-1.dll
0x00007ff910090000 - 0x00007ff910259000 	C:\Windows\System32\CRYPT32.dll
0x00007ff90fa40000 - 0x00007ff90fa51000 	C:\Windows\System32\MSASN1.dll
0x00007ff90f4d0000 - 0x00007ff90f4e7000 	C:\Windows\SYSTEM32\CRYPTSP.dll
0x00007ff90ef50000 - 0x00007ff90ef84000 	C:\Windows\system32\rsaenh.dll
0x00007ff90f950000 - 0x00007ff90f979000 	C:\Windows\SYSTEM32\USERENV.dll
0x00007ff90f4f0000 - 0x00007ff90f4fb000 	C:\Windows\SYSTEM32\CRYPTBASE.dll
0x00007ff909580000 - 0x00007ff909596000 	C:\Windows\SYSTEM32\dhcpcsvc6.DLL
0x00007ff909560000 - 0x00007ff90957a000 	C:\Windows\SYSTEM32\dhcpcsvc.DLL
0x00007ff908430000 - 0x00007ff908458000 	C:\Program Files\JetBrains\IntelliJ IDEA Community Edition 2019.3.2\jbr\bin\sunec.dll

dbghelp: loaded successfully - version: 4.0.5 - missing functions: none
symbol engine: initialized successfully - sym options: 0x614 - pdb path: .;C:\Program Files\JetBrains\IntelliJ IDEA Community Edition 2019.3.2\jbr\bin;C:\Windows\SYSTEM32;C:\Windows\WinSxS\amd64_microsoft.windows.common-controls_6595b64144ccf1df_6.0.15063.0_none_108e4f62dfe5d999;C:\Program Files\JetBrains\IntelliJ IDEA Community Edition 2019.3.2\jbr\bin\server;C:\Program Files\JetBrains\IntelliJ IDEA Community Edition 2019.3.2\bin;C:\Users\USER\Desktop\apache-tomcat-8.5.65\bin

VM Arguments:
jvm_args: -javaagent:C:\Program Files\JetBrains\IntelliJ IDEA Community Edition 2019.3.2\lib\idea_rt.jar=56343:C:\Program Files\JetBrains\IntelliJ IDEA Community Edition 2019.3.2\bin -Dfile.encoding=UTF-8 
java_command: com.school.webapp.Application
java_class_path (initial): C:\Users\USER\Documents\My data\openjfx-13.0.2_windows-x64_bin-sdk\javafx-sdk-13.0.2;C:\Users\USER\Desktop\My projects\Spring-web-app-for-school-management-software-\target\classes;C:\Users\USER\.m2\repository\org\springframework\boot\spring-boot-starter-data-jpa\2.2.8.RELEASE\spring-boot-starter-data-jpa-2.2.8.RELEASE.jar;C:\Users\USER\.m2\repository\org\springframework\boot\spring-boot-starter-aop\2.2.8.RELEASE\spring-boot-starter-aop-2.2.8.RELEASE.jar;C:\Users\USER\.m2\repository\org\aspectj\aspectjweaver\1.9.5\aspectjweaver-1.9.5.jar;C:\Users\USER\.m2\repository\org\springframework\boot\spring-boot-starter-jdbc\2.2.8.RELEASE\spring-boot-starter-jdbc-2.2.8.RELEASE.jar;C:\Users\USER\.m2\repository\com\zaxxer\HikariCP\3.4.5\HikariCP-3.4.5.jar;C:\Users\USER\.m2\repository\org\springframework\spring-jdbc\5.2.7.RELEASE\spring-jdbc-5.2.7.RELEASE.jar;C:\Users\USER\.m2\repository\jakarta\persistence\jakarta.persistence-api\2.2.3\jakarta.persistence-api-2.2.3.jar;C:\Users\USER\.m2\repository\jakarta\transaction\jakarta.transaction-api\1.3.3\jakarta.transaction-api-1.3.3.jar;C:\Users\USER\.m2\repository\org\hibernate\hibernate-core\5.4.17.Final\hibernate-core-5.4.17.Final.jar;C:\Users\USER\.m2\repository\org\jboss\logging\jboss-logging\3.4.1.Final\jboss-logging-3.4.1.Final.jar;C:\Users\USER\.m2\repository\org\javassist\javassist\3.24.0-GA\javassist-3.24.0-GA.jar;C:\Users\USER\.m2\repository\net\bytebuddy\byte-buddy\1.10.11\byte-buddy-1.10.11.jar;C:\Users\USER\.m2\repository\antlr\antlr\2.7.7\antlr-2.7.7.jar;C:\Users\USER\.m2\repository\org\jboss\jandex\2.1.3.Final\jandex-2.1.3.Final.jar;C:\Users\USER\.m2\repository\com\fasterxml\classmate\1.5.1\classmate-1.5.1.jar;C:\Users\USER\.m2\repository\org\dom4j\dom4j\2.1.3\dom4j-2.1.3.jar;C:\Users\USER\.m2\repository\org\hibernate\common\hibernate-commons-annotations\5.1.0.Final\hibernate-commons-annotations-5.1.0.Final.jar;C:\Users\USER\.m2\repository\org\glassfish\jaxb\jaxb-runtime\2.3.3\jaxb-runtime-
Launcher Type: SUN_STANDARD

[Global flags]
     intx CICompilerCount                          = 2                                         {product} {ergonomic}
     uint ConcGCThreads                            = 1                                         {product} {ergonomic}
     uint G1ConcRefinementThreads                  = 2                                         {product} {ergonomic}
   size_t G1HeapRegionSize                         = 1048576                                   {product} {ergonomic}
    uintx GCDrainStackTargetSize                   = 64                                        {product} {ergonomic}
   size_t InitialHeapSize                          = 98566144                                  {product} {ergonomic}
   size_t MarkStackSize                            = 4194304                                   {product} {ergonomic}
   size_t MaxHeapSize                              = 1577058304                                {product} {ergonomic}
   size_t MaxNewSize                               = 945815552                                 {product} {ergonomic}
   size_t MinHeapDeltaBytes                        = 1048576                                   {product} {ergonomic}
    uintx NonNMethodCodeHeapSize                   = 5825164                                {pd product} {ergonomic}
    uintx NonProfiledCodeHeapSize                  = 122916538                              {pd product} {ergonomic}
    uintx ProfiledCodeHeapSize                     = 122916538                              {pd product} {ergonomic}
    uintx ReservedCodeCacheSize                    = 251658240                              {pd product} {ergonomic}
     bool SegmentedCodeCache                       = true                                      {product} {ergonomic}
     bool UseCompressedClassPointers               = true                                 {lp64_product} {ergonomic}
     bool UseCompressedOops                        = true                                 {lp64_product} {ergonomic}
     bool UseG1GC                                  = true                                      {product} {ergonomic}
     bool UseLargePagesIndividualAllocation        = false                                  {pd product} {ergonomic}

Logging:
Log output configuration:
 #0: stdout all=warning uptime,level,tags
 #1: stderr all=off uptime,level,tags

Environment Variables:
JAVA_HOME=C:\Program Files\Java
JRE_HOME=C:\Program Files (x86)\Java\jdk1.8.0_291\jre
PATH=C:\Program Files (x86)\Common Files\Oracle\Java\javapath;C:\Program Files\Common Files\Oracle\Java\javapath;C:\Windows\system32;C:\Windows;C:\Windows\System32\Wbem;C:\Windows\System32\WindowsPowerShell\v1.0\;C:\Program Files (x86)\NVIDIA Corporation\PhysX\Common;C:\Program Files\Git\cmd;C:\Users\USER\AppData\Local\Microsoft\WindowsApps;C:\Program Files\JetBrains\IntelliJ IDEA Community Edition 2019.3.2\bin;C:\Users\USER\Desktop\flutter\bin;C:\Users\USER\AppData\Local\Android\Sdk\platform-tools;C:\adb;C:\Users\USER\AppData\Local\Microsoft\WindowsApps;C:\Program Files\JetBrains\IntelliJ IDEA Community Edition 2019.3.2\bin;;C:\Users\USER\Desktop\flutter\bin;C:\Users\USER\Desktop\apache-tomcat-8.5.65\bin;
USERNAME=USER
OS=Windows_NT
PROCESSOR_IDENTIFIER=Intel64 Family 6 Model 23 Stepping 10, GenuineIntel



---------------  S Y S T E M  ---------------

OS: Windows 10 , 64 bit Build 15063 (10.0.15063.0)

CPU:total 2 (initial active 2) (2 cores per cpu, 1 threads per core) family 6 model 23 stepping 10, cmov, cx8, fxsr, mmx, sse, sse2, sse3, ssse3, sse4.1, tsc

Memory: 4k page, system-wide physical 6011M (1745M free)
TotalPageFile size 7478M (AvailPageFile size 5M)
current process WorkingSet (physical memory assigned to process): 248M, peak: 250M
current process commit charge ("private bytes"): 275M, peak: 276M

vm_info: OpenJDK 64-Bit Server VM (11.0.5+10-b520.30) for windows-amd64 JRE (11.0.5+10-b520.30), built on Dec 24 2019 12:06:09 by "" with MS VC++ 14.0 (VS2015)

END.
