#
# There is insufficient memory for the Java Runtime Environment to continue.
# Native memory allocation (malloc) failed to allocate 32744 bytes for ChunkPool::allocate
# Possible reasons:
#   The system is out of physical RAM or swap space
#   The process is running with CompressedOops enabled, and the Java Heap may be blocking the growth of the native heap
# Possible solutions:
#   Reduce memory load on the system
#   Increase physical memory or swap space
#   Check if swap backing store is full
#   Decrease Java heap size (-Xmx/-Xms)
#   Decrease number of Java threads
#   Decrease Java thread stack sizes (-Xss)
#   Set larger code cache with -XX:ReservedCodeCacheSize=
#   JVM is running with Unscaled Compressed Oops mode in which the Java heap is
#     placed in the first 4GB address space. The Java Heap base address is the
#     maximum limit for the native heap growth. Please use -XX:HeapBaseMinAddress
#     to set the Java Heap base and to place the Java Heap above 4GB virtual address.
# This output file may be truncated or incomplete.
#
#  Out of Memory Error (c:/BuildAgent/work/5ff2f6c26000d570/src/hotspot/share/memory/arena.cpp:81), pid=9116, tid=7396
#
# JRE version: OpenJDK Runtime Environment (11.0.5+10) (build 11.0.5+10-b520.30)
# Java VM: OpenJDK 64-Bit Server VM (11.0.5+10-b520.30, mixed mode, sharing, tiered, compressed oops, g1 gc, windows-amd64)
# No core dump will be written. Minidumps are not enabled by default on client versions of Windows
#

---------------  S U M M A R Y ------------

Command Line: -javaagent:C:\Program Files\JetBrains\IntelliJ IDEA Community Edition 2019.3.2\lib\idea_rt.jar=54191:C:\Program Files\JetBrains\IntelliJ IDEA Community Edition 2019.3.2\bin -Dfile.encoding=UTF-8 com.school.webapp.Application

Host: Intel(R) Core(TM)2 Duo CPU     T6570  @ 2.10GHz, 2 cores, 5G,  Windows 10 , 64 bit Build 15063 (10.0.15063.0)
Time: Sat May 29 21:50:26 2021 W. Central Africa Standard Time elapsed time: 277 seconds (0d 0h 4m 37s)

---------------  T H R E A D  ---------------

Current thread (0x000001f6de594800):  JavaThread "C2 CompilerThread0" daemon [_thread_in_native, id=7396, stack(0x0000006bf5000000,0x0000006bf5100000)]


Current CompileTask:
C2: 277602 5714       4       java.util.TreeMap::put (247 bytes)

Stack: [0x0000006bf5000000,0x0000006bf5100000]
Native frames: (J=compiled Java code, j=interpreted, Vv=VM code, C=native code)
V  [jvm.dll+0x5dcafa]
V  [jvm.dll+0x70e375]
V  [jvm.dll+0x70f898]
V  [jvm.dll+0x70ff63]
V  [jvm.dll+0x23e238]
V  [jvm.dll+0xb8cfb]
V  [jvm.dll+0xb8fac]
V  [jvm.dll+0x192122]
V  [jvm.dll+0x34ca2f]
V  [jvm.dll+0x34cfdd]
V  [jvm.dll+0x34ce3b]
V  [jvm.dll+0x2cc1c2]
V  [jvm.dll+0x5a5d3b]
V  [jvm.dll+0x10042c]
V  [jvm.dll+0x32e439]
V  [jvm.dll+0x5fdebc]
V  [jvm.dll+0x5fd0a7]
V  [jvm.dll+0x5f8196]
V  [jvm.dll+0x5f1b24]
V  [jvm.dll+0x5f1188]
V  [jvm.dll+0x5ef182]
V  [jvm.dll+0x181edc]
V  [jvm.dll+0x2b1073]
V  [jvm.dll+0x5f9d99]
V  [jvm.dll+0x5f1b24]
V  [jvm.dll+0x5f1188]
V  [jvm.dll+0x5ef182]
V  [jvm.dll+0x181edc]
V  [jvm.dll+0x2b1073]
V  [jvm.dll+0x5f9d99]
V  [jvm.dll+0x5f1b24]
V  [jvm.dll+0x5f1188]
V  [jvm.dll+0x5ef182]
V  [jvm.dll+0x181edc]
V  [jvm.dll+0x1f67b5]
V  [jvm.dll+0x17f6fc]
V  [jvm.dll+0x204f77]
V  [jvm.dll+0x2037f1]
V  [jvm.dll+0x6d835f]
V  [jvm.dll+0x6d114d]
V  [jvm.dll+0x5dbdd6]
C  [ucrtbase.dll+0x20369]
C  [KERNEL32.DLL+0x12774]
C  [ntdll.dll+0x70d61]


---------------  P R O C E S S  ---------------

Threads class SMR info:
_java_thread_list=0x000001f6e22262c0, length=29, elements={
0x000001f6de579000, 0x000001f6de583000, 0x000001f6de591800, 0x000001f6de592800,
0x000001f6de594800, 0x000001f6de597800, 0x000001f6de599800, 0x000001f6c3e11000,
0x000001f6df5f8000, 0x000001f6df613800, 0x000001f6df044800, 0x000001f6e08bc800,
0x000001f6e25e7800, 0x000001f6e1c32800, 0x000001f6e2560000, 0x000001f6e1fbc000,
0x000001f6e329d800, 0x000001f6e0d11800, 0x000001f6e2688800, 0x000001f6e2689800,
0x000001f6dfb08800, 0x000001f6dfb09000, 0x000001f6e20a5800, 0x000001f6e20a6000,
0x000001f6e20a4800, 0x000001f6e20a3000, 0x000001f6e20a7000, 0x000001f6e20a8000,
0x000001f6e20a2000
}

Java Threads: ( => current thread )
  0x000001f6de579000 JavaThread "Reference Handler" daemon [_thread_blocked, id=5480, stack(0x0000006bf4b00000,0x0000006bf4c00000)]
  0x000001f6de583000 JavaThread "Finalizer" daemon [_thread_blocked, id=8804, stack(0x0000006bf4c00000,0x0000006bf4d00000)]
  0x000001f6de591800 JavaThread "Signal Dispatcher" daemon [_thread_blocked, id=10396, stack(0x0000006bf4e00000,0x0000006bf4f00000)]
  0x000001f6de592800 JavaThread "Attach Listener" daemon [_thread_blocked, id=2460, stack(0x0000006bf4f00000,0x0000006bf5000000)]
=>0x000001f6de594800 JavaThread "C2 CompilerThread0" daemon [_thread_in_native, id=7396, stack(0x0000006bf5000000,0x0000006bf5100000)]
  0x000001f6de597800 JavaThread "C1 CompilerThread0" daemon [_thread_blocked, id=4404, stack(0x0000006bf5100000,0x0000006bf5200000)]
  0x000001f6de599800 JavaThread "Sweeper thread" daemon [_thread_blocked, id=7708, stack(0x0000006bf5200000,0x0000006bf5300000)]
  0x000001f6c3e11000 JavaThread "Common-Cleaner" daemon [_thread_blocked, id=5532, stack(0x0000006bf5300000,0x0000006bf5400000)]
  0x000001f6df5f8000 JavaThread "Monitor Ctrl-Break" daemon [_thread_in_native, id=4620, stack(0x0000006bf5500000,0x0000006bf5600000)]
  0x000001f6df613800 JavaThread "Service Thread" daemon [_thread_blocked, id=7632, stack(0x0000006bf5600000,0x0000006bf5700000)]
  0x000001f6df044800 JavaThread "mysql-cj-abandoned-connection-cleanup" daemon [_thread_blocked, id=10740, stack(0x0000006bf5e00000,0x0000006bf5f00000)]
  0x000001f6e08bc800 JavaThread "HikariPool-1 housekeeper" daemon [_thread_blocked, id=9876, stack(0x0000006bf6000000,0x0000006bf6100000)]
  0x000001f6e25e7800 JavaThread "Catalina-utility-1" [_thread_blocked, id=3992, stack(0x0000006bf6200000,0x0000006bf6300000)]
  0x000001f6e1c32800 JavaThread "Catalina-utility-2" [_thread_blocked, id=5908, stack(0x0000006bf6300000,0x0000006bf6400000)]
  0x000001f6e2560000 JavaThread "container-0" [_thread_blocked, id=648, stack(0x0000006bf6400000,0x0000006bf6500000)]
  0x000001f6e1fbc000 JavaThread "http-nio-8080-BlockPoller" daemon [_thread_in_native, id=6964, stack(0x0000006bf6500000,0x0000006bf6600000)]
  0x000001f6e329d800 JavaThread "http-nio-8080-exec-1" daemon [_thread_blocked, id=10816, stack(0x0000006bf6600000,0x0000006bf6700000)]
  0x000001f6e0d11800 JavaThread "http-nio-8080-exec-2" daemon [_thread_blocked, id=9496, stack(0x0000006bf6700000,0x0000006bf6800000)]
  0x000001f6e2688800 JavaThread "http-nio-8080-exec-3" daemon [_thread_blocked, id=9936, stack(0x0000006bf6800000,0x0000006bf6900000)]
  0x000001f6e2689800 JavaThread "http-nio-8080-exec-4" daemon [_thread_blocked, id=2444, stack(0x0000006bf6900000,0x0000006bf6a00000)]
  0x000001f6dfb08800 JavaThread "http-nio-8080-exec-5" daemon [_thread_blocked, id=10500, stack(0x0000006bf6a00000,0x0000006bf6b00000)]
  0x000001f6dfb09000 JavaThread "http-nio-8080-exec-6" daemon [_thread_blocked, id=5732, stack(0x0000006bf6b00000,0x0000006bf6c00000)]
  0x000001f6e20a5800 JavaThread "http-nio-8080-exec-7" daemon [_thread_blocked, id=2392, stack(0x0000006bf6c00000,0x0000006bf6d00000)]
  0x000001f6e20a6000 JavaThread "http-nio-8080-exec-8" daemon [_thread_blocked, id=10224, stack(0x0000006bf6d00000,0x0000006bf6e00000)]
  0x000001f6e20a4800 JavaThread "http-nio-8080-exec-9" daemon [_thread_blocked, id=2440, stack(0x0000006bf6e00000,0x0000006bf6f00000)]
  0x000001f6e20a3000 JavaThread "http-nio-8080-exec-10" daemon [_thread_blocked, id=1492, stack(0x0000006bf6f00000,0x0000006bf7000000)]
  0x000001f6e20a7000 JavaThread "http-nio-8080-ClientPoller" daemon [_thread_in_native, id=6896, stack(0x0000006bf7000000,0x0000006bf7100000)]
  0x000001f6e20a8000 JavaThread "http-nio-8080-Acceptor" daemon [_thread_in_native, id=5352, stack(0x0000006bf7100000,0x0000006bf7200000)]
  0x000001f6e20a2000 JavaThread "DestroyJavaVM" [_thread_blocked, id=10652, stack(0x0000006bf4400000,0x0000006bf4500000)]

Other Threads:
  0x000001f6de574000 VMThread "VM Thread" [stack: 0x0000006bf4a00000,0x0000006bf4b00000] [id=5876]
  0x000001f6df614800 WatcherThread [stack: 0x0000006bf5700000,0x0000006bf5800000] [id=6368]
  0x000001f6c3d6f000 GCTaskThread "GC Thread#0" [stack: 0x0000006bf4500000,0x0000006bf4600000] [id=11096]
  0x000001f6df4ec800 GCTaskThread "GC Thread#1" [stack: 0x0000006bf5400000,0x0000006bf5500000] [id=7236]
  0x000001f6c3d93800 ConcurrentGCThread "G1 Main Marker" [stack: 0x0000006bf4600000,0x0000006bf4700000] [id=9884]
  0x000001f6c3d96000 ConcurrentGCThread "G1 Conc#0" [stack: 0x0000006bf4700000,0x0000006bf4800000] [id=11024]
  0x000001f6c3dfe800 ConcurrentGCThread "G1 Refine#0" [stack: 0x0000006bf4800000,0x0000006bf4900000] [id=6556]
  0x000001f6c3dff800 ConcurrentGCThread "G1 Young RemSet Sampling" [stack: 0x0000006bf4900000,0x0000006bf4a00000] [id=6612]

Threads with active compile tasks:
C2 CompilerThread0 278118 5714       4       java.util.TreeMap::put (247 bytes)

VM state:not at safepoint (normal execution)

VM Mutex/Monitor currently owned by a thread: None

Heap address: 0x00000000a2000000, size: 1504 MB, Compressed Oops mode: 32-bit
Narrow klass base: 0x0000000800000000, Narrow klass shift: 3
Compressed class space size: 1073741824 Address: 0x0000000840000000

Heap:
 garbage-first heap   total 96256K, used 51196K [0x00000000a2000000, 0x0000000100000000)
  region size 1024K, 30 young (30720K), 4 survivors (4096K)
 Metaspace       used 55152K, capacity 56633K, committed 56876K, reserved 1097728K
  class space    used 7362K, capacity 7946K, committed 8064K, reserved 1048576K
Heap Regions: E=young(eden), S=young(survivor), O=old, HS=humongous(starts), HC=humongous(continues), CS=collection set, F=free, A=archive, TAMS=top-at-mark-start (previous, next)
|   0|0x00000000a2000000, 0x00000000a2100000, 0x00000000a2100000|100%|HS|  |TAMS 0x00000000a2100000, 0x00000000a2000000| Complete 
|   1|0x00000000a2100000, 0x00000000a2200000, 0x00000000a2200000|100%| O|  |TAMS 0x00000000a2200000, 0x00000000a2100000| Untracked 
|   2|0x00000000a2200000, 0x00000000a2300000, 0x00000000a2300000|100%| O|  |TAMS 0x00000000a2300000, 0x00000000a2200000| Untracked 
|   3|0x00000000a2300000, 0x00000000a2400000, 0x00000000a2400000|100%| O|  |TAMS 0x00000000a2400000, 0x00000000a2300000| Untracked 
|   4|0x00000000a2400000, 0x00000000a2500000, 0x00000000a2500000|100%| O|  |TAMS 0x00000000a2500000, 0x00000000a2400000| Untracked 
|   5|0x00000000a2500000, 0x00000000a2600000, 0x00000000a2600000|100%| O|  |TAMS 0x00000000a2600000, 0x00000000a2500000| Untracked 
|   6|0x00000000a2600000, 0x00000000a2700000, 0x00000000a2700000|100%| O|  |TAMS 0x00000000a2700000, 0x00000000a2600000| Untracked 
|   7|0x00000000a2700000, 0x00000000a2800000, 0x00000000a2800000|100%| O|  |TAMS 0x00000000a2800000, 0x00000000a2700000| Untracked 
|   8|0x00000000a2800000, 0x00000000a2900000, 0x00000000a2900000|100%| O|  |TAMS 0x00000000a2900000, 0x00000000a2800000| Untracked 
|   9|0x00000000a2900000, 0x00000000a2a00000, 0x00000000a2a00000|100%| O|  |TAMS 0x00000000a2a00000, 0x00000000a2900000| Untracked 
|  10|0x00000000a2a00000, 0x00000000a2b00000, 0x00000000a2b00000|100%| O|  |TAMS 0x00000000a2b00000, 0x00000000a2a00000| Untracked 
|  11|0x00000000a2b00000, 0x00000000a2c00000, 0x00000000a2c00000|100%| O|  |TAMS 0x00000000a2c00000, 0x00000000a2b00000| Untracked 
|  12|0x00000000a2c00000, 0x00000000a2d00000, 0x00000000a2d00000|100%| O|  |TAMS 0x00000000a2d00000, 0x00000000a2c00000| Untracked 
|  13|0x00000000a2d00000, 0x00000000a2e00000, 0x00000000a2e00000|100%| O|  |TAMS 0x00000000a2e00000, 0x00000000a2d00000| Untracked 
|  14|0x00000000a2e00000, 0x00000000a2f00000, 0x00000000a2f00000|100%| O|  |TAMS 0x00000000a2f00000, 0x00000000a2e00000| Untracked 
|  15|0x00000000a2f00000, 0x00000000a3000000, 0x00000000a3000000|100%| O|  |TAMS 0x00000000a2f61a00, 0x00000000a2f00000| Untracked 
|  16|0x00000000a3000000, 0x00000000a3100000, 0x00000000a3100000|100%| O|  |TAMS 0x00000000a3000000, 0x00000000a3000000| Untracked 
|  17|0x00000000a3100000, 0x00000000a3200000, 0x00000000a3200000|100%| O|  |TAMS 0x00000000a3100000, 0x00000000a3100000| Untracked 
|  18|0x00000000a3200000, 0x00000000a3300000, 0x00000000a3300000|100%| O|  |TAMS 0x00000000a3200000, 0x00000000a3200000| Untracked 
|  19|0x00000000a3300000, 0x00000000a3400000, 0x00000000a3400000|100%| O|  |TAMS 0x00000000a3300000, 0x00000000a3300000| Untracked 
|  20|0x00000000a3400000, 0x00000000a3500000, 0x00000000a3500000|100%| O|  |TAMS 0x00000000a3400000, 0x00000000a3400000| Untracked 
|  21|0x00000000a3500000, 0x00000000a3523c00, 0x00000000a3600000| 13%| O|  |TAMS 0x00000000a3500000, 0x00000000a3500000| Untracked 
|  22|0x00000000a3600000, 0x00000000a3600000, 0x00000000a3700000|  0%| F|  |TAMS 0x00000000a3600000, 0x00000000a3600000| Untracked 
|  23|0x00000000a3700000, 0x00000000a3700000, 0x00000000a3800000|  0%| F|  |TAMS 0x00000000a3700000, 0x00000000a3700000| Untracked 
|  24|0x00000000a3800000, 0x00000000a3800000, 0x00000000a3900000|  0%| F|  |TAMS 0x00000000a3800000, 0x00000000a3800000| Untracked 
|  25|0x00000000a3900000, 0x00000000a3900000, 0x00000000a3a00000|  0%| F|  |TAMS 0x00000000a3900000, 0x00000000a3900000| Untracked 
|  26|0x00000000a3a00000, 0x00000000a3a00000, 0x00000000a3b00000|  0%| F|  |TAMS 0x00000000a3a00000, 0x00000000a3a00000| Untracked 
|  27|0x00000000a3b00000, 0x00000000a3b00000, 0x00000000a3c00000|  0%| F|  |TAMS 0x00000000a3b00000, 0x00000000a3b00000| Untracked 
|  28|0x00000000a3c00000, 0x00000000a3c00000, 0x00000000a3d00000|  0%| F|  |TAMS 0x00000000a3c00000, 0x00000000a3c00000| Untracked 
|  29|0x00000000a3d00000, 0x00000000a3d00000, 0x00000000a3e00000|  0%| F|  |TAMS 0x00000000a3d00000, 0x00000000a3d00000| Untracked 
|  30|0x00000000a3e00000, 0x00000000a3e00000, 0x00000000a3f00000|  0%| F|  |TAMS 0x00000000a3e00000, 0x00000000a3e00000| Untracked 
|  31|0x00000000a3f00000, 0x00000000a3f00000, 0x00000000a4000000|  0%| F|  |TAMS 0x00000000a3f00000, 0x00000000a3f00000| Untracked 
|  32|0x00000000a4000000, 0x00000000a4000000, 0x00000000a4100000|  0%| F|  |TAMS 0x00000000a4000000, 0x00000000a4000000| Untracked 
|  33|0x00000000a4100000, 0x00000000a4100000, 0x00000000a4200000|  0%| F|  |TAMS 0x00000000a4100000, 0x00000000a4100000| Untracked 
|  34|0x00000000a4200000, 0x00000000a4200000, 0x00000000a4300000|  0%| F|  |TAMS 0x00000000a4200000, 0x00000000a4200000| Untracked 
|  35|0x00000000a4300000, 0x00000000a4300000, 0x00000000a4400000|  0%| F|  |TAMS 0x00000000a4300000, 0x00000000a4300000| Untracked 
|  36|0x00000000a4400000, 0x00000000a4400000, 0x00000000a4500000|  0%| F|  |TAMS 0x00000000a4400000, 0x00000000a4400000| Untracked 
|  37|0x00000000a4500000, 0x00000000a4500000, 0x00000000a4600000|  0%| F|  |TAMS 0x00000000a4500000, 0x00000000a4500000| Untracked 
|  38|0x00000000a4600000, 0x00000000a4600000, 0x00000000a4700000|  0%| F|  |TAMS 0x00000000a4600000, 0x00000000a4600000| Untracked 
|  39|0x00000000a4700000, 0x00000000a4700000, 0x00000000a4800000|  0%| F|  |TAMS 0x00000000a4700000, 0x00000000a4700000| Untracked 
|  40|0x00000000a4800000, 0x00000000a4800000, 0x00000000a4900000|  0%| F|  |TAMS 0x00000000a4800000, 0x00000000a4800000| Untracked 
|  41|0x00000000a4900000, 0x00000000a4900000, 0x00000000a4a00000|  0%| F|  |TAMS 0x00000000a4900000, 0x00000000a4900000| Untracked 
|  42|0x00000000a4a00000, 0x00000000a4a00000, 0x00000000a4b00000|  0%| F|  |TAMS 0x00000000a4a00000, 0x00000000a4a00000| Untracked 
|  43|0x00000000a4b00000, 0x00000000a4b00000, 0x00000000a4c00000|  0%| F|  |TAMS 0x00000000a4b00000, 0x00000000a4b00000| Untracked 
|  44|0x00000000a4c00000, 0x00000000a4c00000, 0x00000000a4d00000|  0%| F|  |TAMS 0x00000000a4c00000, 0x00000000a4c00000| Untracked 
|  45|0x00000000a4d00000, 0x00000000a4d00000, 0x00000000a4e00000|  0%| F|  |TAMS 0x00000000a4d00000, 0x00000000a4d00000| Untracked 
|  46|0x00000000a4e00000, 0x00000000a4e00000, 0x00000000a4f00000|  0%| F|  |TAMS 0x00000000a4e00000, 0x00000000a4e00000| Untracked 
|  47|0x00000000a4f00000, 0x00000000a4f00000, 0x00000000a5000000|  0%| F|  |TAMS 0x00000000a4f00000, 0x00000000a4f00000| Untracked 
|  48|0x00000000a5000000, 0x00000000a50db620, 0x00000000a5100000| 85%| S|CS|TAMS 0x00000000a5000000, 0x00000000a5000000| Complete 
|  49|0x00000000a5100000, 0x00000000a5200000, 0x00000000a5200000|100%| S|CS|TAMS 0x00000000a5100000, 0x00000000a5100000| Complete 
|  50|0x00000000a5200000, 0x00000000a5300000, 0x00000000a5300000|100%| S|CS|TAMS 0x00000000a5200000, 0x00000000a5200000| Complete 
|  51|0x00000000a5300000, 0x00000000a5400000, 0x00000000a5400000|100%| S|CS|TAMS 0x00000000a5300000, 0x00000000a5300000| Complete 
|  52|0x00000000a5400000, 0x00000000a5400000, 0x00000000a5500000|  0%| F|  |TAMS 0x00000000a5400000, 0x00000000a5400000| Untracked 
|  53|0x00000000a5500000, 0x00000000a5500000, 0x00000000a5600000|  0%| F|  |TAMS 0x00000000a5500000, 0x00000000a5500000| Untracked 
|  54|0x00000000a5600000, 0x00000000a5600000, 0x00000000a5700000|  0%| F|  |TAMS 0x00000000a5600000, 0x00000000a5600000| Untracked 
|  55|0x00000000a5700000, 0x00000000a5700000, 0x00000000a5800000|  0%| F|  |TAMS 0x00000000a5700000, 0x00000000a5700000| Untracked 
|  56|0x00000000a5800000, 0x00000000a5800000, 0x00000000a5900000|  0%| F|  |TAMS 0x00000000a5800000, 0x00000000a5800000| Untracked 
|  57|0x00000000a5900000, 0x00000000a5900000, 0x00000000a5a00000|  0%| F|  |TAMS 0x00000000a5900000, 0x00000000a5900000| Untracked 
|  58|0x00000000a5a00000, 0x00000000a5a00000, 0x00000000a5b00000|  0%| F|  |TAMS 0x00000000a5a00000, 0x00000000a5a00000| Untracked 
|  59|0x00000000a5b00000, 0x00000000a5b00000, 0x00000000a5c00000|  0%| F|  |TAMS 0x00000000a5b00000, 0x00000000a5b00000| Untracked 
|  60|0x00000000a5c00000, 0x00000000a5c00000, 0x00000000a5d00000|  0%| F|  |TAMS 0x00000000a5c00000, 0x00000000a5c00000| Untracked 
|  61|0x00000000a5d00000, 0x00000000a5d00000, 0x00000000a5e00000|  0%| F|  |TAMS 0x00000000a5d00000, 0x00000000a5d00000| Untracked 
|  62|0x00000000a5e00000, 0x00000000a5e00000, 0x00000000a5f00000|  0%| F|  |TAMS 0x00000000a5e00000, 0x00000000a5e00000| Untracked 
|  63|0x00000000a5f00000, 0x00000000a5f00000, 0x00000000a6000000|  0%| F|  |TAMS 0x00000000a5f00000, 0x00000000a5f00000| Untracked 
|  64|0x00000000a6000000, 0x00000000a6000000, 0x00000000a6100000|  0%| F|  |TAMS 0x00000000a6000000, 0x00000000a6000000| Untracked 
|  65|0x00000000a6100000, 0x00000000a6100000, 0x00000000a6200000|  0%| F|  |TAMS 0x00000000a6100000, 0x00000000a6100000| Untracked 
|  66|0x00000000a6200000, 0x00000000a6200000, 0x00000000a6300000|  0%| F|  |TAMS 0x00000000a6200000, 0x00000000a6200000| Untracked 
|  67|0x00000000a6300000, 0x00000000a6300000, 0x00000000a6400000|  0%| F|  |TAMS 0x00000000a6300000, 0x00000000a6300000| Untracked 
|  68|0x00000000a6400000, 0x00000000a6475a80, 0x00000000a6500000| 45%| E|  |TAMS 0x00000000a6400000, 0x00000000a6400000| Complete 
|  69|0x00000000a6500000, 0x00000000a6600000, 0x00000000a6600000|100%| E|CS|TAMS 0x00000000a6500000, 0x00000000a6500000| Complete 
|  70|0x00000000a6600000, 0x00000000a6700000, 0x00000000a6700000|100%| E|CS|TAMS 0x00000000a6600000, 0x00000000a6600000| Complete 
|  71|0x00000000a6700000, 0x00000000a6800000, 0x00000000a6800000|100%| E|CS|TAMS 0x00000000a6700000, 0x00000000a6700000| Complete 
|  72|0x00000000a6800000, 0x00000000a6900000, 0x00000000a6900000|100%| E|CS|TAMS 0x00000000a6800000, 0x00000000a6800000| Complete 
|  73|0x00000000a6900000, 0x00000000a6a00000, 0x00000000a6a00000|100%| E|CS|TAMS 0x00000000a6900000, 0x00000000a6900000| Complete 
|  74|0x00000000a6a00000, 0x00000000a6b00000, 0x00000000a6b00000|100%| E|CS|TAMS 0x00000000a6a00000, 0x00000000a6a00000| Complete 
|  75|0x00000000a6b00000, 0x00000000a6c00000, 0x00000000a6c00000|100%| E|CS|TAMS 0x00000000a6b00000, 0x00000000a6b00000| Complete 
|  76|0x00000000a6c00000, 0x00000000a6d00000, 0x00000000a6d00000|100%| E|CS|TAMS 0x00000000a6c00000, 0x00000000a6c00000| Complete 
|  77|0x00000000a6d00000, 0x00000000a6e00000, 0x00000000a6e00000|100%| E|CS|TAMS 0x00000000a6d00000, 0x00000000a6d00000| Complete 
|  78|0x00000000a6e00000, 0x00000000a6f00000, 0x00000000a6f00000|100%| E|CS|TAMS 0x00000000a6e00000, 0x00000000a6e00000| Complete 
|  79|0x00000000a6f00000, 0x00000000a7000000, 0x00000000a7000000|100%| E|CS|TAMS 0x00000000a6f00000, 0x00000000a6f00000| Complete 
|  80|0x00000000a7000000, 0x00000000a7100000, 0x00000000a7100000|100%| E|CS|TAMS 0x00000000a7000000, 0x00000000a7000000| Complete 
|  81|0x00000000a7100000, 0x00000000a7200000, 0x00000000a7200000|100%| E|CS|TAMS 0x00000000a7100000, 0x00000000a7100000| Complete 
|  82|0x00000000a7200000, 0x00000000a7300000, 0x00000000a7300000|100%| E|CS|TAMS 0x00000000a7200000, 0x00000000a7200000| Complete 
|  83|0x00000000a7300000, 0x00000000a7400000, 0x00000000a7400000|100%| E|CS|TAMS 0x00000000a7300000, 0x00000000a7300000| Complete 
|  84|0x00000000a7400000, 0x00000000a7500000, 0x00000000a7500000|100%| E|CS|TAMS 0x00000000a7400000, 0x00000000a7400000| Complete 
|  85|0x00000000a7500000, 0x00000000a7600000, 0x00000000a7600000|100%| E|CS|TAMS 0x00000000a7500000, 0x00000000a7500000| Complete 
|  86|0x00000000a7600000, 0x00000000a7700000, 0x00000000a7700000|100%| E|CS|TAMS 0x00000000a7600000, 0x00000000a7600000| Complete 
|  87|0x00000000a7700000, 0x00000000a7800000, 0x00000000a7800000|100%| E|CS|TAMS 0x00000000a7700000, 0x00000000a7700000| Complete 
|  88|0x00000000a7800000, 0x00000000a7900000, 0x00000000a7900000|100%| E|CS|TAMS 0x00000000a7800000, 0x00000000a7800000| Complete 
|  89|0x00000000a7900000, 0x00000000a7a00000, 0x00000000a7a00000|100%| E|CS|TAMS 0x00000000a7900000, 0x00000000a7900000| Complete 
|  90|0x00000000a7a00000, 0x00000000a7b00000, 0x00000000a7b00000|100%| E|CS|TAMS 0x00000000a7a00000, 0x00000000a7a00000| Complete 
|  91|0x00000000a7b00000, 0x00000000a7c00000, 0x00000000a7c00000|100%| E|CS|TAMS 0x00000000a7b00000, 0x00000000a7b00000| Complete 
|  92|0x00000000a7c00000, 0x00000000a7d00000, 0x00000000a7d00000|100%| E|CS|TAMS 0x00000000a7c00000, 0x00000000a7c00000| Complete 
|  93|0x00000000a7d00000, 0x00000000a7e00000, 0x00000000a7e00000|100%| E|CS|TAMS 0x00000000a7d00000, 0x00000000a7d00000| Complete 

Card table byte_map: [0x000001f6d8d20000,0x000001f6d9010000] _byte_map_base: 0x000001f6d8810000

Marking Bits (Prev, Next): (CMBitMap*) 0x000001f6c3d8d078, (CMBitMap*) 0x000001f6c3d8d0b0
 Prev Bits: [0x000001f6d9300000, 0x000001f6daa80000)
 Next Bits: [0x000001f6daa80000, 0x000001f6dc200000)

Polling page: 0x000001f6c3b20000

Metaspace:

Usage:
  Non-class:     47.55 MB capacity,    46.67 MB ( 98%) used,   708.52 KB (  1%) free+waste,   187.88 KB ( <1%) overhead. 
      Class:      7.76 MB capacity,     7.19 MB ( 93%) used,   495.65 KB (  6%) free+waste,    88.31 KB (  1%) overhead. 
       Both:     55.31 MB capacity,    53.86 MB ( 97%) used,     1.18 MB (  2%) free+waste,   276.19 KB ( <1%) overhead. 

Virtual space:
  Non-class space:       48.00 MB reserved,      47.67 MB (>99%) committed 
      Class space:        1.00 GB reserved,       7.88 MB ( <1%) committed 
             Both:        1.05 GB reserved,      55.54 MB (  5%) committed 

Chunk freelists:
   Non-Class:  61.00 KB
       Class:  0 bytes
        Both:  61.00 KB

MaxMetaspaceSize: 17179869184.00 GB
CompressedClassSpaceSize: 1.00 GB

CodeHeap 'non-profiled nmethods': size=120064Kb used=3297Kb max_used=3297Kb free=116766Kb
 bounds [0x000001f6d10f0000, 0x000001f6d1430000, 0x000001f6d8630000]
CodeHeap 'profiled nmethods': size=120000Kb used=12976Kb max_used=12976Kb free=107023Kb
 bounds [0x000001f6c9bc0000, 0x000001f6ca870000, 0x000001f6d10f0000]
CodeHeap 'non-nmethods': size=5696Kb used=1227Kb max_used=1271Kb free=4468Kb
 bounds [0x000001f6c9630000, 0x000001f6c98a0000, 0x000001f6c9bc0000]
 total_blobs=7812 nmethods=5475 adapters=502
 compilation: enabled
              stopped_count=0, restarted_count=0
 full_count=0

Compilation events (20 events):
Event: 269.618 Thread 0x000001f6de597800 nmethod 5704 0x000001f6ca863f10 code [0x000001f6ca8640c0, 0x000001f6ca864238]
Event: 269.618 Thread 0x000001f6de597800 5705       3       java.util.concurrent.ThreadPoolExecutor::afterExecute (1 bytes)
Event: 269.618 Thread 0x000001f6de597800 nmethod 5705 0x000001f6ca864310 code [0x000001f6ca8644c0, 0x000001f6ca864638]
Event: 270.335 Thread 0x000001f6de597800 5706       3       java.util.concurrent.locks.AbstractQueuedSynchronizer$ConditionObject::doSignal (43 bytes)
Event: 270.336 Thread 0x000001f6de597800 nmethod 5706 0x000001f6ca864710 code [0x000001f6ca8648e0, 0x000001f6ca864cb0]
Event: 270.540 Thread 0x000001f6de597800 5707   !   3       org.apache.tomcat.util.net.NioEndpoint$Poller::events (253 bytes)
Event: 270.543 Thread 0x000001f6de597800 nmethod 5707 0x000001f6ca864e10 code [0x000001f6ca865180, 0x000001f6ca866610]
Event: 274.334 Thread 0x000001f6de597800 5709   !   3       java.util.concurrent.ScheduledThreadPoolExecutor$DelayedWorkQueue::take (203 bytes)
Event: 274.338 Thread 0x000001f6de597800 nmethod 5709 0x000001f6ca866e10 code [0x000001f6ca8671a0, 0x000001f6ca868890]
Event: 274.338 Thread 0x000001f6de597800 5708       3       java.util.concurrent.ScheduledThreadPoolExecutor$DelayedWorkQueue::take (5 bytes)
Event: 274.338 Thread 0x000001f6de597800 nmethod 5708 0x000001f6ca869290 code [0x000001f6ca869440, 0x000001f6ca869610]
Event: 276.334 Thread 0x000001f6de597800 5710       3       java.util.concurrent.ScheduledThreadPoolExecutor$ScheduledFutureTask::run (57 bytes)
Event: 276.335 Thread 0x000001f6de597800 nmethod 5710 0x000001f6ca869690 code [0x000001f6ca8698c0, 0x000001f6ca869da0]
Event: 276.335 Thread 0x000001f6de597800 5711   !   3       java.util.concurrent.FutureTask::runAndReset (125 bytes)
Event: 276.340 Thread 0x000001f6de597800 nmethod 5711 0x000001f6ca869f10 code [0x000001f6ca86a320, 0x000001f6ca86c140]
Event: 276.340 Thread 0x000001f6de597800 5712       3       java.util.concurrent.Executors$RunnableAdapter::call (14 bytes)
Event: 276.340 Thread 0x000001f6de597800 nmethod 5712 0x000001f6ca86cb10 code [0x000001f6ca86cce0, 0x000001f6ca86cf50]
Event: 277.335 Thread 0x000001f6de597800 5713       3       java.util.concurrent.ScheduledThreadPoolExecutor$DelayedWorkQueue::siftDown (119 bytes)
Event: 277.337 Thread 0x000001f6de597800 nmethod 5713 0x000001f6ca86d010 code [0x000001f6ca86d260, 0x000001f6ca86e100]
Event: 277.431 Thread 0x000001f6de594800 5714       4       java.util.TreeMap::put (247 bytes)

GC Heap History (20 events):
Event: 41.679 GC heap before
{Heap before GC invocations=6 (full 0):
 garbage-first heap   total 96256K, used 50270K [0x00000000a2000000, 0x0000000100000000)
  region size 1024K, 42 young (43008K), 3 survivors (3072K)
 Metaspace       used 18263K, capacity 18859K, committed 19072K, reserved 1064960K
  class space    used 2337K, capacity 2575K, committed 2688K, reserved 1048576K
}
Event: 41.697 GC heap after
{Heap after GC invocations=7 (full 0):
 garbage-first heap   total 96256K, used 12435K [0x00000000a2000000, 0x0000000100000000)
  region size 1024K, 4 young (4096K), 4 survivors (4096K)
 Metaspace       used 18263K, capacity 18859K, committed 19072K, reserved 1064960K
  class space    used 2337K, capacity 2575K, committed 2688K, reserved 1048576K
}
Event: 44.561 GC heap before
{Heap before GC invocations=7 (full 0):
 garbage-first heap   total 96256K, used 56467K [0x00000000a2000000, 0x0000000100000000)
  region size 1024K, 48 young (49152K), 4 survivors (4096K)
 Metaspace       used 19821K, capacity 20414K, committed 20736K, reserved 1067008K
  class space    used 2501K, capacity 2745K, committed 2816K, reserved 1048576K
}
Event: 44.579 GC heap after
{Heap after GC invocations=8 (full 0):
 garbage-first heap   total 96256K, used 13206K [0x00000000a2000000, 0x0000000100000000)
  region size 1024K, 4 young (4096K), 4 survivors (4096K)
 Metaspace       used 19821K, capacity 20414K, committed 20736K, reserved 1067008K
  class space    used 2501K, capacity 2745K, committed 2816K, reserved 1048576K
}
Event: 45.035 GC heap before
{Heap before GC invocations=8 (full 0):
 garbage-first heap   total 96256K, used 19350K [0x00000000a2000000, 0x0000000100000000)
  region size 1024K, 11 young (11264K), 4 survivors (4096K)
 Metaspace       used 20318K, capacity 20990K, committed 21248K, reserved 1067008K
  class space    used 2566K, capacity 2808K, committed 2816K, reserved 1048576K
}
Event: 45.063 GC heap after
{Heap after GC invocations=9 (full 0):
 garbage-first heap   total 96256K, used 13581K [0x00000000a2000000, 0x0000000100000000)
  region size 1024K, 4 young (4096K), 4 survivors (4096K)
 Metaspace       used 20318K, capacity 20990K, committed 21248K, reserved 1067008K
  class space    used 2566K, capacity 2808K, committed 2816K, reserved 1048576K
}
Event: 49.705 GC heap before
{Heap before GC invocations=10 (full 0):
 garbage-first heap   total 96256K, used 58637K [0x00000000a2000000, 0x0000000100000000)
  region size 1024K, 48 young (49152K), 4 survivors (4096K)
 Metaspace       used 26144K, capacity 26937K, committed 27008K, reserved 1073152K
  class space    used 3353K, capacity 3689K, committed 3712K, reserved 1048576K
}
Event: 49.728 GC heap after
{Heap after GC invocations=11 (full 0):
 garbage-first heap   total 96256K, used 15712K [0x00000000a2000000, 0x0000000100000000)
  region size 1024K, 6 young (6144K), 6 survivors (6144K)
 Metaspace       used 26144K, capacity 26937K, committed 27008K, reserved 1073152K
  class space    used 3353K, capacity 3689K, committed 3712K, reserved 1048576K
}
Event: 51.876 GC heap before
{Heap before GC invocations=11 (full 0):
 garbage-first heap   total 96256K, used 60768K [0x00000000a2000000, 0x0000000100000000)
  region size 1024K, 51 young (52224K), 6 survivors (6144K)
 Metaspace       used 29112K, capacity 30029K, committed 30208K, reserved 1075200K
  class space    used 3714K, capacity 4078K, committed 4096K, reserved 1048576K
}
Event: 51.902 GC heap after
{Heap after GC invocations=12 (full 0):
 garbage-first heap   total 96256K, used 17406K [0x00000000a2000000, 0x0000000100000000)
  region size 1024K, 5 young (5120K), 5 survivors (5120K)
 Metaspace       used 29112K, capacity 30029K, committed 30208K, reserved 1075200K
  class space    used 3714K, capacity 4078K, committed 4096K, reserved 1048576K
}
Event: 54.977 GC heap before
{Heap before GC invocations=12 (full 0):
 garbage-first heap   total 96256K, used 63486K [0x00000000a2000000, 0x0000000100000000)
  region size 1024K, 51 young (52224K), 5 survivors (5120K)
 Metaspace       used 33832K, capacity 34802K, committed 35072K, reserved 1079296K
  class space    used 4385K, capacity 4773K, committed 4864K, reserved 1048576K
}
Event: 55.000 GC heap after
{Heap after GC invocations=13 (full 0):
 garbage-first heap   total 96256K, used 18653K [0x00000000a2000000, 0x0000000100000000)
  region size 1024K, 3 young (3072K), 3 survivors (3072K)
 Metaspace       used 33832K, capacity 34802K, committed 35072K, reserved 1079296K
  class space    used 4385K, capacity 4773K, committed 4864K, reserved 1048576K
}
Event: 55.227 GC heap before
{Heap before GC invocations=13 (full 0):
 garbage-first heap   total 96256K, used 20701K [0x00000000a2000000, 0x0000000100000000)
  region size 1024K, 6 young (6144K), 3 survivors (3072K)
 Metaspace       used 34552K, capacity 35506K, committed 35628K, reserved 1079296K
  class space    used 4550K, capacity 4965K, committed 4992K, reserved 1048576K
}
Event: 55.239 GC heap after
{Heap after GC invocations=14 (full 0):
 garbage-first heap   total 96256K, used 18699K [0x00000000a2000000, 0x0000000100000000)
  region size 1024K, 3 young (3072K), 3 survivors (3072K)
 Metaspace       used 34552K, capacity 35506K, committed 35628K, reserved 1079296K
  class space    used 4550K, capacity 4965K, committed 4992K, reserved 1048576K
}
Event: 64.412 GC heap before
{Heap before GC invocations=15 (full 0):
 garbage-first heap   total 96256K, used 58635K [0x00000000a2000000, 0x0000000100000000)
  region size 1024K, 42 young (43008K), 3 survivors (3072K)
 Metaspace       used 42007K, capacity 43047K, committed 43308K, reserved 1087488K
  class space    used 5535K, capacity 5944K, committed 6016K, reserved 1048576K
}
Event: 64.435 GC heap after
{Heap after GC invocations=16 (full 0):
 garbage-first heap   total 96256K, used 21894K [0x00000000a2000000, 0x0000000100000000)
  region size 1024K, 6 young (6144K), 6 survivors (6144K)
 Metaspace       used 42007K, capacity 43047K, committed 43308K, reserved 1087488K
  class space    used 5535K, capacity 5944K, committed 6016K, reserved 1048576K
}
Event: 72.458 GC heap before
{Heap before GC invocations=16 (full 0):
 garbage-first heap   total 96256K, used 61830K [0x00000000a2000000, 0x0000000100000000)
  region size 1024K, 45 young (46080K), 6 survivors (6144K)
 Metaspace       used 48316K, capacity 49419K, committed 49580K, reserved 1091584K
  class space    used 6443K, capacity 6888K, committed 6912K, reserved 1048576K
}
Event: 72.484 GC heap after
{Heap after GC invocations=17 (full 0):
 garbage-first heap   total 96256K, used 23669K [0x00000000a2000000, 0x0000000100000000)
  region size 1024K, 2 young (2048K), 2 survivors (2048K)
 Metaspace       used 48316K, capacity 49419K, committed 49580K, reserved 1091584K
  class space    used 6443K, capacity 6888K, committed 6912K, reserved 1048576K
}
Event: 76.499 GC heap before
{Heap before GC invocations=17 (full 0):
 garbage-first heap   total 96256K, used 64629K [0x00000000a2000000, 0x0000000100000000)
  region size 1024K, 42 young (43008K), 2 survivors (2048K)
 Metaspace       used 52378K, capacity 53702K, committed 53804K, reserved 1095680K
  class space    used 7005K, capacity 7535K, committed 7552K, reserved 1048576K
}
Event: 76.518 GC heap after
{Heap after GC invocations=18 (full 0):
 garbage-first heap   total 96256K, used 25596K [0x00000000a2000000, 0x0000000100000000)
  region size 1024K, 4 young (4096K), 4 survivors (4096K)
 Metaspace       used 52378K, capacity 53702K, committed 53804K, reserved 1095680K
  class space    used 7005K, capacity 7535K, committed 7552K, reserved 1048576K
}

Deoptimization events (20 events):
Event: 77.377 Thread 0x000001f6c3d57800 DEOPT PACKING pc=0x000001f6d1334b88 sp=0x0000006bf44fde70
Event: 77.377 Thread 0x000001f6c3d57800 DEOPT UNPACKING pc=0x000001f6c9658429 sp=0x0000006bf44fddf8 mode 2
Event: 77.383 Thread 0x000001f6c3d57800 Uncommon trap: trap_request=0xffffffde fr.pc=0x000001f6d1334b88 relative=0x0000000000000148
Event: 77.383 Thread 0x000001f6c3d57800 Uncommon trap: reason=class_check action=maybe_recompile pc=0x000001f6d1334b88 method=java.lang.reflect.Method.equals(Ljava/lang/Object;)Z @ 5 c2
Event: 77.383 Thread 0x000001f6c3d57800 DEOPT PACKING pc=0x000001f6d1334b88 sp=0x0000006bf44fde50
Event: 77.383 Thread 0x000001f6c3d57800 DEOPT UNPACKING pc=0x000001f6c9658429 sp=0x0000006bf44fddd8 mode 2
Event: 77.384 Thread 0x000001f6c3d57800 Uncommon trap: trap_request=0xffffffde fr.pc=0x000001f6d1334b88 relative=0x0000000000000148
Event: 77.384 Thread 0x000001f6c3d57800 Uncommon trap: reason=class_check action=maybe_recompile pc=0x000001f6d1334b88 method=java.lang.reflect.Method.equals(Ljava/lang/Object;)Z @ 5 c2
Event: 77.384 Thread 0x000001f6c3d57800 DEOPT PACKING pc=0x000001f6d1334b88 sp=0x0000006bf44fde70
Event: 77.384 Thread 0x000001f6c3d57800 DEOPT UNPACKING pc=0x000001f6c9658429 sp=0x0000006bf44fddf8 mode 2
Event: 77.395 Thread 0x000001f6c3d57800 Uncommon trap: trap_request=0xffffff4d fr.pc=0x000001f6d12d73f8 relative=0x00000000000009d8
Event: 77.395 Thread 0x000001f6c3d57800 Uncommon trap: reason=unstable_if action=reinterpret pc=0x000001f6d12d73f8 method=org.springframework.core.annotation.AnnotationsScanner.isWithoutHierarchy(Ljava/lang/reflect/AnnotatedElement;Lorg/springframework/core/annotation/MergedAnnotations$SearchSt
Event: 77.396 Thread 0x000001f6c3d57800 DEOPT PACKING pc=0x000001f6d12d73f8 sp=0x0000006bf44fdc80
Event: 77.396 Thread 0x000001f6c3d57800 DEOPT UNPACKING pc=0x000001f6c9658429 sp=0x0000006bf44fdbd8 mode 2
Event: 77.616 Thread 0x000001f6c3d57800 Uncommon trap: trap_request=0xffffff4d fr.pc=0x000001f6d123bdec relative=0x000000000000012c
Event: 77.616 Thread 0x000001f6c3d57800 Uncommon trap: reason=unstable_if action=reinterpret pc=0x000001f6d123bdec method=java.util.IdentityHashMap.nextKeyIndex(II)I @ 4 c2
Event: 77.617 Thread 0x000001f6c3d57800 DEOPT PACKING pc=0x000001f6d123bdec sp=0x0000006bf44fbc80
Event: 77.617 Thread 0x000001f6c3d57800 DEOPT UNPACKING pc=0x000001f6c9658429 sp=0x0000006bf44fbb88 mode 2
Event: 78.105 Thread 0x000001f6c3d57800 DEOPT PACKING pc=0x000001f6ca81e316 sp=0x0000006bf44fe760
Event: 78.105 Thread 0x000001f6c3d57800 DEOPT UNPACKING pc=0x000001f6c965823f sp=0x0000006bf44fdc38 mode 0

Classes redefined (0 events):
No events

Internal exceptions (20 events):
Event: 75.298 Thread 0x000001f6c3d57800 Exception <a 'java/lang/ClassNotFoundException'{0x00000000a6d9ffe0}: org/springframework/beans/factory/AwareCustomizer> (0x00000000a6d9ffe0) thrown at [c:/BuildAgent/work/5ff2f6c26000d570/src/hotspot/share/classfile/systemDictionary.cpp, line 231]
Event: 75.300 Thread 0x000001f6c3d57800 Exception <a 'java/lang/ClassNotFoundException'{0x00000000a6db0758}: org/springframework/context/ApplicationContextAwareCustomizer> (0x00000000a6db0758) thrown at [c:/BuildAgent/work/5ff2f6c26000d570/src/hotspot/share/classfile/systemDictionary.cpp, line 
Event: 75.302 Thread 0x000001f6c3d57800 Exception <a 'java/lang/ClassNotFoundException'{0x00000000a6dc0630}: org/springframework/beans/factory/AwareCustomizer> (0x00000000a6dc0630) thrown at [c:/BuildAgent/work/5ff2f6c26000d570/src/hotspot/share/classfile/systemDictionary.cpp, line 231]
Event: 75.303 Thread 0x000001f6c3d57800 Exception <a 'java/lang/ClassNotFoundException'{0x00000000a6dd0d80}: org/springframework/web/context/ServletContextAwareCustomizer> (0x00000000a6dd0d80) thrown at [c:/BuildAgent/work/5ff2f6c26000d570/src/hotspot/share/classfile/systemDictionary.cpp, line 
Event: 75.304 Thread 0x000001f6c3d57800 Exception <a 'java/lang/ClassNotFoundException'{0x00000000a6de0730}: org/springframework/beans/factory/AwareCustomizer> (0x00000000a6de0730) thrown at [c:/BuildAgent/work/5ff2f6c26000d570/src/hotspot/share/classfile/systemDictionary.cpp, line 231]
Event: 75.495 Thread 0x000001f6c3d57800 Exception <a 'java/lang/ClassNotFoundException'{0x00000000a6a66cd0}: java/lang/ObjectCustomizer> (0x00000000a6a66cd0) thrown at [c:/BuildAgent/work/5ff2f6c26000d570/src/hotspot/share/classfile/systemDictionary.cpp, line 231]
Event: 75.496 Thread 0x000001f6c3d57800 Exception <a 'java/lang/ClassNotFoundException'{0x00000000a6a797b0}: com/school/webapp/BookStore/SaveBook/BookEntityCustomizer> (0x00000000a6a797b0) thrown at [c:/BuildAgent/work/5ff2f6c26000d570/src/hotspot/share/classfile/systemDictionary.cpp, line 231]
Event: 75.588 Thread 0x000001f6c3d57800 Exception <a 'java/lang/ClassNotFoundException'{0x00000000a69c3628}: java/lang/ObjectCustomizer> (0x00000000a69c3628) thrown at [c:/BuildAgent/work/5ff2f6c26000d570/src/hotspot/share/classfile/systemDictionary.cpp, line 231]
Event: 75.589 Thread 0x000001f6c3d57800 Exception <a 'java/lang/ClassNotFoundException'{0x00000000a69d4f18}: com/school/webapp/Repository/AttendanceCustomizer> (0x00000000a69d4f18) thrown at [c:/BuildAgent/work/5ff2f6c26000d570/src/hotspot/share/classfile/systemDictionary.cpp, line 231]
Event: 75.817 Thread 0x000001f6c3d57800 Exception <a 'java/lang/ClassNotFoundException'{0x00000000a64a30f8}: java/lang/ObjectCustomizer> (0x00000000a64a30f8) thrown at [c:/BuildAgent/work/5ff2f6c26000d570/src/hotspot/share/classfile/systemDictionary.cpp, line 231]
Event: 75.819 Thread 0x000001f6c3d57800 Exception <a 'java/lang/ClassNotFoundException'{0x00000000a64bbaf0}: org/springframework/security/config/annotation/web/configuration/WebSecurityConfigurationCustomizer> (0x00000000a64bbaf0) thrown at [c:/BuildAgent/work/5ff2f6c26000d570/src/hotspot/share
Event: 75.834 Thread 0x000001f6c3d57800 Exception <a 'java/lang/ClassNotFoundException'{0x00000000a64d6258}: org/springframework/context/annotation/ImportAwareCustomizer> (0x00000000a64d6258) thrown at [c:/BuildAgent/work/5ff2f6c26000d570/src/hotspot/share/classfile/systemDictionary.cpp, line 2
Event: 75.835 Thread 0x000001f6c3d57800 Exception <a 'java/lang/ClassNotFoundException'{0x00000000a64e4ff0}: org/springframework/beans/factory/AwareCustomizer> (0x00000000a64e4ff0) thrown at [c:/BuildAgent/work/5ff2f6c26000d570/src/hotspot/share/classfile/systemDictionary.cpp, line 231]
Event: 75.836 Thread 0x000001f6c3d57800 Exception <a 'java/lang/ClassNotFoundException'{0x00000000a64f5228}: org/springframework/beans/factory/BeanClassLoaderAwareCustomizer> (0x00000000a64f5228) thrown at [c:/BuildAgent/work/5ff2f6c26000d570/src/hotspot/share/classfile/systemDictionary.cpp, li
Event: 75.837 Thread 0x000001f6c3d57800 Exception <a 'java/lang/ClassNotFoundException'{0x00000000a63044b0}: org/springframework/beans/factory/AwareCustomizer> (0x00000000a63044b0) thrown at [c:/BuildAgent/work/5ff2f6c26000d570/src/hotspot/share/classfile/systemDictionary.cpp, line 231]
Event: 76.082 Thread 0x000001f6c3d57800 Implicit null exception at 0x000001f6d13b9583 to 0x000001f6d13b9762
Event: 76.419 Thread 0x000001f6c3d57800 Exception <a 'java/lang/NoSuchMethodError'{0x00000000a5797490}: 'java.lang.Object java.lang.invoke.DirectMethodHandle$Holder.invokeInterface(java.lang.Object, java.lang.Object, java.lang.Object, java.lang.Object)'> (0x00000000a5797490) thrown at [c:/Build
Event: 77.070 Thread 0x000001f6c3d57800 Exception <a 'java/lang/NoSuchMethodError'{0x00000000a77c57b0}: 'void java.lang.invoke.DirectMethodHandle$Holder.invokeVirtual(java.lang.Object, java.lang.Object, int)'> (0x00000000a77c57b0) thrown at [c:/BuildAgent/work/5ff2f6c26000d570/src/hotspot/share
Event: 77.454 Thread 0x000001f6c3d57800 Exception <a 'java/lang/IncompatibleClassChangeError'{0x00000000a6f2fba8}: Found class java.lang.Object, but interface was expected> (0x00000000a6f2fba8) thrown at [c:/BuildAgent/work/5ff2f6c26000d570/src/hotspot/share/interpreter/linkResolver.cpp, line 8
Event: 77.553 Thread 0x000001f6c3d57800 Exception <a 'java/lang/NoSuchMethodError'{0x00000000a6edc3b8}: 'int java.lang.invoke.DirectMethodHandle$Holder.invokeStaticInit(java.lang.Object, java.lang.Object, java.lang.Object, java.lang.Object)'> (0x00000000a6edc3b8) thrown at [c:/BuildAgent/work/5

Events (20 events):
Event: 78.327 loading class org/springframework/boot/CommandLineRunner
Event: 78.327 loading class org/springframework/boot/CommandLineRunner done
Event: 78.330 Thread 0x000001f6c3d57800 Thread exited: 0x000001f6c3d57800
Event: 78.330 Thread 0x000001f6e20a2000 Thread added: 0x000001f6e20a2000
Event: 78.333 loading class org/apache/coyote/AbstractProtocol$2
Event: 78.333 loading class org/apache/coyote/AbstractProtocol$2 done
Event: 85.083 Executing VM operation: RevokeBias
Event: 85.083 Executing VM operation: RevokeBias done
Event: 85.083 Executing VM operation: RevokeBias
Event: 85.083 Executing VM operation: RevokeBias done
Event: 85.085 loading class org/apache/catalina/webresources/Cache$EvictionOrder
Event: 85.085 loading class org/apache/catalina/webresources/Cache$EvictionOrder done
Event: 85.088 Executing VM operation: RevokeBias
Event: 85.088 Executing VM operation: RevokeBias done
Event: 85.088 loading class org/apache/tomcat/PeriodicEventListener
Event: 85.088 loading class org/apache/tomcat/PeriodicEventListener done
Event: 85.089 Executing VM operation: RevokeBias
Event: 85.089 Executing VM operation: RevokeBias done
Event: 85.089 Executing VM operation: RevokeBias
Event: 85.089 Executing VM operation: RevokeBias done


Dynamic libraries:
0x00007ff79ccd0000 - 0x00007ff79ccda000 	C:\Program Files\JetBrains\IntelliJ IDEA Community Edition 2019.3.2\jbr\bin\java.exe
0x00007ffd94000000 - 0x00007ffd941db000 	C:\Windows\SYSTEM32\ntdll.dll
0x00007ffd93a50000 - 0x00007ffd93afe000 	C:\Windows\System32\KERNEL32.DLL
0x00007ffd90520000 - 0x00007ffd90769000 	C:\Windows\System32\KERNELBASE.dll
0x00007ffd91440000 - 0x00007ffd91536000 	C:\Windows\System32\ucrtbase.dll
0x00007ffd86540000 - 0x00007ffd86559000 	C:\Program Files\JetBrains\IntelliJ IDEA Community Edition 2019.3.2\jbr\bin\jli.dll
0x00007ffd93d70000 - 0x00007ffd93eba000 	C:\Windows\System32\USER32.dll
0x00007ffd91540000 - 0x00007ffd9155e000 	C:\Windows\System32\win32u.dll
0x00007ffd91930000 - 0x00007ffd91957000 	C:\Windows\System32\GDI32.dll
0x00007ffd90770000 - 0x00007ffd908f9000 	C:\Windows\System32\gdi32full.dll
0x00007ffd84e70000 - 0x00007ffd850d7000 	C:\Windows\WinSxS\amd64_microsoft.windows.common-controls_6595b64144ccf1df_6.0.15063.0_none_108e4f62dfe5d999\COMCTL32.dll
0x00007ffd91000000 - 0x00007ffd9109a000 	C:\Windows\System32\msvcp_win.dll
0x00007ffd93b80000 - 0x00007ffd93c1d000 	C:\Windows\System32\msvcrt.dll
0x00007ffd93640000 - 0x00007ffd93939000 	C:\Windows\System32\combase.dll
0x00007ffd91f60000 - 0x00007ffd92085000 	C:\Windows\System32\RPCRT4.dll
0x00007ffd910a0000 - 0x00007ffd9110a000 	C:\Windows\System32\bcryptPrimitives.dll
0x00007ffd862e0000 - 0x00007ffd862f7000 	C:\Program Files\JetBrains\IntelliJ IDEA Community Edition 2019.3.2\jbr\bin\VCRUNTIME140.dll
0x00007ffd91960000 - 0x00007ffd9198d000 	C:\Windows\System32\IMM32.DLL
0x00007ffd80830000 - 0x00007ffd808cd000 	C:\Program Files\JetBrains\IntelliJ IDEA Community Edition 2019.3.2\jbr\bin\msvcp140.dll
0x00007ffd6b680000 - 0x00007ffd6c13b000 	C:\Program Files\JetBrains\IntelliJ IDEA Community Edition 2019.3.2\jbr\bin\server\jvm.dll
0x00007ffd93940000 - 0x00007ffd939e1000 	C:\Windows\System32\ADVAPI32.dll
0x00007ffd93f20000 - 0x00007ffd93f79000 	C:\Windows\System32\sechost.dll
0x00007ffd93f80000 - 0x00007ffd93f88000 	C:\Windows\System32\PSAPI.DLL
0x00007ffd883e0000 - 0x00007ffd883e9000 	C:\Windows\SYSTEM32\WSOCK32.dll
0x00007ffd93f90000 - 0x00007ffd93ffc000 	C:\Windows\System32\WS2_32.dll
0x00007ffd8e900000 - 0x00007ffd8e923000 	C:\Windows\SYSTEM32\WINMM.dll
0x00007ffd85810000 - 0x00007ffd8581a000 	C:\Windows\SYSTEM32\VERSION.dll
0x00007ffd8e8a0000 - 0x00007ffd8e8cb000 	C:\Windows\SYSTEM32\WINMMBASE.dll
0x00007ffd913f0000 - 0x00007ffd91439000 	C:\Windows\System32\cfgmgr32.dll
0x00007ffd904e0000 - 0x00007ffd904f1000 	C:\Windows\System32\kernel.appcore.dll
0x00007ffd862a0000 - 0x00007ffd862b1000 	C:\Program Files\JetBrains\IntelliJ IDEA Community Edition 2019.3.2\jbr\bin\verify.dll
0x00007ffd896b0000 - 0x00007ffd89859000 	C:\Windows\SYSTEM32\DBGHELP.DLL
0x00007ffd89680000 - 0x00007ffd896a9000 	C:\Windows\SYSTEM32\dbgcore.DLL
0x00007ffd84840000 - 0x00007ffd84869000 	C:\Program Files\JetBrains\IntelliJ IDEA Community Edition 2019.3.2\jbr\bin\java.dll
0x00007ffd8b610000 - 0x00007ffd8b61f000 	C:\Program Files\JetBrains\IntelliJ IDEA Community Edition 2019.3.2\jbr\bin\instrument.dll
0x00007ffd84780000 - 0x00007ffd84797000 	C:\Program Files\JetBrains\IntelliJ IDEA Community Edition 2019.3.2\jbr\bin\zip.dll
0x00007ffd86a60000 - 0x00007ffd86a6b000 	C:\Program Files\JetBrains\IntelliJ IDEA Community Edition 2019.3.2\jbr\bin\jimage.dll
0x00007ffd92200000 - 0x00007ffd93637000 	C:\Windows\System32\SHELL32.dll
0x00007ffd93c20000 - 0x00007ffd93cca000 	C:\Windows\System32\shcore.dll
0x00007ffd90900000 - 0x00007ffd90ff2000 	C:\Windows\System32\windows.storage.dll
0x00007ffd93b00000 - 0x00007ffd93b51000 	C:\Windows\System32\shlwapi.dll
0x00007ffd90470000 - 0x00007ffd904bc000 	C:\Windows\System32\powrprof.dll
0x00007ffd90500000 - 0x00007ffd90515000 	C:\Windows\System32\profapi.dll
0x00007ffd825b0000 - 0x00007ffd825ca000 	C:\Program Files\JetBrains\IntelliJ IDEA Community Edition 2019.3.2\jbr\bin\net.dll
0x00007ffd88890000 - 0x00007ffd88967000 	C:\Windows\SYSTEM32\WINHTTP.dll
0x00007ffd8fd20000 - 0x00007ffd8fd7c000 	C:\Windows\system32\mswsock.dll
0x00007ffd81300000 - 0x00007ffd81314000 	C:\Program Files\JetBrains\IntelliJ IDEA Community Edition 2019.3.2\jbr\bin\nio.dll
0x00007ffd80bc0000 - 0x00007ffd80bda000 	C:\Program Files\JetBrains\IntelliJ IDEA Community Edition 2019.3.2\bin\breakgen64.dll
0x00007ffd84770000 - 0x00007ffd8477a000 	C:\Program Files\JetBrains\IntelliJ IDEA Community Edition 2019.3.2\jbr\bin\management.dll
0x00007ffd84290000 - 0x00007ffd8429c000 	C:\Program Files\JetBrains\IntelliJ IDEA Community Edition 2019.3.2\jbr\bin\management_ext.dll
0x00007ffd85130000 - 0x00007ffd85146000 	C:\Windows\system32\napinsp.dll
0x00007ffd85110000 - 0x00007ffd8512a000 	C:\Windows\system32\pnrpnsp.dll
0x00007ffd8aea0000 - 0x00007ffd8aeb8000 	C:\Windows\system32\NLAapi.dll
0x00007ffd8fb00000 - 0x00007ffd8fba4000 	C:\Windows\SYSTEM32\DNSAPI.dll
0x00007ffd91920000 - 0x00007ffd91928000 	C:\Windows\System32\NSI.dll
0x00007ffd8fac0000 - 0x00007ffd8faf7000 	C:\Windows\SYSTEM32\IPHLPAPI.DLL
0x00007ffd85100000 - 0x00007ffd8510e000 	C:\Windows\System32\winrnr.dll
0x00007ffd850e0000 - 0x00007ffd850f5000 	C:\Windows\System32\wshbth.dll
0x00007ffd884d0000 - 0x00007ffd884da000 	C:\Windows\System32\rasadhlp.dll
0x00007ffd890b0000 - 0x00007ffd8911b000 	C:\Windows\System32\fwpuclnt.dll
0x00007ffd90030000 - 0x00007ffd90055000 	C:\Windows\SYSTEM32\bcrypt.dll
0x0000000180000000 - 0x0000000180286000 	C:\Users\USER\Desktop\apache-tomcat-8.5.65\bin\tcnative-1.dll
0x00007ffd91220000 - 0x00007ffd913e9000 	C:\Windows\System32\CRYPT32.dll
0x00007ffd904c0000 - 0x00007ffd904d1000 	C:\Windows\System32\MSASN1.dll
0x00007ffd8fec0000 - 0x00007ffd8fed7000 	C:\Windows\SYSTEM32\CRYPTSP.dll
0x00007ffd8f940000 - 0x00007ffd8f974000 	C:\Windows\system32\rsaenh.dll
0x00007ffd90370000 - 0x00007ffd90399000 	C:\Windows\SYSTEM32\USERENV.dll
0x00007ffd8fee0000 - 0x00007ffd8feeb000 	C:\Windows\SYSTEM32\CRYPTBASE.dll
0x00007ffd8adb0000 - 0x00007ffd8adc6000 	C:\Windows\SYSTEM32\dhcpcsvc6.DLL
0x00007ffd8ad90000 - 0x00007ffd8adaa000 	C:\Windows\SYSTEM32\dhcpcsvc.DLL

dbghelp: loaded successfully - version: 4.0.5 - missing functions: none
symbol engine: initialized successfully - sym options: 0x614 - pdb path: .;C:\Program Files\JetBrains\IntelliJ IDEA Community Edition 2019.3.2\jbr\bin;C:\Windows\SYSTEM32;C:\Windows\WinSxS\amd64_microsoft.windows.common-controls_6595b64144ccf1df_6.0.15063.0_none_108e4f62dfe5d999;C:\Program Files\JetBrains\IntelliJ IDEA Community Edition 2019.3.2\jbr\bin\server;C:\Program Files\JetBrains\IntelliJ IDEA Community Edition 2019.3.2\bin;C:\Users\USER\Desktop\apache-tomcat-8.5.65\bin

VM Arguments:
jvm_args: -javaagent:C:\Program Files\JetBrains\IntelliJ IDEA Community Edition 2019.3.2\lib\idea_rt.jar=54191:C:\Program Files\JetBrains\IntelliJ IDEA Community Edition 2019.3.2\bin -Dfile.encoding=UTF-8 
java_command: com.school.webapp.Application
java_class_path (initial): C:\Users\USER\Documents\My data\openjfx-13.0.2_windows-x64_bin-sdk\javafx-sdk-13.0.2;C:\Users\USER\Desktop\My projects\Spring-web-app-for-school-management-software-\target\classes;C:\Users\USER\.m2\repository\org\springframework\boot\spring-boot-starter-data-jpa\2.2.8.RELEASE\spring-boot-starter-data-jpa-2.2.8.RELEASE.jar;C:\Users\USER\.m2\repository\org\springframework\boot\spring-boot-starter-aop\2.2.8.RELEASE\spring-boot-starter-aop-2.2.8.RELEASE.jar;C:\Users\USER\.m2\repository\org\aspectj\aspectjweaver\1.9.5\aspectjweaver-1.9.5.jar;C:\Users\USER\.m2\repository\org\springframework\boot\spring-boot-starter-jdbc\2.2.8.RELEASE\spring-boot-starter-jdbc-2.2.8.RELEASE.jar;C:\Users\USER\.m2\repository\com\zaxxer\HikariCP\3.4.5\HikariCP-3.4.5.jar;C:\Users\USER\.m2\repository\org\springframework\spring-jdbc\5.2.7.RELEASE\spring-jdbc-5.2.7.RELEASE.jar;C:\Users\USER\.m2\repository\jakarta\persistence\jakarta.persistence-api\2.2.3\jakarta.persistence-api-2.2.3.jar;C:\Users\USER\.m2\repository\jakarta\transaction\jakarta.transaction-api\1.3.3\jakarta.transaction-api-1.3.3.jar;C:\Users\USER\.m2\repository\org\hibernate\hibernate-core\5.4.17.Final\hibernate-core-5.4.17.Final.jar;C:\Users\USER\.m2\repository\org\jboss\logging\jboss-logging\3.4.1.Final\jboss-logging-3.4.1.Final.jar;C:\Users\USER\.m2\repository\org\javassist\javassist\3.24.0-GA\javassist-3.24.0-GA.jar;C:\Users\USER\.m2\repository\net\bytebuddy\byte-buddy\1.10.11\byte-buddy-1.10.11.jar;C:\Users\USER\.m2\repository\antlr\antlr\2.7.7\antlr-2.7.7.jar;C:\Users\USER\.m2\repository\org\jboss\jandex\2.1.3.Final\jandex-2.1.3.Final.jar;C:\Users\USER\.m2\repository\com\fasterxml\classmate\1.5.1\classmate-1.5.1.jar;C:\Users\USER\.m2\repository\org\dom4j\dom4j\2.1.3\dom4j-2.1.3.jar;C:\Users\USER\.m2\repository\org\hibernate\common\hibernate-commons-annotations\5.1.0.Final\hibernate-commons-annotations-5.1.0.Final.jar;C:\Users\USER\.m2\repository\org\glassfish\jaxb\jaxb-runtime\2.3.3\jaxb-runtime-
Launcher Type: SUN_STANDARD

[Global flags]
     intx CICompilerCount                          = 2                                         {product} {ergonomic}
     uint ConcGCThreads                            = 1                                         {product} {ergonomic}
     uint G1ConcRefinementThreads                  = 2                                         {product} {ergonomic}
   size_t G1HeapRegionSize                         = 1048576                                   {product} {ergonomic}
    uintx GCDrainStackTargetSize                   = 64                                        {product} {ergonomic}
   size_t InitialHeapSize                          = 98566144                                  {product} {ergonomic}
   size_t MarkStackSize                            = 4194304                                   {product} {ergonomic}
   size_t MaxHeapSize                              = 1577058304                                {product} {ergonomic}
   size_t MaxNewSize                               = 945815552                                 {product} {ergonomic}
   size_t MinHeapDeltaBytes                        = 1048576                                   {product} {ergonomic}
    uintx NonNMethodCodeHeapSize                   = 5825164                                {pd product} {ergonomic}
    uintx NonProfiledCodeHeapSize                  = 122916538                              {pd product} {ergonomic}
    uintx ProfiledCodeHeapSize                     = 122916538                              {pd product} {ergonomic}
    uintx ReservedCodeCacheSize                    = 251658240                              {pd product} {ergonomic}
     bool SegmentedCodeCache                       = true                                      {product} {ergonomic}
     bool UseCompressedClassPointers               = true                                 {lp64_product} {ergonomic}
     bool UseCompressedOops                        = true                                 {lp64_product} {ergonomic}
     bool UseG1GC                                  = true                                      {product} {ergonomic}
     bool UseLargePagesIndividualAllocation        = false                                  {pd product} {ergonomic}

Logging:
Log output configuration:
 #0: stdout all=warning uptime,level,tags
 #1: stderr all=off uptime,level,tags

Environment Variables:
JAVA_HOME=C:\Program Files (x86)\Java\jdk1.8.0_291
JRE_HOME=C:\Program Files (x86)\Java\jdk1.8.0_291\jre
PATH=C:\Program Files\Common Files\Oracle\Java\javapath;C:\Program Files (x86)\Common Files\Oracle\Java\javapath;C:\Windows\system32;C:\Windows;C:\Windows\System32\Wbem;C:\Windows\System32\WindowsPowerShell\v1.0\;C:\Program Files (x86)\NVIDIA Corporation\PhysX\Common;C:\Program Files\Git\cmd;C:\Users\USER\AppData\Local\Microsoft\WindowsApps;C:\Program Files\JetBrains\IntelliJ IDEA Community Edition 2019.3.2\bin;C:\Users\USER\Desktop\flutter\bin;C:\Users\USER\AppData\Local\Android\Sdk\platform-tools;C:\adb;C:\Program Files\MATLAB\R2018b\runtime\win64;C:\Program Files\MATLAB\R2018b\bin;C:\Users\USER\AppData\Local\Microsoft\WindowsApps;C:\Program Files\JetBrains\IntelliJ IDEA Community Edition 2019.3.2\bin;;C:\Users\USER\Desktop\flutter\bin;C:\Users\USER\Desktop\apache-tomcat-8.5.65\bin;C:\Users\USER\AppData\Local\Programs\Microsoft VS Code\bin;
USERNAME=USER
OS=Windows_NT
PROCESSOR_IDENTIFIER=Intel64 Family 6 Model 23 Stepping 10, GenuineIntel



---------------  S Y S T E M  ---------------

OS: Windows 10 , 64 bit Build 15063 (10.0.15063.0)

CPU:total 2 (initial active 2) (2 cores per cpu, 1 threads per core) family 6 model 23 stepping 10, cmov, cx8, fxsr, mmx, sse, sse2, sse3, ssse3, sse4.1, tsc

Memory: 4k page, system-wide physical 6011M (73M free)
TotalPageFile size 11478M (AvailPageFile size 0M)
current process WorkingSet (physical memory assigned to process): 193M, peak: 244M
current process commit charge ("private bytes"): 255M, peak: 277M

vm_info: OpenJDK 64-Bit Server VM (11.0.5+10-b520.30) for windows-amd64 JRE (11.0.5+10-b520.30), built on Dec 24 2019 12:06:09 by "" with MS VC++ 14.0 (VS2015)

END.
