#
# There is insufficient memory for the Java Runtime Environment to continue.
# Native memory allocation (malloc) failed to allocate 914416 bytes for Chunk::new
# Possible reasons:
#   The system is out of physical RAM or swap space
#   The process is running with CompressedOops enabled, and the Java Heap may be blocking the growth of the native heap
# Possible solutions:
#   Reduce memory load on the system
#   Increase physical memory or swap space
#   Check if swap backing store is full
#   Decrease Java heap size (-Xmx/-Xms)
#   Decrease number of Java threads
#   Decrease Java thread stack sizes (-Xss)
#   Set larger code cache with -XX:ReservedCodeCacheSize=
#   JVM is running with Unscaled Compressed Oops mode in which the Java heap is
#     placed in the first 4GB address space. The Java Heap base address is the
#     maximum limit for the native heap growth. Please use -XX:HeapBaseMinAddress
#     to set the Java Heap base and to place the Java Heap above 4GB virtual address.
# This output file may be truncated or incomplete.
#
#  Out of Memory Error (c:/BuildAgent/work/5ff2f6c26000d570/src/hotspot/share/memory/arena.cpp:197), pid=6892, tid=4564
#
# JRE version: OpenJDK Runtime Environment (11.0.5+10) (build 11.0.5+10-b520.30)
# Java VM: OpenJDK 64-Bit Server VM (11.0.5+10-b520.30, mixed mode, sharing, tiered, compressed oops, g1 gc, windows-amd64)
# No core dump will be written. Minidumps are not enabled by default on client versions of Windows
#

---------------  S U M M A R Y ------------

Command Line: -javaagent:C:\Program Files\JetBrains\IntelliJ IDEA Community Edition 2019.3.2\lib\idea_rt.jar=55814:C:\Program Files\JetBrains\IntelliJ IDEA Community Edition 2019.3.2\bin -Dfile.encoding=UTF-8 com.school.webapp.Application

Host: Intel(R) Core(TM)2 Duo CPU     T6570  @ 2.10GHz, 2 cores, 5G,  Windows 10 , 64 bit Build 15063 (10.0.15063.0)
Time: Fri Apr 23 01:23:06 2021 W. Central Africa Standard Time elapsed time: 25 seconds (0d 0h 0m 25s)

---------------  T H R E A D  ---------------

Current thread (0x0000029bc02c9000):  JavaThread "C2 CompilerThread0" daemon [_thread_in_native, id=4564, stack(0x000000ec3b700000,0x000000ec3b800000)]


Current CompileTask:
C2:  25564 3392       4       org.springframework.core.annotation.AnnotationsScanner::getDeclaredAnnotations (166 bytes)

Stack: [0x000000ec3b700000,0x000000ec3b800000]
Native frames: (J=compiled Java code, j=interpreted, Vv=VM code, C=native code)
V  [jvm.dll+0x5dcafa]
V  [jvm.dll+0x70e375]
V  [jvm.dll+0x70f898]
V  [jvm.dll+0x70ff63]
V  [jvm.dll+0x23e238]
V  [jvm.dll+0xb8a9c]
V  [jvm.dll+0xb8fac]
V  [jvm.dll+0x34fc9d]
V  [jvm.dll+0x31d9d3]
V  [jvm.dll+0x31cf6a]
V  [jvm.dll+0x1f78c2]
V  [jvm.dll+0x1f6a94]
V  [jvm.dll+0x17f6fc]
V  [jvm.dll+0x204f77]
V  [jvm.dll+0x2037f1]
V  [jvm.dll+0x6d835f]
V  [jvm.dll+0x6d114d]
V  [jvm.dll+0x5dbdd6]
C  [ucrtbase.dll+0x20369]
C  [KERNEL32.DLL+0x12774]
C  [ntdll.dll+0x70d61]


---------------  P R O C E S S  ---------------

Threads class SMR info:
_java_thread_list=0x0000029bc241dac0, length=11, elements={
0x0000029ba79a7000, 0x0000029bc02b7000, 0x0000029bc02b8800, 0x0000029bc02c6000,
0x0000029bc02c7000, 0x0000029bc02c9000, 0x0000029bc033d800, 0x0000029bc033e800,
0x0000029bc0c8c800, 0x0000029bc12ed000, 0x0000029bc12ee000
}

Java Threads: ( => current thread )
  0x0000029ba79a7000 JavaThread "main" [_thread_in_native, id=5016, stack(0x000000ec3ab00000,0x000000ec3ac00000)]
  0x0000029bc02b7000 JavaThread "Reference Handler" daemon [_thread_blocked, id=8964, stack(0x000000ec3b200000,0x000000ec3b300000)]
  0x0000029bc02b8800 JavaThread "Finalizer" daemon [_thread_blocked, id=664, stack(0x000000ec3b300000,0x000000ec3b400000)]
  0x0000029bc02c6000 JavaThread "Signal Dispatcher" daemon [_thread_blocked, id=6688, stack(0x000000ec3b500000,0x000000ec3b600000)]
  0x0000029bc02c7000 JavaThread "Attach Listener" daemon [_thread_blocked, id=8080, stack(0x000000ec3b600000,0x000000ec3b700000)]
=>0x0000029bc02c9000 JavaThread "C2 CompilerThread0" daemon [_thread_in_native, id=4564, stack(0x000000ec3b700000,0x000000ec3b800000)]
  0x0000029bc033d800 JavaThread "C1 CompilerThread0" daemon [_thread_blocked, id=260, stack(0x000000ec3b800000,0x000000ec3b900000)]
  0x0000029bc033e800 JavaThread "Sweeper thread" daemon [_thread_blocked, id=9368, stack(0x000000ec3b900000,0x000000ec3ba00000)]
  0x0000029bc0c8c800 JavaThread "Common-Cleaner" daemon [_thread_blocked, id=6960, stack(0x000000ec3ba00000,0x000000ec3bb00000)]
  0x0000029bc12ed000 JavaThread "Monitor Ctrl-Break" daemon [_thread_in_native, id=8376, stack(0x000000ec3bc00000,0x000000ec3bd00000)]
  0x0000029bc12ee000 JavaThread "Service Thread" daemon [_thread_blocked, id=9156, stack(0x000000ec3bd00000,0x000000ec3be00000)]

Other Threads:
  0x0000029bc02b3000 VMThread "VM Thread" [stack: 0x000000ec3b100000,0x000000ec3b200000] [id=720]
  0x0000029bc12ef000 WatcherThread [stack: 0x000000ec3be00000,0x000000ec3bf00000] [id=3220]
  0x0000029ba79be800 GCTaskThread "GC Thread#0" [stack: 0x000000ec3ac00000,0x000000ec3ad00000] [id=8584]
  0x0000029bc0f3b800 GCTaskThread "GC Thread#1" [stack: 0x000000ec3bb00000,0x000000ec3bc00000] [id=8272]
  0x0000029ba79e3000 ConcurrentGCThread "G1 Main Marker" [stack: 0x000000ec3ad00000,0x000000ec3ae00000] [id=5332]
  0x0000029ba79e5800 ConcurrentGCThread "G1 Conc#0" [stack: 0x000000ec3ae00000,0x000000ec3af00000] [id=748]
  0x0000029ba7a4f800 ConcurrentGCThread "G1 Refine#0" [stack: 0x000000ec3af00000,0x000000ec3b000000] [id=7460]
  0x0000029ba7a50800 ConcurrentGCThread "G1 Young RemSet Sampling" [stack: 0x000000ec3b000000,0x000000ec3b100000] [id=2004]

Threads with active compile tasks:
C2 CompilerThread0  25807 3392       4       org.springframework.core.annotation.AnnotationsScanner::getDeclaredAnnotations (166 bytes)

VM state:not at safepoint (normal execution)

VM Mutex/Monitor currently owned by a thread: None

Heap address: 0x00000000a2000000, size: 1504 MB, Compressed Oops mode: 32-bit
Narrow klass base: 0x0000000800000000, Narrow klass shift: 3
Compressed class space size: 1073741824 Address: 0x0000000840000000

Heap:
 garbage-first heap   total 117760K, used 65009K [0x00000000a2000000, 0x0000000100000000)
  region size 1024K, 56 young (57344K), 5 survivors (5120K)
 Metaspace       used 27153K, capacity 28101K, committed 28288K, reserved 1073152K
  class space    used 3525K, capacity 3908K, committed 3968K, reserved 1048576K
Heap Regions: E=young(eden), S=young(survivor), O=old, HS=humongous(starts), HC=humongous(continues), CS=collection set, F=free, A=archive, TAMS=top-at-mark-start (previous, next)
|   0|0x00000000a2000000, 0x00000000a2100000, 0x00000000a2100000|100%|HS|  |TAMS 0x00000000a2100000, 0x00000000a2000000| Complete 
|   1|0x00000000a2100000, 0x00000000a2200000, 0x00000000a2200000|100%| O|  |TAMS 0x00000000a2200000, 0x00000000a2100000| Untracked 
|   2|0x00000000a2200000, 0x00000000a2300000, 0x00000000a2300000|100%| O|  |TAMS 0x00000000a2300000, 0x00000000a2200000| Untracked 
|   3|0x00000000a2300000, 0x00000000a2400000, 0x00000000a2400000|100%| O|  |TAMS 0x00000000a2400000, 0x00000000a2300000| Untracked 
|   4|0x00000000a2400000, 0x00000000a2500000, 0x00000000a2500000|100%| O|  |TAMS 0x00000000a2500000, 0x00000000a2400000| Untracked 
|   5|0x00000000a2500000, 0x00000000a2600000, 0x00000000a2600000|100%| O|  |TAMS 0x00000000a2600000, 0x00000000a2500000| Untracked 
|   6|0x00000000a2600000, 0x00000000a2700000, 0x00000000a2700000|100%| O|  |TAMS 0x00000000a2700000, 0x00000000a2600000| Untracked 
|   7|0x00000000a2700000, 0x00000000a2800000, 0x00000000a2800000|100%| O|  |TAMS 0x00000000a2800000, 0x00000000a2700000| Untracked 
|   8|0x00000000a2800000, 0x00000000a28bd800, 0x00000000a2900000| 74%| O|  |TAMS 0x00000000a28bd800, 0x00000000a2800000| Untracked 
|   9|0x00000000a2900000, 0x00000000a2900000, 0x00000000a2a00000|  0%| F|  |TAMS 0x00000000a2900000, 0x00000000a2900000| Untracked 
|  10|0x00000000a2a00000, 0x00000000a2a00000, 0x00000000a2b00000|  0%| F|  |TAMS 0x00000000a2a00000, 0x00000000a2a00000| Untracked 
|  11|0x00000000a2b00000, 0x00000000a2b00000, 0x00000000a2c00000|  0%| F|  |TAMS 0x00000000a2b00000, 0x00000000a2b00000| Untracked 
|  12|0x00000000a2c00000, 0x00000000a2c00000, 0x00000000a2d00000|  0%| F|  |TAMS 0x00000000a2c00000, 0x00000000a2c00000| Untracked 
|  13|0x00000000a2d00000, 0x00000000a2d00000, 0x00000000a2e00000|  0%| F|  |TAMS 0x00000000a2d00000, 0x00000000a2d00000| Untracked 
|  14|0x00000000a2e00000, 0x00000000a2e00000, 0x00000000a2f00000|  0%| F|  |TAMS 0x00000000a2e00000, 0x00000000a2e00000| Untracked 
|  15|0x00000000a2f00000, 0x00000000a2f00000, 0x00000000a3000000|  0%| F|  |TAMS 0x00000000a2f00000, 0x00000000a2f00000| Untracked 
|  16|0x00000000a3000000, 0x00000000a3000000, 0x00000000a3100000|  0%| F|  |TAMS 0x00000000a3000000, 0x00000000a3000000| Untracked 
|  17|0x00000000a3100000, 0x00000000a3100000, 0x00000000a3200000|  0%| F|  |TAMS 0x00000000a3100000, 0x00000000a3100000| Untracked 
|  18|0x00000000a3200000, 0x00000000a3200000, 0x00000000a3300000|  0%| F|  |TAMS 0x00000000a3200000, 0x00000000a3200000| Untracked 
|  19|0x00000000a3300000, 0x00000000a3300000, 0x00000000a3400000|  0%| F|  |TAMS 0x00000000a3300000, 0x00000000a3300000| Untracked 
|  20|0x00000000a3400000, 0x00000000a3400000, 0x00000000a3500000|  0%| F|  |TAMS 0x00000000a3400000, 0x00000000a3400000| Untracked 
|  21|0x00000000a3500000, 0x00000000a3500000, 0x00000000a3600000|  0%| F|  |TAMS 0x00000000a3500000, 0x00000000a3500000| Untracked 
|  22|0x00000000a3600000, 0x00000000a3600000, 0x00000000a3700000|  0%| F|  |TAMS 0x00000000a3600000, 0x00000000a3600000| Untracked 
|  23|0x00000000a3700000, 0x00000000a3700000, 0x00000000a3800000|  0%| F|  |TAMS 0x00000000a3700000, 0x00000000a3700000| Untracked 
|  24|0x00000000a3800000, 0x00000000a3800000, 0x00000000a3900000|  0%| F|  |TAMS 0x00000000a3800000, 0x00000000a3800000| Untracked 
|  25|0x00000000a3900000, 0x00000000a3900000, 0x00000000a3a00000|  0%| F|  |TAMS 0x00000000a3900000, 0x00000000a3900000| Untracked 
|  26|0x00000000a3a00000, 0x00000000a3a00000, 0x00000000a3b00000|  0%| F|  |TAMS 0x00000000a3a00000, 0x00000000a3a00000| Untracked 
|  27|0x00000000a3b00000, 0x00000000a3b00000, 0x00000000a3c00000|  0%| F|  |TAMS 0x00000000a3b00000, 0x00000000a3b00000| Untracked 
|  28|0x00000000a3c00000, 0x00000000a3c00000, 0x00000000a3d00000|  0%| F|  |TAMS 0x00000000a3c00000, 0x00000000a3c00000| Untracked 
|  29|0x00000000a3d00000, 0x00000000a3d00000, 0x00000000a3e00000|  0%| F|  |TAMS 0x00000000a3d00000, 0x00000000a3d00000| Untracked 
|  30|0x00000000a3e00000, 0x00000000a3e00000, 0x00000000a3f00000|  0%| F|  |TAMS 0x00000000a3e00000, 0x00000000a3e00000| Untracked 
|  31|0x00000000a3f00000, 0x00000000a3f00000, 0x00000000a4000000|  0%| F|  |TAMS 0x00000000a3f00000, 0x00000000a3f00000| Untracked 
|  32|0x00000000a4000000, 0x00000000a4000000, 0x00000000a4100000|  0%| F|  |TAMS 0x00000000a4000000, 0x00000000a4000000| Untracked 
|  33|0x00000000a4100000, 0x00000000a4100000, 0x00000000a4200000|  0%| F|  |TAMS 0x00000000a4100000, 0x00000000a4100000| Untracked 
|  34|0x00000000a4200000, 0x00000000a4200000, 0x00000000a4300000|  0%| F|  |TAMS 0x00000000a4200000, 0x00000000a4200000| Untracked 
|  35|0x00000000a4300000, 0x00000000a4300000, 0x00000000a4400000|  0%| F|  |TAMS 0x00000000a4300000, 0x00000000a4300000| Untracked 
|  36|0x00000000a4400000, 0x00000000a4400000, 0x00000000a4500000|  0%| F|  |TAMS 0x00000000a4400000, 0x00000000a4400000| Untracked 
|  37|0x00000000a4500000, 0x00000000a4500000, 0x00000000a4600000|  0%| F|  |TAMS 0x00000000a4500000, 0x00000000a4500000| Untracked 
|  38|0x00000000a4600000, 0x00000000a4600000, 0x00000000a4700000|  0%| F|  |TAMS 0x00000000a4600000, 0x00000000a4600000| Untracked 
|  39|0x00000000a4700000, 0x00000000a4700000, 0x00000000a4800000|  0%| F|  |TAMS 0x00000000a4700000, 0x00000000a4700000| Untracked 
|  40|0x00000000a4800000, 0x00000000a4800000, 0x00000000a4900000|  0%| F|  |TAMS 0x00000000a4800000, 0x00000000a4800000| Untracked 
|  41|0x00000000a4900000, 0x00000000a4900000, 0x00000000a4a00000|  0%| F|  |TAMS 0x00000000a4900000, 0x00000000a4900000| Untracked 
|  42|0x00000000a4a00000, 0x00000000a4a00000, 0x00000000a4b00000|  0%| F|  |TAMS 0x00000000a4a00000, 0x00000000a4a00000| Untracked 
|  43|0x00000000a4b00000, 0x00000000a4b00000, 0x00000000a4c00000|  0%| F|  |TAMS 0x00000000a4b00000, 0x00000000a4b00000| Untracked 
|  44|0x00000000a4c00000, 0x00000000a4c00000, 0x00000000a4d00000|  0%| F|  |TAMS 0x00000000a4c00000, 0x00000000a4c00000| Untracked 
|  45|0x00000000a4d00000, 0x00000000a4d00000, 0x00000000a4e00000|  0%| F|  |TAMS 0x00000000a4d00000, 0x00000000a4d00000| Untracked 
|  46|0x00000000a4e00000, 0x00000000a4e00000, 0x00000000a4f00000|  0%| F|  |TAMS 0x00000000a4e00000, 0x00000000a4e00000| Untracked 
|  47|0x00000000a4f00000, 0x00000000a4f00000, 0x00000000a5000000|  0%| F|  |TAMS 0x00000000a4f00000, 0x00000000a4f00000| Untracked 
|  48|0x00000000a5000000, 0x00000000a5000000, 0x00000000a5100000|  0%| F|  |TAMS 0x00000000a5000000, 0x00000000a5000000| Untracked 
|  49|0x00000000a5100000, 0x00000000a5100000, 0x00000000a5200000|  0%| F|  |TAMS 0x00000000a5100000, 0x00000000a5100000| Untracked 
|  50|0x00000000a5200000, 0x00000000a5200000, 0x00000000a5300000|  0%| F|  |TAMS 0x00000000a5200000, 0x00000000a5200000| Untracked 
|  51|0x00000000a5300000, 0x00000000a5300000, 0x00000000a5400000|  0%| F|  |TAMS 0x00000000a5300000, 0x00000000a5300000| Untracked 
|  52|0x00000000a5400000, 0x00000000a5400000, 0x00000000a5500000|  0%| F|  |TAMS 0x00000000a5400000, 0x00000000a5400000| Untracked 
|  53|0x00000000a5500000, 0x00000000a5500000, 0x00000000a5600000|  0%| F|  |TAMS 0x00000000a5500000, 0x00000000a5500000| Untracked 
|  54|0x00000000a5600000, 0x00000000a5600000, 0x00000000a5700000|  0%| F|  |TAMS 0x00000000a5600000, 0x00000000a5600000| Untracked 
|  55|0x00000000a5700000, 0x00000000a5700000, 0x00000000a5800000|  0%| F|  |TAMS 0x00000000a5700000, 0x00000000a5700000| Untracked 
|  56|0x00000000a5800000, 0x00000000a5800000, 0x00000000a5900000|  0%| F|  |TAMS 0x00000000a5800000, 0x00000000a5800000| Untracked 
|  57|0x00000000a5900000, 0x00000000a5900000, 0x00000000a5a00000|  0%| F|  |TAMS 0x00000000a5900000, 0x00000000a5900000| Untracked 
|  58|0x00000000a5a00000, 0x00000000a5a00000, 0x00000000a5b00000|  0%| F|  |TAMS 0x00000000a5a00000, 0x00000000a5a00000| Untracked 
|  59|0x00000000a5b00000, 0x00000000a5c00000, 0x00000000a5c00000|100%| E|  |TAMS 0x00000000a5b00000, 0x00000000a5b00000| Complete 
|  60|0x00000000a5c00000, 0x00000000a5d00000, 0x00000000a5d00000|100%| E|CS|TAMS 0x00000000a5c00000, 0x00000000a5c00000| Complete 
|  61|0x00000000a5d00000, 0x00000000a5e00000, 0x00000000a5e00000|100%| E|CS|TAMS 0x00000000a5d00000, 0x00000000a5d00000| Complete 
|  62|0x00000000a5e00000, 0x00000000a5f00000, 0x00000000a5f00000|100%| E|CS|TAMS 0x00000000a5e00000, 0x00000000a5e00000| Complete 
|  63|0x00000000a5f00000, 0x00000000a6000000, 0x00000000a6000000|100%| E|CS|TAMS 0x00000000a5f00000, 0x00000000a5f00000| Complete 
|  64|0x00000000a6000000, 0x00000000a6100000, 0x00000000a6100000|100%| E|CS|TAMS 0x00000000a6000000, 0x00000000a6000000| Complete 
|  65|0x00000000a6100000, 0x00000000a6200000, 0x00000000a6200000|100%| E|CS|TAMS 0x00000000a6100000, 0x00000000a6100000| Complete 
|  66|0x00000000a6200000, 0x00000000a6300000, 0x00000000a6300000|100%| E|CS|TAMS 0x00000000a6200000, 0x00000000a6200000| Complete 
|  67|0x00000000a6300000, 0x00000000a6400000, 0x00000000a6400000|100%| E|CS|TAMS 0x00000000a6300000, 0x00000000a6300000| Complete 
|  68|0x00000000a6400000, 0x00000000a6500000, 0x00000000a6500000|100%| E|CS|TAMS 0x00000000a6400000, 0x00000000a6400000| Complete 
|  69|0x00000000a6500000, 0x00000000a6600000, 0x00000000a6600000|100%| E|CS|TAMS 0x00000000a6500000, 0x00000000a6500000| Complete 
|  70|0x00000000a6600000, 0x00000000a6700000, 0x00000000a6700000|100%| E|CS|TAMS 0x00000000a6600000, 0x00000000a6600000| Complete 
|  71|0x00000000a6700000, 0x00000000a6800000, 0x00000000a6800000|100%| E|CS|TAMS 0x00000000a6700000, 0x00000000a6700000| Complete 
|  72|0x00000000a6800000, 0x00000000a6900000, 0x00000000a6900000|100%| E|CS|TAMS 0x00000000a6800000, 0x00000000a6800000| Complete 
|  73|0x00000000a6900000, 0x00000000a6a00000, 0x00000000a6a00000|100%| E|CS|TAMS 0x00000000a6900000, 0x00000000a6900000| Complete 
|  74|0x00000000a6a00000, 0x00000000a6b00000, 0x00000000a6b00000|100%| E|CS|TAMS 0x00000000a6a00000, 0x00000000a6a00000| Complete 
|  75|0x00000000a6b00000, 0x00000000a6c00000, 0x00000000a6c00000|100%| E|CS|TAMS 0x00000000a6b00000, 0x00000000a6b00000| Complete 
|  76|0x00000000a6c00000, 0x00000000a6d00000, 0x00000000a6d00000|100%| E|CS|TAMS 0x00000000a6c00000, 0x00000000a6c00000| Complete 
|  77|0x00000000a6d00000, 0x00000000a6e00000, 0x00000000a6e00000|100%| E|CS|TAMS 0x00000000a6d00000, 0x00000000a6d00000| Complete 
|  78|0x00000000a6e00000, 0x00000000a6f00000, 0x00000000a6f00000|100%| E|CS|TAMS 0x00000000a6e00000, 0x00000000a6e00000| Complete 
|  79|0x00000000a6f00000, 0x00000000a7000000, 0x00000000a7000000|100%| E|CS|TAMS 0x00000000a6f00000, 0x00000000a6f00000| Complete 
|  80|0x00000000a7000000, 0x00000000a7100000, 0x00000000a7100000|100%| E|CS|TAMS 0x00000000a7000000, 0x00000000a7000000| Complete 
|  81|0x00000000a7100000, 0x00000000a7200000, 0x00000000a7200000|100%| E|CS|TAMS 0x00000000a7100000, 0x00000000a7100000| Complete 
|  82|0x00000000a7200000, 0x00000000a7300000, 0x00000000a7300000|100%| E|CS|TAMS 0x00000000a7200000, 0x00000000a7200000| Complete 
|  83|0x00000000a7300000, 0x00000000a7400000, 0x00000000a7400000|100%| E|CS|TAMS 0x00000000a7300000, 0x00000000a7300000| Complete 
|  84|0x00000000a7400000, 0x00000000a7500000, 0x00000000a7500000|100%| E|CS|TAMS 0x00000000a7400000, 0x00000000a7400000| Complete 
|  85|0x00000000a7500000, 0x00000000a7600000, 0x00000000a7600000|100%| E|CS|TAMS 0x00000000a7500000, 0x00000000a7500000| Complete 
|  86|0x00000000a7600000, 0x00000000a7700000, 0x00000000a7700000|100%| E|CS|TAMS 0x00000000a7600000, 0x00000000a7600000| Complete 
|  87|0x00000000a7700000, 0x00000000a7800000, 0x00000000a7800000|100%| E|CS|TAMS 0x00000000a7700000, 0x00000000a7700000| Complete 
|  88|0x00000000a7800000, 0x00000000a7900000, 0x00000000a7900000|100%| E|CS|TAMS 0x00000000a7800000, 0x00000000a7800000| Complete 
|  89|0x00000000a7900000, 0x00000000a7a00000, 0x00000000a7a00000|100%| E|CS|TAMS 0x00000000a7900000, 0x00000000a7900000| Complete 
|  90|0x00000000a7a00000, 0x00000000a7b00000, 0x00000000a7b00000|100%| E|CS|TAMS 0x00000000a7a00000, 0x00000000a7a00000| Complete 
|  91|0x00000000a7b00000, 0x00000000a7c00000, 0x00000000a7c00000|100%| E|CS|TAMS 0x00000000a7b00000, 0x00000000a7b00000| Complete 
|  92|0x00000000a7c00000, 0x00000000a7cbee30, 0x00000000a7d00000| 74%| S|CS|TAMS 0x00000000a7c00000, 0x00000000a7c00000| Complete 
|  93|0x00000000a7d00000, 0x00000000a7e00000, 0x00000000a7e00000|100%| S|CS|TAMS 0x00000000a7d00000, 0x00000000a7d00000| Complete 
|  94|0x00000000a7e00000, 0x00000000a7f00000, 0x00000000a7f00000|100%| S|CS|TAMS 0x00000000a7e00000, 0x00000000a7e00000| Complete 
|  95|0x00000000a7f00000, 0x00000000a8000000, 0x00000000a8000000|100%| S|CS|TAMS 0x00000000a7f00000, 0x00000000a7f00000| Complete 
|  96|0x00000000a8000000, 0x00000000a8100000, 0x00000000a8100000|100%| S|CS|TAMS 0x00000000a8000000, 0x00000000a8000000| Complete 
|  97|0x00000000a8100000, 0x00000000a8200000, 0x00000000a8200000|100%| E|CS|TAMS 0x00000000a8100000, 0x00000000a8100000| Complete 
|  98|0x00000000a8200000, 0x00000000a8300000, 0x00000000a8300000|100%| E|CS|TAMS 0x00000000a8200000, 0x00000000a8200000| Complete 
|  99|0x00000000a8300000, 0x00000000a8400000, 0x00000000a8400000|100%| E|CS|TAMS 0x00000000a8300000, 0x00000000a8300000| Complete 
| 100|0x00000000a8400000, 0x00000000a8500000, 0x00000000a8500000|100%| E|CS|TAMS 0x00000000a8400000, 0x00000000a8400000| Complete 
| 101|0x00000000a8500000, 0x00000000a8600000, 0x00000000a8600000|100%| E|CS|TAMS 0x00000000a8500000, 0x00000000a8500000| Complete 
| 102|0x00000000a8600000, 0x00000000a8700000, 0x00000000a8700000|100%| E|CS|TAMS 0x00000000a8600000, 0x00000000a8600000| Complete 
| 103|0x00000000a8700000, 0x00000000a8800000, 0x00000000a8800000|100%| E|CS|TAMS 0x00000000a8700000, 0x00000000a8700000| Complete 
| 104|0x00000000a8800000, 0x00000000a8900000, 0x00000000a8900000|100%| E|CS|TAMS 0x00000000a8800000, 0x00000000a8800000| Complete 
| 105|0x00000000a8900000, 0x00000000a8a00000, 0x00000000a8a00000|100%| E|CS|TAMS 0x00000000a8900000, 0x00000000a8900000| Complete 
| 106|0x00000000a8a00000, 0x00000000a8b00000, 0x00000000a8b00000|100%| E|CS|TAMS 0x00000000a8a00000, 0x00000000a8a00000| Complete 
| 107|0x00000000a8b00000, 0x00000000a8c00000, 0x00000000a8c00000|100%| E|CS|TAMS 0x00000000a8b00000, 0x00000000a8b00000| Complete 
| 108|0x00000000a8c00000, 0x00000000a8d00000, 0x00000000a8d00000|100%| E|CS|TAMS 0x00000000a8c00000, 0x00000000a8c00000| Complete 
| 109|0x00000000a8d00000, 0x00000000a8e00000, 0x00000000a8e00000|100%| E|CS|TAMS 0x00000000a8d00000, 0x00000000a8d00000| Complete 
| 110|0x00000000a8e00000, 0x00000000a8f00000, 0x00000000a8f00000|100%| E|CS|TAMS 0x00000000a8e00000, 0x00000000a8e00000| Complete 
| 111|0x00000000a8f00000, 0x00000000a9000000, 0x00000000a9000000|100%| E|CS|TAMS 0x00000000a8f00000, 0x00000000a8f00000| Complete 
| 112|0x00000000a9000000, 0x00000000a9100000, 0x00000000a9100000|100%| E|CS|TAMS 0x00000000a9000000, 0x00000000a9000000| Complete 
| 113|0x00000000a9100000, 0x00000000a9200000, 0x00000000a9200000|100%| E|CS|TAMS 0x00000000a9100000, 0x00000000a9100000| Complete 
| 114|0x00000000a9200000, 0x00000000a9300000, 0x00000000a9300000|100%| E|CS|TAMS 0x00000000a9200000, 0x00000000a9200000| Complete 

Card table byte_map: [0x0000029bbaa60000,0x0000029bbad50000] _byte_map_base: 0x0000029bba550000

Marking Bits (Prev, Next): (CMBitMap*) 0x0000029ba79dc6f0, (CMBitMap*) 0x0000029ba79dc6b8
 Prev Bits: [0x0000029bbc7c0000, 0x0000029bbdf40000)
 Next Bits: [0x0000029bbb040000, 0x0000029bbc7c0000)

Polling page: 0x0000029ba7170000

Metaspace:

Usage:
  Non-class:     23.63 MB capacity,    23.07 MB ( 98%) used,   460.73 KB (  2%) free+waste,   103.56 KB ( <1%) overhead. 
      Class:      3.82 MB capacity,     3.44 MB ( 90%) used,   331.99 KB (  8%) free+waste,    51.00 KB (  1%) overhead. 
       Both:     27.44 MB capacity,    26.52 MB ( 97%) used,   792.72 KB (  3%) free+waste,   154.56 KB ( <1%) overhead. 

Virtual space:
  Non-class space:       24.00 MB reserved,      23.75 MB ( 99%) committed 
      Class space:        1.00 GB reserved,       3.88 MB ( <1%) committed 
             Both:        1.02 GB reserved,      27.63 MB (  3%) committed 

Chunk freelists:
   Non-Class:  63.00 KB
       Class:  28.00 KB
        Both:  91.00 KB

MaxMetaspaceSize: 17179869184.00 GB
CompressedClassSpaceSize: 1.00 GB

CodeHeap 'non-profiled nmethods': size=120064Kb used=1656Kb max_used=1656Kb free=118407Kb
 bounds [0x0000029bb3520000, 0x0000029bb3790000, 0x0000029bbaa60000]
CodeHeap 'profiled nmethods': size=120000Kb used=8285Kb max_used=8285Kb free=111714Kb
 bounds [0x0000029babff0000, 0x0000029bac810000, 0x0000029bb3520000]
CodeHeap 'non-nmethods': size=5696Kb used=1155Kb max_used=1194Kb free=4541Kb
 bounds [0x0000029baba60000, 0x0000029babcd0000, 0x0000029babff0000]
 total_blobs=4965 nmethods=3369 adapters=397
 compilation: enabled
              stopped_count=0, restarted_count=0
 full_count=0

Compilation events (20 events):
Event: 25.355 Thread 0x0000029bc033d800 3400       3       org.springframework.transaction.annotation.AnnotationTransactionAttributeSource::findTransactionAttribute (6 bytes)
Event: 25.355 Thread 0x0000029bc033d800 nmethod 3400 0x0000029bac7ef890 code [0x0000029bac7efa40, 0x0000029bac7efc10]
Event: 25.357 Thread 0x0000029bc033d800 3401       3       org.springframework.core.BridgeMethodResolver$$Lambda$367/0x00000008402dc840::matches (9 bytes)
Event: 25.358 Thread 0x0000029bc033d800 nmethod 3401 0x0000029bac7efd10 code [0x0000029bac7efee0, 0x0000029bac7f00f0]
Event: 25.365 Thread 0x0000029bc033d800 3402   !   3       org.springframework.core.annotation.AnnotationsScanner::processMethodInheritedAnnotations (39 bytes)
Event: 25.365 Thread 0x0000029bc033d800 nmethod 3402 0x0000029bac7f0210 code [0x0000029bac7f0400, 0x0000029bac7f0750]
Event: 25.399 Thread 0x0000029bc033d800 3404       3       java.util.Properties::loadConvert (524 bytes)
Event: 25.402 Thread 0x0000029bc033d800 nmethod 3404 0x0000029bac7f0910 code [0x0000029bac7f0c40, 0x0000029bac7f2340]
Event: 25.402 Thread 0x0000029bc033d800 3405 %     3       java.util.Properties::load0 @ 29 (249 bytes)
Event: 25.404 Thread 0x0000029bc033d800 nmethod 3405% 0x0000029bac7f2a90 code [0x0000029bac7f2d00, 0x0000029bac7f38f0]
Event: 25.404 Thread 0x0000029bc033d800 3406       3       java.util.Properties::load0 (249 bytes)
Event: 25.406 Thread 0x0000029bc033d800 nmethod 3406 0x0000029bac7f3c90 code [0x0000029bac7f3ee0, 0x0000029bac7f49b0]
Event: 25.412 Thread 0x0000029bc033d800 3407 %     3       sun.nio.cs.UTF_8$Decoder::decodeArrayLoop @ 73 (691 bytes)
Event: 25.424 Thread 0x0000029bc033d800 nmethod 3407% 0x0000029bac7f4d10 code [0x0000029bac7f56a0, 0x0000029bac7fba10]
Event: 25.424 Thread 0x0000029bc033d800 3408       3       sun.nio.cs.UTF_8$Decoder::decodeArrayLoop (691 bytes)
Event: 25.435 Thread 0x0000029bc033d800 nmethod 3408 0x0000029bac7fd790 code [0x0000029bac7fe160, 0x0000029bac804ab0]
Event: 25.457 Thread 0x0000029bc033d800 3410       3       java.lang.Integer::reverseBytes (26 bytes)
Event: 25.457 Thread 0x0000029bc033d800 nmethod 3410 0x0000029bac806810 code [0x0000029bac8069c0, 0x0000029bac806b38]
Event: 25.459 Thread 0x0000029bc033d800 3412       3       sun.security.provider.SHA::implCompress0 (482 bytes)
Event: 25.460 Thread 0x0000029bc033d800 nmethod 3412 0x0000029bac806c10 code [0x0000029bac806e40, 0x0000029bac807778]

GC Heap History (18 events):
Event: 1.581 GC heap before
{Heap before GC invocations=0 (full 0):
 garbage-first heap   total 96256K, used 7168K [0x00000000a2000000, 0x0000000100000000)
  region size 1024K, 7 young (7168K), 0 survivors (0K)
 Metaspace       used 623K, capacity 4515K, committed 4864K, reserved 1056768K
  class space    used 46K, capacity 398K, committed 512K, reserved 1048576K
}
Event: 1.631 GC heap after
{Heap after GC invocations=1 (full 0):
 garbage-first heap   total 96256K, used 6320K [0x00000000a2000000, 0x0000000100000000)
  region size 1024K, 1 young (1024K), 1 survivors (1024K)
 Metaspace       used 623K, capacity 4515K, committed 4864K, reserved 1056768K
  class space    used 46K, capacity 398K, committed 512K, reserved 1048576K
}
Event: 2.265 GC heap before
{Heap before GC invocations=1 (full 0):
 garbage-first heap   total 96256K, used 9392K [0x00000000a2000000, 0x0000000100000000)
  region size 1024K, 4 young (4096K), 1 survivors (1024K)
 Metaspace       used 1167K, capacity 4763K, committed 4864K, reserved 1056768K
  class space    used 97K, capacity 438K, committed 512K, reserved 1048576K
}
Event: 2.271 GC heap after
{Heap after GC invocations=2 (full 0):
 garbage-first heap   total 96256K, used 7679K [0x00000000a2000000, 0x0000000100000000)
  region size 1024K, 1 young (1024K), 1 survivors (1024K)
 Metaspace       used 1167K, capacity 4763K, committed 4864K, reserved 1056768K
  class space    used 97K, capacity 438K, committed 512K, reserved 1048576K
}
Event: 3.957 GC heap before
{Heap before GC invocations=2 (full 0):
 garbage-first heap   total 96256K, used 15871K [0x00000000a2000000, 0x0000000100000000)
  region size 1024K, 9 young (9216K), 1 survivors (1024K)
 Metaspace       used 2974K, capacity 5630K, committed 5760K, reserved 1056768K
  class space    used 286K, capacity 557K, committed 640K, reserved 1048576K
}
Event: 3.964 GC heap after
{Heap after GC invocations=3 (full 0):
 garbage-first heap   total 96256K, used 8956K [0x00000000a2000000, 0x0000000100000000)
  region size 1024K, 2 young (2048K), 2 survivors (2048K)
 Metaspace       used 2974K, capacity 5630K, committed 5760K, reserved 1056768K
  class space    used 286K, capacity 557K, committed 640K, reserved 1048576K
}
Event: 5.111 GC heap before
{Heap before GC invocations=3 (full 0):
 garbage-first heap   total 96256K, used 20220K [0x00000000a2000000, 0x0000000100000000)
  region size 1024K, 13 young (13312K), 2 survivors (2048K)
 Metaspace       used 5254K, capacity 6987K, committed 7296K, reserved 1056768K
  class space    used 588K, capacity 804K, committed 896K, reserved 1048576K
}
Event: 5.127 GC heap after
{Heap after GC invocations=4 (full 0):
 garbage-first heap   total 96256K, used 9731K [0x00000000a2000000, 0x0000000100000000)
  region size 1024K, 1 young (1024K), 1 survivors (1024K)
 Metaspace       used 5254K, capacity 6987K, committed 7296K, reserved 1056768K
  class space    used 588K, capacity 804K, committed 896K, reserved 1048576K
}
Event: 6.984 GC heap before
{Heap before GC invocations=4 (full 0):
 garbage-first heap   total 96256K, used 26115K [0x00000000a2000000, 0x0000000100000000)
  region size 1024K, 18 young (18432K), 1 survivors (1024K)
 Metaspace       used 8559K, capacity 9347K, committed 9472K, reserved 1056768K
  class space    used 1034K, capacity 1169K, committed 1280K, reserved 1048576K
}
Event: 7.003 GC heap after
{Heap after GC invocations=5 (full 0):
 garbage-first heap   total 96256K, used 10499K [0x00000000a2000000, 0x0000000100000000)
  region size 1024K, 2 young (2048K), 2 survivors (2048K)
 Metaspace       used 8559K, capacity 9347K, committed 9472K, reserved 1056768K
  class space    used 1034K, capacity 1169K, committed 1280K, reserved 1048576K
}
Event: 9.911 GC heap before
{Heap before GC invocations=5 (full 0):
 garbage-first heap   total 96256K, used 37123K [0x00000000a2000000, 0x0000000100000000)
  region size 1024K, 28 young (28672K), 2 survivors (2048K)
 Metaspace       used 11724K, capacity 12270K, committed 12544K, reserved 1060864K
  class space    used 1548K, capacity 1723K, committed 1792K, reserved 1048576K
}
Event: 9.923 GC heap after
{Heap after GC invocations=6 (full 0):
 garbage-first heap   total 96256K, used 11248K [0x00000000a2000000, 0x0000000100000000)
  region size 1024K, 3 young (3072K), 3 survivors (3072K)
 Metaspace       used 11724K, capacity 12270K, committed 12544K, reserved 1060864K
  class space    used 1548K, capacity 1723K, committed 1792K, reserved 1048576K
}
Event: 15.412 GC heap before
{Heap before GC invocations=6 (full 0):
 garbage-first heap   total 96256K, used 51184K [0x00000000a2000000, 0x0000000100000000)
  region size 1024K, 42 young (43008K), 3 survivors (3072K)
 Metaspace       used 17876K, capacity 18482K, committed 18688K, reserved 1064960K
  class space    used 2299K, capacity 2536K, committed 2560K, reserved 1048576K
}
Event: 15.436 GC heap after
{Heap after GC invocations=7 (full 0):
 garbage-first heap   total 96256K, used 12409K [0x00000000a2000000, 0x0000000100000000)
  region size 1024K, 4 young (4096K), 4 survivors (4096K)
 Metaspace       used 17876K, capacity 18482K, committed 18688K, reserved 1064960K
  class space    used 2299K, capacity 2536K, committed 2560K, reserved 1048576K
}
Event: 17.439 GC heap before
{Heap before GC invocations=7 (full 0):
 garbage-first heap   total 96256K, used 64633K [0x00000000a2000000, 0x0000000100000000)
  region size 1024K, 56 young (57344K), 4 survivors (4096K)
 Metaspace       used 19305K, capacity 19918K, committed 20224K, reserved 1067008K
  class space    used 2447K, capacity 2693K, committed 2816K, reserved 1048576K
}
Event: 17.455 GC heap after
{Heap after GC invocations=8 (full 0):
 garbage-first heap   total 117760K, used 13346K [0x00000000a2000000, 0x0000000100000000)
  region size 1024K, 5 young (5120K), 5 survivors (5120K)
 Metaspace       used 19305K, capacity 19918K, committed 20224K, reserved 1067008K
  class space    used 2447K, capacity 2693K, committed 2816K, reserved 1048576K
}
Event: 18.602 GC heap before
{Heap before GC invocations=8 (full 0):
 garbage-first heap   total 117760K, used 30754K [0x00000000a2000000, 0x0000000100000000)
  region size 1024K, 23 young (23552K), 5 survivors (5120K)
 Metaspace       used 20325K, capacity 20994K, committed 21248K, reserved 1067008K
  class space    used 2567K, capacity 2810K, committed 2816K, reserved 1048576K
}
Event: 18.623 GC heap after
{Heap after GC invocations=9 (full 0):
 garbage-first heap   total 117760K, used 13809K [0x00000000a2000000, 0x0000000100000000)
  region size 1024K, 5 young (5120K), 5 survivors (5120K)
 Metaspace       used 20325K, capacity 20994K, committed 21248K, reserved 1067008K
  class space    used 2567K, capacity 2810K, committed 2816K, reserved 1048576K
}

Deoptimization events (20 events):
Event: 25.315 Thread 0x0000029ba79a7000 DEOPT PACKING pc=0x0000029bb35f1bc4 sp=0x000000ec3abfc4a0
Event: 25.315 Thread 0x0000029ba79a7000 DEOPT UNPACKING pc=0x0000029baba88429 sp=0x000000ec3abfc408 mode 2
Event: 25.360 Thread 0x0000029ba79a7000 Uncommon trap: trap_request=0xffffffde fr.pc=0x0000029bb367c3f4 relative=0x0000000000006474
Event: 25.360 Thread 0x0000029ba79a7000 Uncommon trap: reason=class_check action=maybe_recompile pc=0x0000029bb367c3f4 method=org.springframework.core.ResolvableType.resolveType()Lorg/springframework/core/ResolvableType; @ 101 c2
Event: 25.360 Thread 0x0000029ba79a7000 DEOPT PACKING pc=0x0000029bb367c3f4 sp=0x000000ec3abfcc30
Event: 25.360 Thread 0x0000029ba79a7000 DEOPT UNPACKING pc=0x0000029baba88429 sp=0x000000ec3abfcc48 mode 2
Event: 25.387 Thread 0x0000029ba79a7000 Uncommon trap: trap_request=0xffffff4d fr.pc=0x0000029bb36192a0 relative=0x0000000000000260
Event: 25.387 Thread 0x0000029ba79a7000 Uncommon trap: reason=unstable_if action=reinterpret pc=0x0000029bb36192a0 method=java.util.LinkedHashMap.get(Ljava/lang/Object;)Ljava/lang/Object; @ 20 c2
Event: 25.387 Thread 0x0000029ba79a7000 DEOPT PACKING pc=0x0000029bb36192a0 sp=0x000000ec3abfe8a0
Event: 25.387 Thread 0x0000029ba79a7000 DEOPT UNPACKING pc=0x0000029baba88429 sp=0x000000ec3abfe858 mode 2
Event: 25.399 Thread 0x0000029ba79a7000 DEOPT PACKING pc=0x0000029bac7dcfe1 sp=0x000000ec3abfe350
Event: 25.399 Thread 0x0000029ba79a7000 DEOPT UNPACKING pc=0x0000029baba8823f sp=0x000000ec3abfd830 mode 0
Event: 25.399 Thread 0x0000029ba79a7000 Uncommon trap: trap_request=0xffffff4d fr.pc=0x0000029bb36aa56c relative=0x00000000000004ac
Event: 25.399 Thread 0x0000029ba79a7000 Uncommon trap: reason=unstable_if action=reinterpret pc=0x0000029bb36aa56c method=java.util.Properties.loadConvert([CIILjava/lang/StringBuilder;)Ljava/lang/String; @ 26 c2
Event: 25.399 Thread 0x0000029ba79a7000 DEOPT PACKING pc=0x0000029bb36aa56c sp=0x000000ec3abfe390
Event: 25.399 Thread 0x0000029ba79a7000 DEOPT UNPACKING pc=0x0000029baba88429 sp=0x000000ec3abfe350 mode 2
Event: 25.406 Thread 0x0000029ba79a7000 DEOPT PACKING pc=0x0000029bac7f1ee6 sp=0x000000ec3abfe2f0
Event: 25.406 Thread 0x0000029ba79a7000 DEOPT UNPACKING pc=0x0000029baba8823f sp=0x000000ec3abfd808 mode 0
Event: 25.406 Thread 0x0000029ba79a7000 DEOPT PACKING pc=0x0000029bac7dcfe1 sp=0x000000ec3abfe320
Event: 25.407 Thread 0x0000029ba79a7000 DEOPT UNPACKING pc=0x0000029baba8823f sp=0x000000ec3abfd7f8 mode 0

Classes redefined (0 events):
No events

Internal exceptions (20 events):
Event: 24.329 Thread 0x0000029ba79a7000 Exception <a 'java/lang/ClassNotFoundException'{0x00000000a6737818}: org/springframework/beans/factory/config/SmartInstantiationAwareBeanPostProcessorCustomizer> (0x00000000a6737818) thrown at [c:/BuildAgent/work/5ff2f6c26000d570/src/hotspot/share/classfi
Event: 24.331 Thread 0x0000029ba79a7000 Exception <a 'java/lang/ClassNotFoundException'{0x00000000a674e7e0}: org/springframework/beans/factory/config/InstantiationAwareBeanPostProcessorCustomizer> (0x00000000a674e7e0) thrown at [c:/BuildAgent/work/5ff2f6c26000d570/src/hotspot/share/classfile/sy
Event: 24.332 Thread 0x0000029ba79a7000 Exception <a 'java/lang/ClassNotFoundException'{0x00000000a6762eb8}: org/springframework/beans/factory/config/BeanPostProcessorCustomizer> (0x00000000a6762eb8) thrown at [c:/BuildAgent/work/5ff2f6c26000d570/src/hotspot/share/classfile/systemDictionary.cpp
Event: 24.334 Thread 0x0000029ba79a7000 Exception <a 'java/lang/ClassNotFoundException'{0x00000000a6774070}: org/springframework/beans/factory/BeanFactoryAwareCustomizer> (0x00000000a6774070) thrown at [c:/BuildAgent/work/5ff2f6c26000d570/src/hotspot/share/classfile/systemDictionary.cpp, line 2
Event: 24.335 Thread 0x0000029ba79a7000 Exception <a 'java/lang/ClassNotFoundException'{0x00000000a6783688}: org/springframework/beans/factory/AwareCustomizer> (0x00000000a6783688) thrown at [c:/BuildAgent/work/5ff2f6c26000d570/src/hotspot/share/classfile/systemDictionary.cpp, line 231]
Event: 24.336 Thread 0x0000029ba79a7000 Exception <a 'java/lang/ClassNotFoundException'{0x00000000a6790730}: org/springframework/core/OrderedCustomizer> (0x00000000a6790730) thrown at [c:/BuildAgent/work/5ff2f6c26000d570/src/hotspot/share/classfile/systemDictionary.cpp, line 231]
Event: 24.339 Thread 0x0000029ba79a7000 Exception <a 'java/lang/ClassNotFoundException'{0x00000000a67a10c8}: org/springframework/beans/factory/BeanClassLoaderAwareCustomizer> (0x00000000a67a10c8) thrown at [c:/BuildAgent/work/5ff2f6c26000d570/src/hotspot/share/classfile/systemDictionary.cpp, li
Event: 24.340 Thread 0x0000029ba79a7000 Exception <a 'java/lang/ClassNotFoundException'{0x00000000a67afb10}: org/springframework/beans/factory/AwareCustomizer> (0x00000000a67afb10) thrown at [c:/BuildAgent/work/5ff2f6c26000d570/src/hotspot/share/classfile/systemDictionary.cpp, line 231]
Event: 24.341 Thread 0x0000029ba79a7000 Exception <a 'java/lang/ClassNotFoundException'{0x00000000a67bf968}: org/springframework/aop/framework/AopInfrastructureBeanCustomizer> (0x00000000a67bf968) thrown at [c:/BuildAgent/work/5ff2f6c26000d570/src/hotspot/share/classfile/systemDictionary.cpp, l
Event: 24.466 Thread 0x0000029ba79a7000 Exception <a 'java/lang/ClassNotFoundException'{0x00000000a650f1c0}: java/lang/ObjectCustomizer> (0x00000000a650f1c0) thrown at [c:/BuildAgent/work/5ff2f6c26000d570/src/hotspot/share/classfile/systemDictionary.cpp, line 231]
Event: 24.470 Thread 0x0000029ba79a7000 Exception <a 'java/lang/ClassNotFoundException'{0x00000000a6526758}: org/springframework/transaction/annotation/AbstractTransactionManagementConfigurationCustomizer> (0x00000000a6526758) thrown at [c:/BuildAgent/work/5ff2f6c26000d570/src/hotspot/share/cla
Event: 24.473 Thread 0x0000029ba79a7000 Exception <a 'java/lang/ClassNotFoundException'{0x00000000a653cde0}: org/springframework/transaction/annotation/ProxyTransactionManagementConfigurationCustomizer> (0x00000000a653cde0) thrown at [c:/BuildAgent/work/5ff2f6c26000d570/src/hotspot/share/classf
Event: 24.478 Thread 0x0000029ba79a7000 Exception <a 'java/lang/ClassNotFoundException'{0x00000000a65506f0}: org/springframework/context/annotation/ImportAwareCustomizer> (0x00000000a65506f0) thrown at [c:/BuildAgent/work/5ff2f6c26000d570/src/hotspot/share/classfile/systemDictionary.cpp, line 2
Event: 24.480 Thread 0x0000029ba79a7000 Exception <a 'java/lang/ClassNotFoundException'{0x00000000a655f678}: org/springframework/beans/factory/AwareCustomizer> (0x00000000a655f678) thrown at [c:/BuildAgent/work/5ff2f6c26000d570/src/hotspot/share/classfile/systemDictionary.cpp, line 231]
Event: 24.830 Thread 0x0000029ba79a7000 Exception <a 'java/lang/NoSuchMethodError'{0x00000000a625fb58}: 'int java.lang.invoke.DirectMethodHandle$Holder.invokeSpecial(java.lang.Object, java.lang.Object, java.lang.Object, java.lang.Object, java.lang.Object)'> (0x00000000a625fb58) thrown at [c:/Bu
Event: 25.084 Thread 0x0000029ba79a7000 Exception <a 'java/lang/NoSuchMethodError'{0x00000000a5fb7a80}: 'void java.lang.invoke.DirectMethodHandle$Holder.invokeInterface(java.lang.Object, java.lang.Object, int)'> (0x00000000a5fb7a80) thrown at [c:/BuildAgent/work/5ff2f6c26000d570/src/hotspot/sha
Event: 25.106 Thread 0x0000029ba79a7000 Exception <a 'java/lang/NoSuchMethodError'{0x00000000a5ffc180}: 'void java.lang.invoke.DirectMethodHandle$Holder.invokeStatic(java.lang.Object, int, java.lang.Object)'> (0x00000000a5ffc180) thrown at [c:/BuildAgent/work/5ff2f6c26000d570/src/hotspot/share/
Event: 25.118 Thread 0x0000029ba79a7000 Exception <a 'java/lang/NoSuchMethodError'{0x00000000a5e21660}: 'int java.lang.invoke.DirectMethodHandle$Holder.invokeVirtual(java.lang.Object, java.lang.Object)'> (0x00000000a5e21660) thrown at [c:/BuildAgent/work/5ff2f6c26000d570/src/hotspot/share/inter
Event: 25.120 Thread 0x0000029ba79a7000 Exception <a 'java/lang/NoSuchMethodError'{0x00000000a5e2b370}: 'int java.lang.invoke.DirectMethodHandle$Holder.invokeSpecialIFC(java.lang.Object, java.lang.Object, java.lang.Object, java.lang.Object)'> (0x00000000a5e2b370) thrown at [c:/BuildAgent/work/5
Event: 25.447 Thread 0x0000029ba79a7000 Exception <a 'java/lang/NoSuchMethodError'{0x00000000a5b99978}: 'java.lang.Object java.lang.invoke.DirectMethodHandle$Holder.invokeStaticInit(java.lang.Object, int, int, int, int)'> (0x00000000a5b99978) thrown at [c:/BuildAgent/work/5ff2f6c26000d570/src/h

Events (20 events):
Event: 25.454 loading class java/security/MessageDigestSpi done
Event: 25.454 loading class java/security/MessageDigest done
Event: 25.455 loading class sun/security/provider/SHA
Event: 25.455 loading class sun/security/provider/DigestBase
Event: 25.455 loading class sun/security/provider/DigestBase done
Event: 25.455 loading class sun/security/provider/SHA done
Event: 25.455 loading class java/security/MessageDigest$Delegate
Event: 25.455 loading class sun/security/util/MessageDigestSpi2
Event: 25.456 loading class sun/security/util/MessageDigestSpi2 done
Event: 25.456 loading class java/security/MessageDigest$Delegate done
Event: 25.456 loading class sun/security/provider/SeedGenerator$1
Event: 25.456 loading class sun/security/provider/SeedGenerator$1 done
Event: 25.456 loading class sun/security/provider/ByteArrayAccess
Event: 25.456 loading class sun/security/provider/ByteArrayAccess done
Event: 25.461 loading class java/net/NetworkInterface$1
Event: 25.461 loading class java/net/NetworkInterface$1 done
Event: 25.461 loading class java/net/InterfaceAddress
Event: 25.461 loading class java/net/InterfaceAddress done
Event: 25.462 loading class java/net/DefaultInterface
Event: 25.462 loading class java/net/DefaultInterface done


Dynamic libraries:
0x00007ff7632f0000 - 0x00007ff7632fa000 	C:\Program Files\JetBrains\IntelliJ IDEA Community Edition 2019.3.2\jbr\bin\java.exe
0x00007ff9135b0000 - 0x00007ff91378b000 	C:\Windows\SYSTEM32\ntdll.dll
0x00007ff913070000 - 0x00007ff91311e000 	C:\Windows\System32\KERNEL32.DLL
0x00007ff90fad0000 - 0x00007ff90fd19000 	C:\Windows\System32\KERNELBASE.dll
0x00007ff910260000 - 0x00007ff910356000 	C:\Windows\System32\ucrtbase.dll
0x00007ff8fbb90000 - 0x00007ff8fbba9000 	C:\Program Files\JetBrains\IntelliJ IDEA Community Edition 2019.3.2\jbr\bin\jli.dll
0x00007ff912700000 - 0x00007ff91284a000 	C:\Windows\System32\USER32.dll
0x00007ff90fdf0000 - 0x00007ff90fe0e000 	C:\Windows\System32\win32u.dll
0x00007ff910bc0000 - 0x00007ff910be7000 	C:\Windows\System32\GDI32.dll
0x00007ff90fe10000 - 0x00007ff90ff99000 	C:\Windows\System32\gdi32full.dll
0x00007ff90ffa0000 - 0x00007ff91003a000 	C:\Windows\System32\msvcp_win.dll
0x00007ff8fb170000 - 0x00007ff8fb187000 	C:\Program Files\JetBrains\IntelliJ IDEA Community Edition 2019.3.2\jbr\bin\VCRUNTIME140.dll
0x00007ff9067c0000 - 0x00007ff906a27000 	C:\Windows\WinSxS\amd64_microsoft.windows.common-controls_6595b64144ccf1df_6.0.15063.0_none_108e4f62dfe5d999\COMCTL32.dll
0x00007ff910bf0000 - 0x00007ff910c8d000 	C:\Windows\System32\msvcrt.dll
0x00007ff912400000 - 0x00007ff9126f9000 	C:\Windows\System32\combase.dll
0x00007ff9128e0000 - 0x00007ff912a05000 	C:\Windows\System32\RPCRT4.dll
0x00007ff90fd80000 - 0x00007ff90fdea000 	C:\Windows\System32\bcryptPrimitives.dll
0x00007ff912850000 - 0x00007ff91287d000 	C:\Windows\System32\IMM32.DLL
0x00007ff8f06f0000 - 0x00007ff8f078d000 	C:\Program Files\JetBrains\IntelliJ IDEA Community Edition 2019.3.2\jbr\bin\msvcp140.dll
0x00007ff8ee3b0000 - 0x00007ff8eee6b000 	C:\Program Files\JetBrains\IntelliJ IDEA Community Edition 2019.3.2\jbr\bin\server\jvm.dll
0x00007ff910b10000 - 0x00007ff910bb1000 	C:\Windows\System32\ADVAPI32.dll
0x00007ff912880000 - 0x00007ff9128d9000 	C:\Windows\System32\sechost.dll
0x00007ff910de0000 - 0x00007ff910de8000 	C:\Windows\System32\PSAPI.DLL
0x00007ff8f5310000 - 0x00007ff8f5319000 	C:\Windows\SYSTEM32\WSOCK32.dll
0x00007ff913290000 - 0x00007ff9132fc000 	C:\Windows\System32\WS2_32.dll
0x00007ff90de00000 - 0x00007ff90de23000 	C:\Windows\SYSTEM32\WINMM.dll
0x00007ff901340000 - 0x00007ff90134a000 	C:\Windows\SYSTEM32\VERSION.dll
0x00007ff90dda0000 - 0x00007ff90ddcb000 	C:\Windows\SYSTEM32\WINMMBASE.dll
0x00007ff910040000 - 0x00007ff910089000 	C:\Windows\System32\cfgmgr32.dll
0x00007ff90fab0000 - 0x00007ff90fac1000 	C:\Windows\System32\kernel.appcore.dll
0x00007ff907e80000 - 0x00007ff907e91000 	C:\Program Files\JetBrains\IntelliJ IDEA Community Edition 2019.3.2\jbr\bin\verify.dll
0x00007ff901630000 - 0x00007ff9017d9000 	C:\Windows\SYSTEM32\DBGHELP.DLL
0x00007ff901110000 - 0x00007ff901139000 	C:\Windows\SYSTEM32\dbgcore.DLL
0x00007ff907df0000 - 0x00007ff907e19000 	C:\Program Files\JetBrains\IntelliJ IDEA Community Edition 2019.3.2\jbr\bin\java.dll
0x00007ff9096d0000 - 0x00007ff9096df000 	C:\Program Files\JetBrains\IntelliJ IDEA Community Edition 2019.3.2\jbr\bin\instrument.dll
0x00007ff907e60000 - 0x00007ff907e77000 	C:\Program Files\JetBrains\IntelliJ IDEA Community Edition 2019.3.2\jbr\bin\zip.dll
0x00007ff9087f0000 - 0x00007ff9087fb000 	C:\Program Files\JetBrains\IntelliJ IDEA Community Edition 2019.3.2\jbr\bin\jimage.dll
0x00007ff910df0000 - 0x00007ff912227000 	C:\Windows\System32\SHELL32.dll
0x00007ff913500000 - 0x00007ff9135aa000 	C:\Windows\System32\shcore.dll
0x00007ff910360000 - 0x00007ff910a52000 	C:\Windows\System32\windows.storage.dll
0x00007ff9123a0000 - 0x00007ff9123f1000 	C:\Windows\System32\shlwapi.dll
0x00007ff90fa60000 - 0x00007ff90faac000 	C:\Windows\System32\powrprof.dll
0x00007ff90fa20000 - 0x00007ff90fa35000 	C:\Windows\System32\profapi.dll
0x00007ff907dd0000 - 0x00007ff907dea000 	C:\Program Files\JetBrains\IntelliJ IDEA Community Edition 2019.3.2\jbr\bin\net.dll
0x00007ff903e50000 - 0x00007ff903f27000 	C:\Windows\SYSTEM32\WINHTTP.dll
0x00007ff90f330000 - 0x00007ff90f38c000 	C:\Windows\system32\mswsock.dll
0x00007ff907db0000 - 0x00007ff907dc4000 	C:\Program Files\JetBrains\IntelliJ IDEA Community Edition 2019.3.2\jbr\bin\nio.dll
0x00007ff908030000 - 0x00007ff90804a000 	C:\Program Files\JetBrains\IntelliJ IDEA Community Edition 2019.3.2\bin\breakgen64.dll
0x00007ff907eb0000 - 0x00007ff907eba000 	C:\Program Files\JetBrains\IntelliJ IDEA Community Edition 2019.3.2\jbr\bin\management.dll
0x00007ff907da0000 - 0x00007ff907dac000 	C:\Program Files\JetBrains\IntelliJ IDEA Community Edition 2019.3.2\jbr\bin\management_ext.dll
0x00007ff8ff580000 - 0x00007ff8ff596000 	C:\Windows\system32\napinsp.dll
0x00007ff8ff560000 - 0x00007ff8ff57a000 	C:\Windows\system32\pnrpnsp.dll
0x00007ff90c840000 - 0x00007ff90c858000 	C:\Windows\system32\NLAapi.dll
0x00007ff90f120000 - 0x00007ff90f1c4000 	C:\Windows\SYSTEM32\DNSAPI.dll
0x00007ff9134d0000 - 0x00007ff9134d8000 	C:\Windows\System32\NSI.dll
0x00007ff90f0d0000 - 0x00007ff90f107000 	C:\Windows\SYSTEM32\IPHLPAPI.DLL
0x00007ff8ff550000 - 0x00007ff8ff55e000 	C:\Windows\System32\winrnr.dll
0x00007ff8ff530000 - 0x00007ff8ff545000 	C:\Windows\System32\wshbth.dll
0x00007ff902d90000 - 0x00007ff902d9a000 	C:\Windows\System32\rasadhlp.dll
0x00007ff904270000 - 0x00007ff9042db000 	C:\Windows\System32\fwpuclnt.dll
0x00007ff90f5e0000 - 0x00007ff90f605000 	C:\Windows\SYSTEM32\bcrypt.dll
0x0000000180000000 - 0x0000000180286000 	C:\Users\USER\Desktop\apache-tomcat-8.5.65\bin\tcnative-1.dll
0x00007ff910090000 - 0x00007ff910259000 	C:\Windows\System32\CRYPT32.dll
0x00007ff90fa40000 - 0x00007ff90fa51000 	C:\Windows\System32\MSASN1.dll
0x00007ff90f4d0000 - 0x00007ff90f4e7000 	C:\Windows\SYSTEM32\CRYPTSP.dll
0x00007ff90ef50000 - 0x00007ff90ef84000 	C:\Windows\system32\rsaenh.dll
0x00007ff90f950000 - 0x00007ff90f979000 	C:\Windows\SYSTEM32\USERENV.dll
0x00007ff90f4f0000 - 0x00007ff90f4fb000 	C:\Windows\SYSTEM32\CRYPTBASE.dll
0x00007ff909580000 - 0x00007ff909596000 	C:\Windows\SYSTEM32\dhcpcsvc6.DLL
0x00007ff909560000 - 0x00007ff90957a000 	C:\Windows\SYSTEM32\dhcpcsvc.DLL

dbghelp: loaded successfully - version: 4.0.5 - missing functions: none
symbol engine: initialized successfully - sym options: 0x614 - pdb path: .;C:\Program Files\JetBrains\IntelliJ IDEA Community Edition 2019.3.2\jbr\bin;C:\Windows\SYSTEM32;C:\Windows\WinSxS\amd64_microsoft.windows.common-controls_6595b64144ccf1df_6.0.15063.0_none_108e4f62dfe5d999;C:\Program Files\JetBrains\IntelliJ IDEA Community Edition 2019.3.2\jbr\bin\server;C:\Program Files\JetBrains\IntelliJ IDEA Community Edition 2019.3.2\bin;C:\Users\USER\Desktop\apache-tomcat-8.5.65\bin

VM Arguments:
jvm_args: -javaagent:C:\Program Files\JetBrains\IntelliJ IDEA Community Edition 2019.3.2\lib\idea_rt.jar=55814:C:\Program Files\JetBrains\IntelliJ IDEA Community Edition 2019.3.2\bin -Dfile.encoding=UTF-8 
java_command: com.school.webapp.Application
java_class_path (initial): C:\Users\USER\Documents\My data\openjfx-13.0.2_windows-x64_bin-sdk\javafx-sdk-13.0.2;C:\Users\USER\Desktop\My projects\Spring-web-app-for-school-management-software-\target\classes;C:\Users\USER\.m2\repository\org\springframework\boot\spring-boot-starter-data-jpa\2.2.8.RELEASE\spring-boot-starter-data-jpa-2.2.8.RELEASE.jar;C:\Users\USER\.m2\repository\org\springframework\boot\spring-boot-starter-aop\2.2.8.RELEASE\spring-boot-starter-aop-2.2.8.RELEASE.jar;C:\Users\USER\.m2\repository\org\aspectj\aspectjweaver\1.9.5\aspectjweaver-1.9.5.jar;C:\Users\USER\.m2\repository\org\springframework\boot\spring-boot-starter-jdbc\2.2.8.RELEASE\spring-boot-starter-jdbc-2.2.8.RELEASE.jar;C:\Users\USER\.m2\repository\com\zaxxer\HikariCP\3.4.5\HikariCP-3.4.5.jar;C:\Users\USER\.m2\repository\org\springframework\spring-jdbc\5.2.7.RELEASE\spring-jdbc-5.2.7.RELEASE.jar;C:\Users\USER\.m2\repository\jakarta\persistence\jakarta.persistence-api\2.2.3\jakarta.persistence-api-2.2.3.jar;C:\Users\USER\.m2\repository\jakarta\transaction\jakarta.transaction-api\1.3.3\jakarta.transaction-api-1.3.3.jar;C:\Users\USER\.m2\repository\org\hibernate\hibernate-core\5.4.17.Final\hibernate-core-5.4.17.Final.jar;C:\Users\USER\.m2\repository\org\jboss\logging\jboss-logging\3.4.1.Final\jboss-logging-3.4.1.Final.jar;C:\Users\USER\.m2\repository\org\javassist\javassist\3.24.0-GA\javassist-3.24.0-GA.jar;C:\Users\USER\.m2\repository\net\bytebuddy\byte-buddy\1.10.11\byte-buddy-1.10.11.jar;C:\Users\USER\.m2\repository\antlr\antlr\2.7.7\antlr-2.7.7.jar;C:\Users\USER\.m2\repository\org\jboss\jandex\2.1.3.Final\jandex-2.1.3.Final.jar;C:\Users\USER\.m2\repository\com\fasterxml\classmate\1.5.1\classmate-1.5.1.jar;C:\Users\USER\.m2\repository\org\dom4j\dom4j\2.1.3\dom4j-2.1.3.jar;C:\Users\USER\.m2\repository\org\hibernate\common\hibernate-commons-annotations\5.1.0.Final\hibernate-commons-annotations-5.1.0.Final.jar;C:\Users\USER\.m2\repository\org\glassfish\jaxb\jaxb-runtime\2.3.3\jaxb-runtime-
Launcher Type: SUN_STANDARD

[Global flags]
     intx CICompilerCount                          = 2                                         {product} {ergonomic}
     uint ConcGCThreads                            = 1                                         {product} {ergonomic}
     uint G1ConcRefinementThreads                  = 2                                         {product} {ergonomic}
   size_t G1HeapRegionSize                         = 1048576                                   {product} {ergonomic}
    uintx GCDrainStackTargetSize                   = 64                                        {product} {ergonomic}
   size_t InitialHeapSize                          = 98566144                                  {product} {ergonomic}
   size_t MarkStackSize                            = 4194304                                   {product} {ergonomic}
   size_t MaxHeapSize                              = 1577058304                                {product} {ergonomic}
   size_t MaxNewSize                               = 945815552                                 {product} {ergonomic}
   size_t MinHeapDeltaBytes                        = 1048576                                   {product} {ergonomic}
    uintx NonNMethodCodeHeapSize                   = 5825164                                {pd product} {ergonomic}
    uintx NonProfiledCodeHeapSize                  = 122916538                              {pd product} {ergonomic}
    uintx ProfiledCodeHeapSize                     = 122916538                              {pd product} {ergonomic}
    uintx ReservedCodeCacheSize                    = 251658240                              {pd product} {ergonomic}
     bool SegmentedCodeCache                       = true                                      {product} {ergonomic}
     bool UseCompressedClassPointers               = true                                 {lp64_product} {ergonomic}
     bool UseCompressedOops                        = true                                 {lp64_product} {ergonomic}
     bool UseG1GC                                  = true                                      {product} {ergonomic}
     bool UseLargePagesIndividualAllocation        = false                                  {pd product} {ergonomic}

Logging:
Log output configuration:
 #0: stdout all=warning uptime,level,tags
 #1: stderr all=off uptime,level,tags

Environment Variables:
JAVA_HOME=C:\Program Files\Java
JRE_HOME=C:\Program Files (x86)\Java\jdk1.8.0_291\jre
PATH=C:\Program Files (x86)\Common Files\Oracle\Java\javapath;C:\Program Files\Common Files\Oracle\Java\javapath;C:\Windows\system32;C:\Windows;C:\Windows\System32\Wbem;C:\Windows\System32\WindowsPowerShell\v1.0\;C:\Program Files (x86)\NVIDIA Corporation\PhysX\Common;C:\Program Files\Git\cmd;C:\Users\USER\AppData\Local\Microsoft\WindowsApps;C:\Program Files\JetBrains\IntelliJ IDEA Community Edition 2019.3.2\bin;C:\Users\USER\Desktop\flutter\bin;C:\Users\USER\AppData\Local\Android\Sdk\platform-tools;C:\adb;C:\Users\USER\AppData\Local\Microsoft\WindowsApps;C:\Program Files\JetBrains\IntelliJ IDEA Community Edition 2019.3.2\bin;;C:\Users\USER\Desktop\flutter\bin;C:\Users\USER\Desktop\apache-tomcat-8.5.65\bin;
USERNAME=USER
OS=Windows_NT
PROCESSOR_IDENTIFIER=Intel64 Family 6 Model 23 Stepping 10, GenuineIntel



---------------  S Y S T E M  ---------------

OS: Windows 10 , 64 bit Build 15063 (10.0.15063.0)

CPU:total 2 (initial active 2) (2 cores per cpu, 1 threads per core) family 6 model 23 stepping 10, cmov, cx8, fxsr, mmx, sse, sse2, sse3, ssse3, sse4.1, tsc

Memory: 4k page, system-wide physical 6011M (1678M free)
TotalPageFile size 7478M (AvailPageFile size 19M)
current process WorkingSet (physical memory assigned to process): 206M, peak: 206M
current process commit charge ("private bytes"): 248M, peak: 249M

vm_info: OpenJDK 64-Bit Server VM (11.0.5+10-b520.30) for windows-amd64 JRE (11.0.5+10-b520.30), built on Dec 24 2019 12:06:09 by "" with MS VC++ 14.0 (VS2015)

END.
